{"numTotalTestSuites":36,"numPassedTestSuites":36,"numFailedTestSuites":0,"numPendingTestSuites":0,"numTotalTests":30,"numPassedTests":28,"numFailedTests":0,"numPendingTests":2,"numTodoTests":0,"snapshot":{"added":0,"failure":false,"filesAdded":0,"filesRemoved":0,"filesRemovedList":[],"filesUnmatched":0,"filesUpdated":0,"matched":0,"total":0,"unchecked":0,"uncheckedKeysByFile":[],"unmatched":0,"updated":0,"didUpdate":false},"startTime":1758145560208,"success":true,"testResults":[{"assertionResults":[{"ancestorTitles":["position-store-fs sanity"],"fullName":"position-store-fs sanity saves and loads a position","status":"passed","title":"saves and loads a position","duration":28.591300000000047,"failureMessages":[],"meta":{}}],"startTime":1758145563645,"endTime":1758145563673.5913,"status":"passed","message":"","name":"C:/Users/Admin/dev/zaif-trade-bot/__tests__/unit/adapters/position-store-fs.sanity.test.ts"},{"assertionResults":[{"ancestorTitles":["BaseService"],"fullName":"BaseService withRetry retries and eventually succeeds","status":"passed","title":"withRetry retries and eventually succeeds","duration":21.96070000000003,"failureMessages":[],"meta":{}},{"ancestorTitles":["BaseService"],"fullName":"BaseService withRetry bails early on ECONNRESET","status":"passed","title":"withRetry bails early on ECONNRESET","duration":15.315400000000011,"failureMessages":[],"meta":{}},{"ancestorTitles":["BaseService"],"fullName":"BaseService log helpers delegate to global logger","status":"passed","title":"log helpers delegate to global logger","duration":3.6229999999999336,"failureMessages":[],"meta":{}}],"startTime":1758145563146,"endTime":1758145563187.623,"status":"passed","message":"","name":"C:/Users/Admin/dev/zaif-trade-bot/__tests__/unit/services/base-service.test.ts"},{"assertionResults":[{"ancestorTitles":["services/execution-service pollFillState"],"fullName":"services/execution-service pollFillState handles partial fill increments then marks FILLED when history shows full amount (order_id match)","status":"passed","title":"handles partial fill increments then marks FILLED when history shows full amount (order_id match)","duration":463.35440000000006,"failureMessages":[],"meta":{}},{"ancestorTitles":["services/execution-service pollFillState"],"fullName":"services/execution-service pollFillState heuristic match path when order_id not available","status":"passed","title":"heuristic match path when order_id not available","duration":50.04039999999986,"failureMessages":[],"meta":{}},{"ancestorTitles":["services/execution-service pollFillState"],"fullName":"services/execution-service pollFillState marks CANCELLED when active missing and no fills found (overlapping path)","status":"skipped","title":"marks CANCELLED when active missing and no fills found (overlapping path)","failureMessages":[],"meta":{}}],"startTime":1758145561275,"endTime":1758145561788.0403,"status":"passed","message":"","name":"C:/Users/Admin/dev/zaif-trade-bot/__tests__/unit/services/execution-service.poll.test.ts"},{"assertionResults":[{"ancestorTitles":["adapters/execution-service pollFillState slow polling WARN"],"fullName":"adapters/execution-service pollFillState slow polling WARN emits EXEC WARN when polling exceeds 30s","status":"passed","title":"emits EXEC WARN when polling exceeds 30s","duration":398.7532,"failureMessages":[],"meta":{}}],"startTime":1758145561328,"endTime":1758145561726.7532,"status":"passed","message":"","name":"C:/Users/Admin/dev/zaif-trade-bot/__tests__/unit/services/execution-service.poll.warn.test.ts"},{"assertionResults":[{"ancestorTitles":["services/execution-service submitWithRetry"],"fullName":"services/execution-service submitWithRetry returns immediate filled result in DRY_RUN mode","status":"passed","title":"returns immediate filled result in DRY_RUN mode","duration":282.45019999999994,"failureMessages":[],"meta":{}},{"ancestorTitles":["services/execution-service submitWithRetry"],"fullName":"services/execution-service submitWithRetry first poll not filled then retry submission fills (covered by boundary tests)","status":"skipped","title":"first poll not filled then retry submission fills (covered by boundary tests)","failureMessages":[],"meta":{}}],"startTime":1758145562300,"endTime":1758145562582.4502,"status":"passed","message":"","name":"C:/Users/Admin/dev/zaif-trade-bot/__tests__/unit/services/execution-service.retry.test.ts"},{"assertionResults":[{"ancestorTitles":["services/execution-service.onExitFill"],"fullName":"services/execution-service.onExitFill appends realized PnL and reduces position qty","status":"passed","title":"appends realized PnL and reduces position qty","duration":1792.8582999999999,"failureMessages":[],"meta":{}}],"startTime":1758145561270,"endTime":1758145563062.8584,"status":"passed","message":"","name":"C:/Users/Admin/dev/zaif-trade-bot/__tests__/unit/services/execution-service.test.ts"},{"assertionResults":[{"ancestorTitles":["live minimal safety clamp (bid, JPY-based)"],"fullName":"live minimal safety clamp (bid, JPY-based) logs [SAFETY] amount clamped for bid with JPY clamp","status":"passed","title":"logs [SAFETY] amount clamped for bid with JPY clamp","duration":183.28869999999995,"failureMessages":[],"meta":{}}],"startTime":1758145562391,"endTime":1758145562574.2888,"status":"passed","message":"","name":"C:/Users/Admin/dev/zaif-trade-bot/__tests__/unit/services/live-minimal.safety.test.ts"},{"assertionResults":[{"ancestorTitles":["tools/live/test-minimal-live"],"fullName":"tools/live/test-minimal-live SELL_ONLY limit order gets cancelled (unfilled) and cancel is called","status":"passed","title":"SELL_ONLY limit order gets cancelled (unfilled) and cancel is called","duration":2316.3752,"failureMessages":[],"meta":{}}],"startTime":1758145561285,"endTime":1758145563601.3752,"status":"passed","message":"","name":"C:/Users/Admin/dev/zaif-trade-bot/__tests__/unit/services/live-minimal.test.ts"},{"assertionResults":[{"ancestorTitles":["live minimal safety warn"],"fullName":"live minimal safety warn emits WARN when exposure exceeds threshold (after clamp still >5%)","status":"passed","title":"emits WARN when exposure exceeds threshold (after clamp still >5%)","duration":133.27819999999997,"failureMessages":[],"meta":{}}],"startTime":1758145562832,"endTime":1758145562965.2783,"status":"passed","message":"","name":"C:/Users/Admin/dev/zaif-trade-bot/__tests__/unit/services/live-safety-warn.test.ts"},{"assertionResults":[{"ancestorTitles":["services/market-service abnormal responses"],"fullName":"services/market-service abnormal responses fetchMarketOverview tolerates partial failures (e.g., getTrades 429)","status":"passed","title":"fetchMarketOverview tolerates partial failures (e.g., getTrades 429)","duration":348.4428999999999,"failureMessages":[],"meta":{}},{"ancestorTitles":["services/market-service abnormal responses"],"fullName":"services/market-service abnormal responses fetchBalance throws Unauthorized from private api","status":"passed","title":"fetchBalance throws Unauthorized from private api","duration":25.73770000000013,"failureMessages":[],"meta":{}}],"startTime":1758145561272,"endTime":1758145561645.7378,"status":"passed","message":"","name":"C:/Users/Admin/dev/zaif-trade-bot/__tests__/unit/services/market-service.abnormal.test.ts"},{"assertionResults":[{"ancestorTitles":["services/market-service cache"],"fullName":"services/market-service cache uses cached ticker within TTL","status":"passed","title":"uses cached ticker within TTL","duration":43.200399999999945,"failureMessages":[],"meta":{}}],"startTime":1758145563508,"endTime":1758145563551.2004,"status":"passed","message":"","name":"C:/Users/Admin/dev/zaif-trade-bot/__tests__/unit/services/market-service.cache.test.ts"},{"assertionResults":[{"ancestorTitles":["services/market-service private nonce retry"],"fullName":"services/market-service private nonce retry retries on invalid nonce then succeeds","status":"passed","title":"retries on invalid nonce then succeeds","duration":516.8472999999999,"failureMessages":[],"meta":{}},{"ancestorTitles":["services/market-service private nonce retry"],"fullName":"services/market-service private nonce retry throws on Unauthorized error","status":"passed","title":"throws on Unauthorized error","duration":41.863200000000006,"failureMessages":[],"meta":{}}],"startTime":1758145561268,"endTime":1758145561826.8633,"status":"passed","message":"","name":"C:/Users/Admin/dev/zaif-trade-bot/__tests__/unit/services/market-service.nonce.test.ts"},{"assertionResults":[{"ancestorTitles":["adapters/market-service retry boundaries"],"fullName":"adapters/market-service retry boundaries retries on 429 then succeeds","status":"passed","title":"retries on 429 then succeeds","duration":458.9788000000001,"failureMessages":[],"meta":{}},{"ancestorTitles":["adapters/market-service retry boundaries"],"fullName":"adapters/market-service retry boundaries continuous 429 exhausts backoff and fails","status":"passed","title":"continuous 429 exhausts backoff and fails","duration":355.14250000000015,"failureMessages":[],"meta":{}},{"ancestorTitles":["adapters/market-service retry boundaries"],"fullName":"adapters/market-service retry boundaries ECONNRESET treated as failure without retries","status":"passed","title":"ECONNRESET treated as failure without retries","duration":32.80190000000016,"failureMessages":[],"meta":{}},{"ancestorTitles":["adapters/market-service retry boundaries"],"fullName":"adapters/market-service retry boundaries JSON parse error surfaces as failure","status":"passed","title":"JSON parse error surfaces as failure","duration":31.342499999999973,"failureMessages":[],"meta":{}}],"startTime":1758145561329,"endTime":1758145562207.3425,"status":"passed","message":"","name":"C:/Users/Admin/dev/zaif-trade-bot/__tests__/unit/services/market-service.retry.boundary.test.ts"},{"assertionResults":[{"ancestorTitles":["services/market-service"],"fullName":"services/market-service fetchMarketOverview returns aggregated data","status":"passed","title":"fetchMarketOverview returns aggregated data","duration":48.96290000000005,"failureMessages":[],"meta":{}},{"ancestorTitles":["services/market-service"],"fullName":"services/market-service fetchBalance throws on error","status":"passed","title":"fetchBalance throws on error","duration":20.773699999999963,"failureMessages":[],"meta":{}}],"startTime":1758145563146,"endTime":1758145563215.7737,"status":"passed","message":"","name":"C:/Users/Admin/dev/zaif-trade-bot/__tests__/unit/services/market-service.test.ts"},{"assertionResults":[{"ancestorTitles":["max hold guard (service)"],"fullName":"max hold guard (service) emits TIME_LIMIT when hold exceeds MAX_HOLD_SEC","status":"passed","title":"emits TIME_LIMIT when hold exceeds MAX_HOLD_SEC","duration":6.961000000000013,"failureMessages":[],"meta":{}}],"startTime":1758145563769,"endTime":1758145563775.961,"status":"passed","message":"","name":"C:/Users/Admin/dev/zaif-trade-bot/__tests__/unit/services/max-hold-guard.test.ts"},{"assertionResults":[{"ancestorTitles":["private API rate-limit handling"],"fullName":"private API rate-limit handling placeLimitOrder retries on 429 then throws","status":"passed","title":"placeLimitOrder retries on 429 then throws","duration":337.2839999999999,"failureMessages":[],"meta":{}}],"startTime":1758145562536,"endTime":1758145562873.284,"status":"passed","message":"","name":"C:/Users/Admin/dev/zaif-trade-bot/__tests__/unit/services/private-rate-limit.test.ts"},{"assertionResults":[{"ancestorTitles":["public API abnormal cases"],"fullName":"public API abnormal cases timeout (ETIMEDOUT) is retried then warned/omitted","status":"passed","title":"timeout (ETIMEDOUT) is retried then warned/omitted","duration":183.51689999999996,"failureMessages":[],"meta":{}},{"ancestorTitles":["public API abnormal cases"],"fullName":"public API abnormal cases network error (ECONNRESET) retried then omitted","status":"passed","title":"network error (ECONNRESET) retried then omitted","duration":9.95410000000004,"failureMessages":[],"meta":{}}],"startTime":1758145562674,"endTime":1758145562866.954,"status":"passed","message":"","name":"C:/Users/Admin/dev/zaif-trade-bot/__tests__/unit/services/public-abnormal.test.ts"},{"assertionResults":[{"ancestorTitles":["public API timeout short (RETRY_ATTEMPTS=1)"],"fullName":"public API timeout short (RETRY_ATTEMPTS=1) getTicker ETIMEDOUT causes warn path and returns partial overview","status":"passed","title":"getTicker ETIMEDOUT causes warn path and returns partial overview","duration":30.737300000000005,"failureMessages":[],"meta":{}}],"startTime":1758145563516,"endTime":1758145563546.7373,"status":"passed","message":"","name":"C:/Users/Admin/dev/zaif-trade-bot/__tests__/unit/services/public-timeout-short.test.ts"}]}