{"numTotalTestSuites":36,"numPassedTestSuites":36,"numFailedTestSuites":0,"numPendingTestSuites":0,"numTotalTests":30,"numPassedTests":30,"numFailedTests":0,"numPendingTests":0,"numTodoTests":0,"startTime":1758122012885,"success":true,"testResults":[{"assertionResults":[{"ancestorTitles":["","position-store-fs sanity"],"fullName":" position-store-fs sanity saves and loads a position","status":"passed","title":"saves and loads a position","duration":23,"failureMessages":[]}],"startTime":1758122015043,"endTime":1758122015066,"status":"passed","message":"","name":"C:/Users/Admin/dev/zaif-trade-bot/__tests__/unit/adapters/position-store-fs.sanity.test.ts"},{"assertionResults":[{"ancestorTitles":["","BaseService"],"fullName":" BaseService withRetry retries and eventually succeeds","status":"passed","title":"withRetry retries and eventually succeeds","duration":62,"failureMessages":[]},{"ancestorTitles":["","BaseService"],"fullName":" BaseService withRetry bails early on ECONNRESET","status":"passed","title":"withRetry bails early on ECONNRESET","duration":11,"failureMessages":[]},{"ancestorTitles":["","BaseService"],"fullName":" BaseService log helpers delegate to global logger","status":"passed","title":"log helpers delegate to global logger","duration":3,"failureMessages":[]}],"startTime":1758122014443,"endTime":1758122014519,"status":"passed","message":"","name":"C:/Users/Admin/dev/zaif-trade-bot/__tests__/unit/services/base-service.test.ts"},{"assertionResults":[{"ancestorTitles":["","services/execution-service pollFillState"],"fullName":" services/execution-service pollFillState handles partial fill increments then marks FILLED when history shows full amount (order_id match)","status":"passed","title":"handles partial fill increments then marks FILLED when history shows full amount (order_id match)","duration":458,"failureMessages":[]},{"ancestorTitles":["","services/execution-service pollFillState"],"fullName":" services/execution-service pollFillState heuristic match path when order_id not available","status":"passed","title":"heuristic match path when order_id not available","duration":40,"failureMessages":[]},{"ancestorTitles":["","services/execution-service pollFillState"],"fullName":" services/execution-service pollFillState marks CANCELLED when active missing and no fills found (overlapping path)","status":"skipped","title":"marks CANCELLED when active missing and no fills found (overlapping path)","failureMessages":[]}],"startTime":1758122013692,"endTime":1758122014190,"status":"passed","message":"","name":"C:/Users/Admin/dev/zaif-trade-bot/__tests__/unit/services/execution-service.poll.test.ts"},{"assertionResults":[{"ancestorTitles":["","adapters/execution-service pollFillState slow polling WARN"],"fullName":" adapters/execution-service pollFillState slow polling WARN emits EXEC WARN when polling exceeds 30s","status":"passed","title":"emits EXEC WARN when polling exceeds 30s","duration":231,"failureMessages":[]}],"startTime":1758122015012,"endTime":1758122015243,"status":"passed","message":"","name":"C:/Users/Admin/dev/zaif-trade-bot/__tests__/unit/services/execution-service.poll.warn.test.ts"},{"assertionResults":[{"ancestorTitles":["","services/execution-service submitWithRetry"],"fullName":" services/execution-service submitWithRetry returns immediate filled result in DRY_RUN mode","status":"passed","title":"returns immediate filled result in DRY_RUN mode","duration":212,"failureMessages":[]},{"ancestorTitles":["","services/execution-service submitWithRetry"],"fullName":" services/execution-service submitWithRetry first poll not filled then retry submission fills (covered by boundary tests)","status":"skipped","title":"first poll not filled then retry submission fills (covered by boundary tests)","failureMessages":[]}],"startTime":1758122013695,"endTime":1758122013907,"status":"passed","message":"","name":"C:/Users/Admin/dev/zaif-trade-bot/__tests__/unit/services/execution-service.retry.test.ts"},{"assertionResults":[{"ancestorTitles":["","services/execution-service.onExitFill"],"fullName":" services/execution-service.onExitFill appends realized PnL and reduces position qty","status":"passed","title":"appends realized PnL and reduces position qty","duration":1759,"failureMessages":[]}],"startTime":1758122013692,"endTime":1758122015451,"status":"passed","message":"","name":"C:/Users/Admin/dev/zaif-trade-bot/__tests__/unit/services/execution-service.test.ts"},{"assertionResults":[{"ancestorTitles":["","live minimal safety clamp (bid, JPY-based)"],"fullName":" live minimal safety clamp (bid, JPY-based) logs [SAFETY] amount clamped for bid with JPY clamp","status":"passed","title":"logs [SAFETY] amount clamped for bid with JPY clamp","duration":334,"failureMessages":[]}],"startTime":1758122013693,"endTime":1758122014027,"status":"passed","message":"","name":"C:/Users/Admin/dev/zaif-trade-bot/__tests__/unit/services/live-minimal.safety.test.ts"},{"assertionResults":[{"ancestorTitles":["","tools/live/test-minimal-live"],"fullName":" tools/live/test-minimal-live SELL_ONLY limit order gets cancelled (unfilled) and cancel is called","status":"passed","title":"SELL_ONLY limit order gets cancelled (unfilled) and cancel is called","duration":2259,"failureMessages":[]}],"startTime":1758122013695,"endTime":1758122015954,"status":"passed","message":"","name":"C:/Users/Admin/dev/zaif-trade-bot/__tests__/unit/services/live-minimal.test.ts"},{"assertionResults":[{"ancestorTitles":["","live minimal safety warn"],"fullName":" live minimal safety warn emits WARN when exposure exceeds threshold (after clamp still >5%)","status":"passed","title":"emits WARN when exposure exceeds threshold (after clamp still >5%)","duration":327,"failureMessages":[]}],"startTime":1758122013693,"endTime":1758122014020,"status":"passed","message":"","name":"C:/Users/Admin/dev/zaif-trade-bot/__tests__/unit/services/live-safety-warn.test.ts"},{"assertionResults":[{"ancestorTitles":["","services/market-service abnormal responses"],"fullName":" services/market-service abnormal responses fetchMarketOverview tolerates partial failures (e.g., getTrades 429)","status":"passed","title":"fetchMarketOverview tolerates partial failures (e.g., getTrades 429)","duration":180,"failureMessages":[]},{"ancestorTitles":["","services/market-service abnormal responses"],"fullName":" services/market-service abnormal responses fetchBalance throws Unauthorized from private api","status":"passed","title":"fetchBalance throws Unauthorized from private api","duration":13,"failureMessages":[]}],"startTime":1758122014527,"endTime":1758122014720,"status":"passed","message":"","name":"C:/Users/Admin/dev/zaif-trade-bot/__tests__/unit/services/market-service.abnormal.test.ts"},{"assertionResults":[{"ancestorTitles":["","services/market-service cache"],"fullName":" services/market-service cache uses cached ticker within TTL","status":"passed","title":"uses cached ticker within TTL","duration":33,"failureMessages":[]}],"startTime":1758122015554,"endTime":1758122015587,"status":"passed","message":"","name":"C:/Users/Admin/dev/zaif-trade-bot/__tests__/unit/services/market-service.cache.test.ts"},{"assertionResults":[{"ancestorTitles":["","services/market-service private nonce retry"],"fullName":" services/market-service private nonce retry retries on invalid nonce then succeeds","status":"passed","title":"retries on invalid nonce then succeeds","duration":311,"failureMessages":[]},{"ancestorTitles":["","services/market-service private nonce retry"],"fullName":" services/market-service private nonce retry throws on Unauthorized error","status":"passed","title":"throws on Unauthorized error","duration":21,"failureMessages":[]}],"startTime":1758122015189,"endTime":1758122015521,"status":"passed","message":"","name":"C:/Users/Admin/dev/zaif-trade-bot/__tests__/unit/services/market-service.nonce.test.ts"},{"assertionResults":[{"ancestorTitles":["","adapters/market-service retry boundaries"],"fullName":" adapters/market-service retry boundaries retries on 429 then succeeds","status":"passed","title":"retries on 429 then succeeds","duration":464,"failureMessages":[]},{"ancestorTitles":["","adapters/market-service retry boundaries"],"fullName":" adapters/market-service retry boundaries continuous 429 exhausts backoff and fails","status":"passed","title":"continuous 429 exhausts backoff and fails","duration":325,"failureMessages":[]},{"ancestorTitles":["","adapters/market-service retry boundaries"],"fullName":" adapters/market-service retry boundaries ECONNRESET treated as failure without retries","status":"passed","title":"ECONNRESET treated as failure without retries","duration":25,"failureMessages":[]},{"ancestorTitles":["","adapters/market-service retry boundaries"],"fullName":" adapters/market-service retry boundaries JSON parse error surfaces as failure","status":"passed","title":"JSON parse error surfaces as failure","duration":23,"failureMessages":[]}],"startTime":1758122013715,"endTime":1758122014552,"status":"passed","message":"","name":"C:/Users/Admin/dev/zaif-trade-bot/__tests__/unit/services/market-service.retry.boundary.test.ts"},{"assertionResults":[{"ancestorTitles":["","services/market-service"],"fullName":" services/market-service fetchMarketOverview returns aggregated data","status":"passed","title":"fetchMarketOverview returns aggregated data","duration":34,"failureMessages":[]},{"ancestorTitles":["","services/market-service"],"fullName":" services/market-service fetchBalance throws on error","status":"passed","title":"fetchBalance throws on error","duration":14,"failureMessages":[]}],"startTime":1758122015237,"endTime":1758122015285,"status":"passed","message":"","name":"C:/Users/Admin/dev/zaif-trade-bot/__tests__/unit/services/market-service.test.ts"},{"assertionResults":[{"ancestorTitles":["","max hold guard (service)"],"fullName":" max hold guard (service) emits TIME_LIMIT when hold exceeds MAX_HOLD_SEC","status":"passed","title":"emits TIME_LIMIT when hold exceeds MAX_HOLD_SEC","duration":5,"failureMessages":[]}],"startTime":1758122014690,"endTime":1758122014695,"status":"passed","message":"","name":"C:/Users/Admin/dev/zaif-trade-bot/__tests__/unit/services/max-hold-guard.test.ts"},{"assertionResults":[{"ancestorTitles":["","private API rate-limit handling"],"fullName":" private API rate-limit handling placeLimitOrder retries on 429 then throws","status":"passed","title":"placeLimitOrder retries on 429 then throws","duration":318,"failureMessages":[]}],"startTime":1758122015853,"endTime":1758122016171,"status":"passed","message":"","name":"C:/Users/Admin/dev/zaif-trade-bot/__tests__/unit/services/private-rate-limit.test.ts"},{"assertionResults":[{"ancestorTitles":["","public API abnormal cases"],"fullName":" public API abnormal cases timeout (ETIMEDOUT) is retried then warned/omitted","status":"passed","title":"timeout (ETIMEDOUT) is retried then warned/omitted","duration":196,"failureMessages":[]},{"ancestorTitles":["","public API abnormal cases"],"fullName":" public API abnormal cases network error (ECONNRESET) retried then omitted","status":"passed","title":"network error (ECONNRESET) retried then omitted","duration":7,"failureMessages":[]}],"startTime":1758122014686,"endTime":1758122014889,"status":"passed","message":"","name":"C:/Users/Admin/dev/zaif-trade-bot/__tests__/unit/services/public-abnormal.test.ts"},{"assertionResults":[{"ancestorTitles":["","public API timeout short (RETRY_ATTEMPTS=1)"],"fullName":" public API timeout short (RETRY_ATTEMPTS=1) getTicker ETIMEDOUT causes warn path and returns partial overview","status":"passed","title":"getTicker ETIMEDOUT causes warn path and returns partial overview","duration":17,"failureMessages":[]}],"startTime":1758122015416,"endTime":1758122015433,"status":"passed","message":"","name":"C:/Users/Admin/dev/zaif-trade-bot/__tests__/unit/services/public-timeout-short.test.ts"}]}