{"numTotalTestSuites":6,"numPassedTestSuites":6,"numFailedTestSuites":0,"numPendingTestSuites":0,"numTotalTests":3,"numPassedTests":3,"numFailedTests":0,"numPendingTests":0,"numTodoTests":0,"startTime":1757778476011,"success":true,"testResults":[{"assertionResults":[{"ancestorTitles":["","daily-stats"],"fullName":" daily-stats incBuyEntry and appendFillPnl update JSON","status":"passed","title":"incBuyEntry and appendFillPnl update JSON","duration":12,"failureMessages":[]}],"startTime":1757778476719,"endTime":1757778476731,"status":"passed","message":"","name":"C:/Users/Admin/dev/zaif-trade-bot/__tests__/daily-stats.test.ts"},{"assertionResults":[{"ancestorTitles":["","features-logger"],"fullName":" features-logger writes CSV header and JSON latest","status":"passed","title":"writes CSV header and JSON latest","duration":14,"failureMessages":[]}],"startTime":1757778476832,"endTime":1757778476846,"status":"passed","message":"","name":"C:/Users/Admin/dev/zaif-trade-bot/__tests__/features-logger.test.ts"},{"assertionResults":[{"ancestorTitles":["","ml-simulate"],"fullName":" ml-simulate computes winRate and pnl","status":"passed","title":"computes winRate and pnl","duration":1944,"failureMessages":[]}],"startTime":1757778476751,"endTime":1757778478695,"status":"passed","message":"","name":"C:/Users/Admin/dev/zaif-trade-bot/__tests__/ml-simulate.test.ts"}]}