{"numTotalTestSuites":40,"numPassedTestSuites":40,"numFailedTestSuites":0,"numPendingTestSuites":0,"numTotalTests":32,"numPassedTests":30,"numFailedTests":0,"numPendingTests":2,"numTodoTests":0,"snapshot":{"added":0,"failure":false,"filesAdded":0,"filesRemoved":0,"filesRemovedList":[],"filesUnmatched":0,"filesUpdated":0,"matched":0,"total":0,"unchecked":0,"uncheckedKeysByFile":[],"unmatched":0,"updated":0,"didUpdate":false},"startTime":1758243308420,"success":true,"testResults":[{"assertionResults":[{"ancestorTitles":["trade-live phase escalation"],"fullName":"trade-live phase escalation promotes 1->2->3 with escalating plannedOrders","status":"passed","title":"promotes 1->2->3 with escalating plannedOrders","duration":143.7822,"failureMessages":[],"meta":{}}],"startTime":1758243311269,"endTime":1758243311412.7822,"status":"passed","message":"","name":"C:/Users/Admin/dev/zaif-trade-bot/__tests__/integration-fast/trade-live.phase-escalation.test.ts"},{"assertionResults":[{"ancestorTitles":["tools/trade-live flow"],"fullName":"tools/trade-live flow emits TRADE_PLAN on dry-run and TRADE_PHASE on live promotion","status":"passed","title":"emits TRADE_PLAN on dry-run and TRADE_PHASE on live promotion","duration":23.497299999999996,"failureMessages":[],"meta":{}}],"startTime":1758243313409,"endTime":1758243313432.4973,"status":"passed","message":"","name":"C:/Users/Admin/dev/zaif-trade-bot/__tests__/integration-fast/tools/trade-live.flow.test.ts"},{"assertionResults":[{"ancestorTitles":["position-store-fs sanity"],"fullName":"position-store-fs sanity saves and loads a position","status":"passed","title":"saves and loads a position","duration":21.75540000000001,"failureMessages":[],"meta":{}}],"startTime":1758243313007,"endTime":1758243313028.7554,"status":"passed","message":"","name":"C:/Users/Admin/dev/zaif-trade-bot/__tests__/unit/adapters/position-store-fs.sanity.test.ts"},{"assertionResults":[{"ancestorTitles":["BaseService"],"fullName":"BaseService withRetry retries and eventually succeeds","status":"passed","title":"withRetry retries and eventually succeeds","duration":19.703599999999938,"failureMessages":[],"meta":{}},{"ancestorTitles":["BaseService"],"fullName":"BaseService withRetry bails early on ECONNRESET","status":"passed","title":"withRetry bails early on ECONNRESET","duration":18.98320000000001,"failureMessages":[],"meta":{}},{"ancestorTitles":["BaseService"],"fullName":"BaseService log helpers delegate to global logger","status":"passed","title":"log helpers delegate to global logger","duration":4.606299999999919,"failureMessages":[],"meta":{}}],"startTime":1758243312728,"endTime":1758243312771.6062,"status":"passed","message":"","name":"C:/Users/Admin/dev/zaif-trade-bot/__tests__/unit/services/base-service.test.ts"},{"assertionResults":[{"ancestorTitles":["services/execution-service pollFillState"],"fullName":"services/execution-service pollFillState handles partial fill increments then marks FILLED when history shows full amount (order_id match)","status":"passed","title":"handles partial fill increments then marks FILLED when history shows full amount (order_id match)","duration":580.9956,"failureMessages":[],"meta":{}},{"ancestorTitles":["services/execution-service pollFillState"],"fullName":"services/execution-service pollFillState heuristic match path when order_id not available","status":"passed","title":"heuristic match path when order_id not available","duration":56.13639999999987,"failureMessages":[],"meta":{}},{"ancestorTitles":["services/execution-service pollFillState"],"fullName":"services/execution-service pollFillState marks CANCELLED when active missing and no fills found (overlapping path)","status":"skipped","title":"marks CANCELLED when active missing and no fills found (overlapping path)","failureMessages":[],"meta":{}}],"startTime":1758243310071,"endTime":1758243310708.1365,"status":"passed","message":"","name":"C:/Users/Admin/dev/zaif-trade-bot/__tests__/unit/services/execution-service.poll.test.ts"},{"assertionResults":[{"ancestorTitles":["adapters/execution-service pollFillState slow polling WARN"],"fullName":"adapters/execution-service pollFillState slow polling WARN emits EXEC WARN when polling exceeds 30s","status":"passed","title":"emits EXEC WARN when polling exceeds 30s","duration":1961.7827,"failureMessages":[],"meta":{}}],"startTime":1758243310097,"endTime":1758243312058.7827,"status":"passed","message":"","name":"C:/Users/Admin/dev/zaif-trade-bot/__tests__/unit/services/execution-service.poll.warn.test.ts"},{"assertionResults":[{"ancestorTitles":["services/execution-service submitWithRetry"],"fullName":"services/execution-service submitWithRetry returns immediate filled result in DRY_RUN mode","status":"passed","title":"returns immediate filled result in DRY_RUN mode","duration":498.19219999999996,"failureMessages":[],"meta":{}},{"ancestorTitles":["services/execution-service submitWithRetry"],"fullName":"services/execution-service submitWithRetry first poll not filled then retry submission fills (covered by boundary tests)","status":"skipped","title":"first poll not filled then retry submission fills (covered by boundary tests)","failureMessages":[],"meta":{}}],"startTime":1758243310077,"endTime":1758243310575.1921,"status":"passed","message":"","name":"C:/Users/Admin/dev/zaif-trade-bot/__tests__/unit/services/execution-service.retry.test.ts"},{"assertionResults":[{"ancestorTitles":["services/execution-service.onExitFill"],"fullName":"services/execution-service.onExitFill appends realized PnL and reduces position qty","status":"passed","title":"appends realized PnL and reduces position qty","duration":1968.5432,"failureMessages":[],"meta":{}}],"startTime":1758243310066,"endTime":1758243312034.5432,"status":"passed","message":"","name":"C:/Users/Admin/dev/zaif-trade-bot/__tests__/unit/services/execution-service.test.ts"},{"assertionResults":[{"ancestorTitles":["live minimal safety clamp (bid, JPY-based)"],"fullName":"live minimal safety clamp (bid, JPY-based) logs [SAFETY] amount clamped for bid with JPY clamp","status":"passed","title":"logs [SAFETY] amount clamped for bid with JPY clamp","duration":255.1359,"failureMessages":[],"meta":{}}],"startTime":1758243311476,"endTime":1758243311731.136,"status":"passed","message":"","name":"C:/Users/Admin/dev/zaif-trade-bot/__tests__/unit/services/live-minimal.safety.test.ts"},{"assertionResults":[{"ancestorTitles":["tools/live/test-minimal-live"],"fullName":"tools/live/test-minimal-live SELL_ONLY limit order gets cancelled (unfilled) and cancel is called","status":"passed","title":"SELL_ONLY limit order gets cancelled (unfilled) and cancel is called","duration":2339.1270999999997,"failureMessages":[],"meta":{}}],"startTime":1758243310083,"endTime":1758243312422.1272,"status":"passed","message":"","name":"C:/Users/Admin/dev/zaif-trade-bot/__tests__/unit/services/live-minimal.test.ts"},{"assertionResults":[{"ancestorTitles":["live minimal safety warn"],"fullName":"live minimal safety warn emits WARN when exposure exceeds threshold (after clamp still >5%)","status":"passed","title":"emits WARN when exposure exceeds threshold (after clamp still >5%)","duration":149.34239999999988,"failureMessages":[],"meta":{}}],"startTime":1758243311706,"endTime":1758243311855.3423,"status":"passed","message":"","name":"C:/Users/Admin/dev/zaif-trade-bot/__tests__/unit/services/live-safety-warn.test.ts"},{"assertionResults":[{"ancestorTitles":["services/market-service abnormal responses"],"fullName":"services/market-service abnormal responses fetchMarketOverview tolerates partial failures (e.g., getTrades 429)","status":"passed","title":"fetchMarketOverview tolerates partial failures (e.g., getTrades 429)","duration":94.207,"failureMessages":[],"meta":{}},{"ancestorTitles":["services/market-service abnormal responses"],"fullName":"services/market-service abnormal responses fetchBalance throws Unauthorized from private api","status":"passed","title":"fetchBalance throws Unauthorized from private api","duration":74.67259999999999,"failureMessages":[],"meta":{}}],"startTime":1758243311540,"endTime":1758243311708.6726,"status":"passed","message":"","name":"C:/Users/Admin/dev/zaif-trade-bot/__tests__/unit/services/market-service.abnormal.test.ts"},{"assertionResults":[{"ancestorTitles":["services/market-service cache"],"fullName":"services/market-service cache uses cached ticker within TTL","status":"passed","title":"uses cached ticker within TTL","duration":59.81410000000005,"failureMessages":[],"meta":{}}],"startTime":1758243312353,"endTime":1758243312412.8142,"status":"passed","message":"","name":"C:/Users/Admin/dev/zaif-trade-bot/__tests__/unit/services/market-service.cache.test.ts"},{"assertionResults":[{"ancestorTitles":["services/market-service private nonce retry"],"fullName":"services/market-service private nonce retry retries on invalid nonce then succeeds","status":"passed","title":"retries on invalid nonce then succeeds","duration":465.0810999999999,"failureMessages":[],"meta":{}},{"ancestorTitles":["services/market-service private nonce retry"],"fullName":"services/market-service private nonce retry throws on Unauthorized error","status":"passed","title":"throws on Unauthorized error","duration":41.821500000000015,"failureMessages":[],"meta":{}}],"startTime":1758243310065,"endTime":1758243310571.8215,"status":"passed","message":"","name":"C:/Users/Admin/dev/zaif-trade-bot/__tests__/unit/services/market-service.nonce.test.ts"},{"assertionResults":[{"ancestorTitles":["adapters/market-service retry boundaries"],"fullName":"adapters/market-service retry boundaries retries on 429 then succeeds","status":"passed","title":"retries on 429 then succeeds","duration":434.55420000000004,"failureMessages":[],"meta":{}},{"ancestorTitles":["adapters/market-service retry boundaries"],"fullName":"adapters/market-service retry boundaries continuous 429 exhausts backoff and fails","status":"passed","title":"continuous 429 exhausts backoff and fails","duration":60.563899999999876,"failureMessages":[],"meta":{}},{"ancestorTitles":["adapters/market-service retry boundaries"],"fullName":"adapters/market-service retry boundaries ECONNRESET treated as failure without retries","status":"passed","title":"ECONNRESET treated as failure without retries","duration":45.027300000000196,"failureMessages":[],"meta":{}},{"ancestorTitles":["adapters/market-service retry boundaries"],"fullName":"adapters/market-service retry boundaries JSON parse error surfaces as failure","status":"passed","title":"JSON parse error surfaces as failure","duration":32.5938000000001,"failureMessages":[],"meta":{}}],"startTime":1758243310097,"endTime":1758243310670.5938,"status":"passed","message":"","name":"C:/Users/Admin/dev/zaif-trade-bot/__tests__/unit/services/market-service.retry.boundary.test.ts"},{"assertionResults":[{"ancestorTitles":["services/market-service"],"fullName":"services/market-service fetchMarketOverview returns aggregated data","status":"passed","title":"fetchMarketOverview returns aggregated data","duration":43.764099999999985,"failureMessages":[],"meta":{}},{"ancestorTitles":["services/market-service"],"fullName":"services/market-service fetchBalance throws on error","status":"passed","title":"fetchBalance throws on error","duration":22.520399999999995,"failureMessages":[],"meta":{}}],"startTime":1758243312626,"endTime":1758243312692.5205,"status":"passed","message":"","name":"C:/Users/Admin/dev/zaif-trade-bot/__tests__/unit/services/market-service.test.ts"},{"assertionResults":[{"ancestorTitles":["max hold guard (service)"],"fullName":"max hold guard (service) emits TIME_LIMIT when hold exceeds MAX_HOLD_SEC","status":"passed","title":"emits TIME_LIMIT when hold exceeds MAX_HOLD_SEC","duration":6.689499999999953,"failureMessages":[],"meta":{}}],"startTime":1758243313610,"endTime":1758243313616.6895,"status":"passed","message":"","name":"C:/Users/Admin/dev/zaif-trade-bot/__tests__/unit/services/max-hold-guard.test.ts"},{"assertionResults":[{"ancestorTitles":["private API rate-limit handling"],"fullName":"private API rate-limit handling placeLimitOrder retries on 429 then throws","status":"passed","title":"placeLimitOrder retries on 429 then throws","duration":16.40449999999987,"failureMessages":[],"meta":{}}],"startTime":1758243313555,"endTime":1758243313571.4045,"status":"passed","message":"","name":"C:/Users/Admin/dev/zaif-trade-bot/__tests__/unit/services/private-rate-limit.test.ts"},{"assertionResults":[{"ancestorTitles":["public API abnormal cases"],"fullName":"public API abnormal cases timeout (ETIMEDOUT) is retried then warned/omitted","status":"passed","title":"timeout (ETIMEDOUT) is retried then warned/omitted","duration":25.013300000000072,"failureMessages":[],"meta":{}},{"ancestorTitles":["public API abnormal cases"],"fullName":"public API abnormal cases network error (ECONNRESET) retried then omitted","status":"passed","title":"network error (ECONNRESET) retried then omitted","duration":17.43860000000018,"failureMessages":[],"meta":{}}],"startTime":1758243313054,"endTime":1758243313096.4387,"status":"passed","message":"","name":"C:/Users/Admin/dev/zaif-trade-bot/__tests__/unit/services/public-abnormal.test.ts"},{"assertionResults":[{"ancestorTitles":["public API timeout short (RETRY_ATTEMPTS=1)"],"fullName":"public API timeout short (RETRY_ATTEMPTS=1) getTicker ETIMEDOUT causes warn path and returns partial overview","status":"passed","title":"getTicker ETIMEDOUT causes warn path and returns partial overview","duration":21.553499999999985,"failureMessages":[],"meta":{}}],"startTime":1758243313126,"endTime":1758243313147.5535,"status":"passed","message":"","name":"C:/Users/Admin/dev/zaif-trade-bot/__tests__/unit/services/public-timeout-short.test.ts"}]}