{"numTotalTestSuites":63,"numPassedTestSuites":63,"numFailedTestSuites":0,"numPendingTestSuites":0,"numTotalTests":106,"numPassedTests":106,"numFailedTests":0,"numPendingTests":0,"numTodoTests":0,"snapshot":{"added":0,"failure":false,"filesAdded":0,"filesRemoved":0,"filesRemovedList":[],"filesUnmatched":0,"filesUpdated":0,"matched":0,"total":0,"unchecked":0,"uncheckedKeysByFile":[],"unmatched":0,"updated":0,"didUpdate":false},"startTime":1758149824619,"success":true,"testResults":[{"assertionResults":[{"ancestorTitles":["position-store-fs atomic writes"],"fullName":"position-store-fs atomic writes keeps file always parseable across rapid updates","status":"passed","title":"keeps file always parseable across rapid updates","duration":659.1627999999998,"failureMessages":[],"meta":{}},{"ancestorTitles":["position-store-fs atomic writes"],"fullName":"position-store-fs atomic writes on rename failure, original file remains intact (no corruption)","status":"passed","title":"on rename failure, original file remains intact (no corruption)","duration":21.677799999999934,"failureMessages":[],"meta":{}}],"startTime":1758149825840,"endTime":1758149826520.6777,"status":"passed","message":"","name":"C:/Users/Admin/dev/zaif-trade-bot/__tests__/unit/adapters/position-store-fs.atomic.test.ts"},{"assertionResults":[{"ancestorTitles":["PositionStore contract: core & services-adapter"],"fullName":"PositionStore contract: core & services-adapter core: CRUD & isolation","status":"passed","title":"core: CRUD & isolation","duration":57.58479999999986,"failureMessages":[],"meta":{}},{"ancestorTitles":["PositionStore contract: core & services-adapter"],"fullName":"PositionStore contract: core & services-adapter services-adapter: CRUD & isolation","status":"passed","title":"services-adapter: CRUD & isolation","duration":43.136400000000094,"failureMessages":[],"meta":{}}],"startTime":1758149825863,"endTime":1758149825964.1365,"status":"passed","message":"","name":"C:/Users/Admin/dev/zaif-trade-bot/__tests__/unit/contracts/position-store.contract.test.ts"},{"assertionResults":[{"ancestorTitles":["RiskManager contract"],"fullName":"RiskManager contract core: validateOrder returns error for invalid intent","status":"passed","title":"core: validateOrder returns error for invalid intent","duration":6.938199999999938,"failureMessages":[],"meta":{}},{"ancestorTitles":["RiskManager contract"],"fullName":"RiskManager contract services-adapter: validateOrder returns error for invalid intent","status":"passed","title":"services-adapter: validateOrder returns error for invalid intent","duration":2.562400000000025,"failureMessages":[],"meta":{}},{"ancestorTitles":["RiskManager contract"],"fullName":"RiskManager contract core: clampExposure clamps qty by positionPct","status":"passed","title":"core: clampExposure clamps qty by positionPct","duration":2.693399999999997,"failureMessages":[],"meta":{}},{"ancestorTitles":["RiskManager contract"],"fullName":"RiskManager contract services-adapter: clampExposure clamps qty by positionPct","status":"passed","title":"services-adapter: clampExposure clamps qty by positionPct","duration":2.612799999999993,"failureMessages":[],"meta":{}},{"ancestorTitles":["RiskManager contract"],"fullName":"RiskManager contract core: manageTrailingStop produces trigger","status":"passed","title":"core: manageTrailingStop produces trigger","duration":2.9810999999999694,"failureMessages":[],"meta":{}},{"ancestorTitles":["RiskManager contract"],"fullName":"RiskManager contract services-adapter: manageTrailingStop produces trigger","status":"passed","title":"services-adapter: manageTrailingStop produces trigger","duration":2.472500000000082,"failureMessages":[],"meta":{}}],"startTime":1758149829070,"endTime":1758149829090.4724,"status":"passed","message":"","name":"C:/Users/Admin/dev/zaif-trade-bot/__tests__/unit/contracts/risk.contract.test.ts"},{"assertionResults":[{"ancestorTitles":["BaseStrategy"],"fullName":"BaseStrategy calls hooks in order","status":"passed","title":"calls hooks in order","duration":10.038000000000011,"failureMessages":[],"meta":{}}],"startTime":1758149829479,"endTime":1758149829489.038,"status":"passed","message":"","name":"C:/Users/Admin/dev/zaif-trade-bot/__tests__/unit/core/base-strategy.test.ts"},{"assertionResults":[{"ancestorTitles":["core/execution minimal coverage"],"fullName":"core/execution minimal coverage submitOrderWithRetry DRY_RUN returns immediate filled summary","status":"passed","title":"submitOrderWithRetry DRY_RUN returns immediate filled summary","duration":13.64149999999995,"failureMessages":[],"meta":{}},{"ancestorTitles":["core/execution minimal coverage"],"fullName":"core/execution minimal coverage onExitFill updates stats and reduces position qty (success path)","status":"passed","title":"onExitFill updates stats and reduces position qty (success path)","duration":107.6223,"failureMessages":[],"meta":{}},{"ancestorTitles":["core/execution minimal coverage"],"fullName":"core/execution minimal coverage cancelOrder throws on API error (propagates)","status":"passed","title":"cancelOrder throws on API error (propagates)","duration":6.938999999999851,"failureMessages":[],"meta":{}}],"startTime":1758149826213,"endTime":1758149826341.939,"status":"passed","message":"","name":"C:/Users/Admin/dev/zaif-trade-bot/__tests__/unit/core/execution.core.test.ts"},{"assertionResults":[{"ancestorTitles":["core/risk/guards.validateOrderPlacement"],"fullName":"core/risk/guards.validateOrderPlacement blocks when qty below min trade size","status":"passed","title":"blocks when qty below min trade size","duration":6.756500000000074,"failureMessages":[],"meta":{}},{"ancestorTitles":["core/risk/guards.validateOrderPlacement"],"fullName":"core/risk/guards.validateOrderPlacement blocks when position + buy qty exceeds max position size","status":"passed","title":"blocks when position + buy qty exceeds max position size","duration":2.6912999999999556,"failureMessages":[],"meta":{}},{"ancestorTitles":["core/risk/guards.validateOrderPlacement"],"fullName":"core/risk/guards.validateOrderPlacement blocks SELL when current position already exceeds max position size","status":"passed","title":"blocks SELL when current position already exceeds max position size","duration":2.485900000000015,"failureMessages":[],"meta":{}},{"ancestorTitles":["core/risk/guards.validateOrderPlacement"],"fullName":"core/risk/guards.validateOrderPlacement blocks when notional exceeds max","status":"passed","title":"blocks when notional exceeds max","duration":2.332499999999982,"failureMessages":[],"meta":{}},{"ancestorTitles":["core/risk/guards.validateOrderPlacement"],"fullName":"core/risk/guards.validateOrderPlacement blocks when open orders exceed limit","status":"passed","title":"blocks when open orders exceed limit","duration":2.21670000000006,"failureMessages":[],"meta":{}},{"ancestorTitles":["core/risk/guards.validateOrderPlacement"],"fullName":"core/risk/guards.validateOrderPlacement blocks within cooldown after last exit","status":"passed","title":"blocks within cooldown after last exit","duration":2.3373000000000275,"failureMessages":[],"meta":{}},{"ancestorTitles":["core/risk/guards.validateOrderPlacement"],"fullName":"core/risk/guards.validateOrderPlacement allows when all conditions pass","status":"passed","title":"allows when all conditions pass","duration":2.916400000000067,"failureMessages":[],"meta":{}}],"startTime":1758149828574,"endTime":1758149828595.9165,"status":"passed","message":"","name":"C:/Users/Admin/dev/zaif-trade-bot/__tests__/unit/core/guards.test.ts"},{"assertionResults":[{"ancestorTitles":["core/market"],"fullName":"core/market calcRealizedPnL matches FIFO and sums correctly","status":"passed","title":"calcRealizedPnL matches FIFO and sums correctly","duration":6.765100000000075,"failureMessages":[],"meta":{}}],"startTime":1758149829551,"endTime":1758149829557.7651,"status":"passed","message":"","name":"C:/Users/Admin/dev/zaif-trade-bot/__tests__/unit/core/market.test.ts"},{"assertionResults":[{"ancestorTitles":["max hold guard (core)"],"fullName":"max hold guard (core) emits TIME_LIMIT when hold exceeds MAX_HOLD_SEC","status":"passed","title":"emits TIME_LIMIT when hold exceeds MAX_HOLD_SEC","duration":6.298099999999977,"failureMessages":[],"meta":{}}],"startTime":1758149829762,"endTime":1758149829768.298,"status":"passed","message":"","name":"C:/Users/Admin/dev/zaif-trade-bot/__tests__/unit/core/max-hold-guard.test.ts"},{"assertionResults":[{"ancestorTitles":["core/position-store"],"fullName":"core/position-store adds on bid fills and closes on ask fills","status":"passed","title":"adds on bid fills and closes on ask fills","duration":36.94579999999996,"failureMessages":[],"meta":{}}],"startTime":1758149827504,"endTime":1758149827540.9458,"status":"passed","message":"","name":"C:/Users/Admin/dev/zaif-trade-bot/__tests__/unit/core/position-store.test.ts"},{"assertionResults":[{"ancestorTitles":["core/risk"],"fullName":"core/risk calculateSma returns null when not enough data","status":"passed","title":"calculateSma returns null when not enough data","duration":6.197000000000003,"failureMessages":[],"meta":{}},{"ancestorTitles":["core/risk"],"fullName":"core/risk calculateRsi returns 50 when gains=losses=0","status":"passed","title":"calculateRsi returns 50 when gains=losses=0","duration":1.2783000000000584,"failureMessages":[],"meta":{}},{"ancestorTitles":["core/risk"],"fullName":"core/risk positionSizeFromBalance applies pct and rounds","status":"passed","title":"positionSizeFromBalance applies pct and rounds","duration":1.2560000000000855,"failureMessages":[],"meta":{}},{"ancestorTitles":["core/risk"],"fullName":"core/risk evaluateExitConditions yields RSI_EXIT when over threshold","status":"passed","title":"evaluateExitConditions yields RSI_EXIT when over threshold","duration":1.644800000000032,"failureMessages":[],"meta":{}},{"ancestorTitles":["core/risk"],"fullName":"core/risk evaluateExitConditions yields empty when no condition","status":"passed","title":"evaluateExitConditions yields empty when no condition","duration":0.7074999999999818,"failureMessages":[],"meta":{}}],"startTime":1758149828983,"endTime":1758149828993.7075,"status":"passed","message":"","name":"C:/Users/Admin/dev/zaif-trade-bot/__tests__/unit/core/risk.test.ts"},{"assertionResults":[{"ancestorTitles":["strategies counters"],"fullName":"strategies counters buy-strategy increments buy entry and may increment RSI/trail counters","status":"passed","title":"buy-strategy increments buy entry and may increment RSI/trail counters","duration":249.36610000000007,"failureMessages":[],"meta":{}},{"ancestorTitles":["strategies counters"],"fullName":"strategies counters sell-strategy increments RSI exit and trail counters and sell entry","status":"passed","title":"sell-strategy increments RSI exit and trail counters and sell entry","duration":127.26299999999992,"failureMessages":[],"meta":{}},{"ancestorTitles":["strategies counters"],"fullName":"strategies counters consecutive triggers accumulate counts (RSI and Trail)","status":"passed","title":"consecutive triggers accumulate counts (RSI and Trail)","duration":137.9321,"failureMessages":[],"meta":{}}],"startTime":1758149825700,"endTime":1758149826214.9321,"status":"passed","message":"","name":"C:/Users/Admin/dev/zaif-trade-bot/__tests__/unit/core/strategies.test.ts"},{"assertionResults":[{"ancestorTitles":["live-minimal DRY_RUN path"],"fullName":"live-minimal DRY_RUN path decideOrderType infers market when rateInput empty","status":"passed","title":"decideOrderType infers market when rateInput empty","duration":464.8257,"failureMessages":[],"meta":{}}],"startTime":1758149825694,"endTime":1758149826158.8257,"status":"passed","message":"","name":"C:/Users/Admin/dev/zaif-trade-bot/__tests__/unit/tools/live-minimal.test.ts"},{"assertionResults":[{"ancestorTitles":["report-summary formatted fields"],"fullName":"report-summary formatted fields includes summaryText and top3Table","status":"passed","title":"includes summaryText and top3Table","duration":114.81770000000006,"failureMessages":[],"meta":{}}],"startTime":1758149826860,"endTime":1758149826974.8176,"status":"passed","message":"","name":"C:/Users/Admin/dev/zaif-trade-bot/__tests__/unit/tools/report-summary.format.test.ts"},{"assertionResults":[{"ancestorTitles":["tools/report-summary"],"fullName":"tools/report-summary generates summary for paper source","status":"passed","title":"generates summary for paper source","duration":207.1631,"failureMessages":[],"meta":{}},{"ancestorTitles":["tools/report-summary"],"fullName":"tools/report-summary handles first-run with no diff file","status":"passed","title":"handles first-run with no diff file","duration":91.17049999999995,"failureMessages":[],"meta":{}}],"startTime":1758149825694,"endTime":1758149825992.1704,"status":"passed","message":"","name":"C:/Users/Admin/dev/zaif-trade-bot/__tests__/unit/tools/report-summary.test.ts"},{"assertionResults":[{"ancestorTitles":["tools/stats-graph"],"fullName":"tools/stats-graph emits svg containing legend and DD text","status":"passed","title":"emits svg containing legend and DD text","duration":109.26310000000001,"failureMessages":[],"meta":{}}],"startTime":1758149826880,"endTime":1758149826989.2632,"status":"passed","message":"","name":"C:/Users/Admin/dev/zaif-trade-bot/__tests__/unit/tools/stats-graph.test.ts"},{"assertionResults":[{"ancestorTitles":["daily-stats edge/error"],"fullName":"daily-stats edge/error loadDaily returns defaults when file missing","status":"passed","title":"loadDaily returns defaults when file missing","duration":11.889599999999973,"failureMessages":[],"meta":{}},{"ancestorTitles":["daily-stats edge/error"],"fullName":"daily-stats edge/error loadDaily returns defaults on corrupted JSON","status":"passed","title":"loadDaily returns defaults on corrupted JSON","duration":9.045399999999972,"failureMessages":[],"meta":{}},{"ancestorTitles":["daily-stats edge/error"],"fullName":"daily-stats edge/error appendFillPnl swallows write errors gracefully","status":"passed","title":"appendFillPnl swallows write errors gracefully","duration":15.582899999999995,"failureMessages":[],"meta":{}}],"startTime":1758149827974,"endTime":1758149828010.583,"status":"passed","message":"","name":"C:/Users/Admin/dev/zaif-trade-bot/__tests__/unit/utils/daily-stats.edge.test.ts"},{"assertionResults":[{"ancestorTitles":["daily-stats metrics"],"fullName":"daily-stats metrics maxDrawdown and maxConsecLosses update with mixed pnl","status":"passed","title":"maxDrawdown and maxConsecLosses update with mixed pnl","duration":16.489599999999996,"failureMessages":[],"meta":{}},{"ancestorTitles":["daily-stats metrics"],"fullName":"daily-stats metrics avgHoldSec accumulates from durationMs","status":"passed","title":"avgHoldSec accumulates from durationMs","duration":17.573499999999967,"failureMessages":[],"meta":{}}],"startTime":1758149828157,"endTime":1758149828191.5735,"status":"passed","message":"","name":"C:/Users/Admin/dev/zaif-trade-bot/__tests__/unit/utils/daily-stats.metrics.test.ts"},{"assertionResults":[{"ancestorTitles":["daily-stats"],"fullName":"daily-stats incBuyEntry and appendFillPnl update JSON","status":"passed","title":"incBuyEntry and appendFillPnl update JSON","duration":17.30709999999999,"failureMessages":[],"meta":{}},{"ancestorTitles":["daily-stats"],"fullName":"daily-stats incSellEntry twice and negative pnl accumulates","status":"passed","title":"incSellEntry twice and negative pnl accumulates","duration":12.317900000000009,"failureMessages":[],"meta":{}}],"startTime":1758149827974,"endTime":1758149828003.3179,"status":"passed","message":"","name":"C:/Users/Admin/dev/zaif-trade-bot/__tests__/unit/utils/daily-stats.test.ts"},{"assertionResults":[{"ancestorTitles":["daily-stats TTL eviction"],"fullName":"daily-stats TTL eviction evicts stale cache entries and reloads from disk","status":"passed","title":"evicts stale cache entries and reloads from disk","duration":42.53480000000002,"failureMessages":[],"meta":{}}],"startTime":1758149828039,"endTime":1758149828081.535,"status":"passed","message":"","name":"C:/Users/Admin/dev/zaif-trade-bot/__tests__/unit/utils/daily-stats.ttl.test.ts"},{"assertionResults":[{"ancestorTitles":["features-logger interval flush"],"fullName":"features-logger interval flush flushes by interval when enabled","status":"passed","title":"flushes by interval when enabled","duration":266.35169999999994,"failureMessages":[],"meta":{}}],"startTime":1758149825692,"endTime":1758149825958.3518,"status":"passed","message":"","name":"C:/Users/Admin/dev/zaif-trade-bot/__tests__/unit/utils/features-logger.interval.test.ts"},{"assertionResults":[{"ancestorTitles":["features-logger"],"fullName":"features-logger writes JSONL line and JSON latest","status":"passed","title":"writes JSONL line and JSON latest","duration":48.54950000000008,"failureMessages":[],"meta":{}}],"startTime":1758149827325,"endTime":1758149827373.5496,"status":"passed","message":"","name":"C:/Users/Admin/dev/zaif-trade-bot/__tests__/unit/utils/features-logger.test.ts"},{"assertionResults":[{"ancestorTitles":["utils/indicators","Moving Averages"],"fullName":"utils/indicators Moving Averages sma calculates simple moving average","status":"passed","title":"sma calculates simple moving average","duration":6.648000000000025,"failureMessages":[],"meta":{}},{"ancestorTitles":["utils/indicators","Moving Averages"],"fullName":"utils/indicators Moving Averages ema calculates exponential moving average","status":"passed","title":"ema calculates exponential moving average","duration":3.254599999999982,"failureMessages":[],"meta":{}},{"ancestorTitles":["utils/indicators","Moving Averages"],"fullName":"utils/indicators Moving Averages wma calculates weighted moving average","status":"passed","title":"wma calculates weighted moving average","duration":2.554899999999975,"failureMessages":[],"meta":{}},{"ancestorTitles":["utils/indicators","Moving Averages"],"fullName":"utils/indicators Moving Averages hma calculates Hull moving average","status":"passed","title":"hma calculates Hull moving average","duration":2.7478999999999587,"failureMessages":[],"meta":{}},{"ancestorTitles":["utils/indicators","Moving Averages"],"fullName":"utils/indicators Moving Averages kama calculates Kaufman's Adaptive Moving Average","status":"passed","title":"kama calculates Kaufman's Adaptive Moving Average","duration":6.877499999999941,"failureMessages":[],"meta":{}},{"ancestorTitles":["utils/indicators","Oscillators & Momentum"],"fullName":"utils/indicators Oscillators & Momentum rsi calculates Relative Strength Index","status":"passed","title":"rsi calculates Relative Strength Index","duration":4.400600000000054,"failureMessages":[],"meta":{}},{"ancestorTitles":["utils/indicators","Oscillators & Momentum"],"fullName":"utils/indicators Oscillators & Momentum macd calculates Moving Average Convergence Divergence","status":"passed","title":"macd calculates Moving Average Convergence Divergence","duration":3.9823000000000093,"failureMessages":[],"meta":{}},{"ancestorTitles":["utils/indicators","Oscillators & Momentum"],"fullName":"utils/indicators Oscillators & Momentum stochastic calculates Stochastic Oscillator","status":"passed","title":"stochastic calculates Stochastic Oscillator","duration":2.84050000000002,"failureMessages":[],"meta":{}},{"ancestorTitles":["utils/indicators","Oscillators & Momentum"],"fullName":"utils/indicators Oscillators & Momentum williamsR calculates Williams %R","status":"passed","title":"williamsR calculates Williams %R","duration":2.703300000000013,"failureMessages":[],"meta":{}},{"ancestorTitles":["utils/indicators","Oscillators & Momentum"],"fullName":"utils/indicators Oscillators & Momentum cci calculates Commodity Channel Index","status":"passed","title":"cci calculates Commodity Channel Index","duration":3.7980999999999767,"failureMessages":[],"meta":{}},{"ancestorTitles":["utils/indicators","Oscillators & Momentum"],"fullName":"utils/indicators Oscillators & Momentum roc calculates Rate of Change","status":"passed","title":"roc calculates Rate of Change","duration":5.872099999999932,"failureMessages":[],"meta":{}},{"ancestorTitles":["utils/indicators","Oscillators & Momentum"],"fullName":"utils/indicators Oscillators & Momentum momentum calculates momentum","status":"passed","title":"momentum calculates momentum","duration":7.16599999999994,"failureMessages":[],"meta":{}},{"ancestorTitles":["utils/indicators","Oscillators & Momentum"],"fullName":"utils/indicators Oscillators & Momentum deviationPct calculates price deviation percentage","status":"passed","title":"deviationPct calculates price deviation percentage","duration":2.3763999999999896,"failureMessages":[],"meta":{}},{"ancestorTitles":["utils/indicators","Volatility & Bands"],"fullName":"utils/indicators Volatility & Bands stddev calculates standard deviation","status":"passed","title":"stddev calculates standard deviation","duration":2.30499999999995,"failureMessages":[],"meta":{}},{"ancestorTitles":["utils/indicators","Volatility & Bands"],"fullName":"utils/indicators Volatility & Bands bollinger calculates Bollinger Bands","status":"passed","title":"bollinger calculates Bollinger Bands","duration":2.6160999999999603,"failureMessages":[],"meta":{}},{"ancestorTitles":["utils/indicators","Volatility & Bands"],"fullName":"utils/indicators Volatility & Bands bbWidth calculates Bollinger Band Width","status":"passed","title":"bbWidth calculates Bollinger Band Width","duration":2.0184999999999036,"failureMessages":[],"meta":{}},{"ancestorTitles":["utils/indicators","Volatility & Bands"],"fullName":"utils/indicators Volatility & Bands bollinger returns nulls when not enough data","status":"passed","title":"bollinger returns nulls when not enough data","duration":1.9437000000000353,"failureMessages":[],"meta":{}},{"ancestorTitles":["utils/indicators","Volatility & Bands"],"fullName":"utils/indicators Volatility & Bands envelopes calculates moving average envelopes","status":"passed","title":"envelopes calculates moving average envelopes","duration":2.421000000000049,"failureMessages":[],"meta":{}},{"ancestorTitles":["utils/indicators","Volatility & Bands"],"fullName":"utils/indicators Volatility & Bands atr calculates Average True Range","status":"passed","title":"atr calculates Average True Range","duration":4.997200000000021,"failureMessages":[],"meta":{}},{"ancestorTitles":["utils/indicators","Volatility & Bands"],"fullName":"utils/indicators Volatility & Bands donchianWidth calculates Donchian Channel width","status":"passed","title":"donchianWidth calculates Donchian Channel width","duration":2.4620000000001028,"failureMessages":[],"meta":{}},{"ancestorTitles":["utils/indicators","Volatility & Bands"],"fullName":"utils/indicators Volatility & Bands donchianWidth returns null when close is zero","status":"passed","title":"donchianWidth returns null when close is zero","duration":2.287900000000036,"failureMessages":[],"meta":{}},{"ancestorTitles":["utils/indicators","Other Indicators"],"fullName":"utils/indicators Other Indicators ichimoku calculates Ichimoku Cloud values","status":"passed","title":"ichimoku calculates Ichimoku Cloud values","duration":2.3454000000000406,"failureMessages":[],"meta":{}},{"ancestorTitles":["utils/indicators","Other Indicators"],"fullName":"utils/indicators Other Indicators dmiAdx calculates DMI and ADX","status":"passed","title":"dmiAdx calculates DMI and ADX","duration":2.997100000000046,"failureMessages":[],"meta":{}},{"ancestorTitles":["utils/indicators","Other Indicators"],"fullName":"utils/indicators Other Indicators dmiAdx handles no-move series as zeros","status":"passed","title":"dmiAdx handles no-move series as zeros","duration":4.747899999999959,"failureMessages":[],"meta":{}},{"ancestorTitles":["utils/indicators","Other Indicators"],"fullName":"utils/indicators Other Indicators psarStep calculates one step of Parabolic SAR","status":"passed","title":"psarStep calculates one step of Parabolic SAR","duration":3.1836000000000695,"failureMessages":[],"meta":{}},{"ancestorTitles":["utils/indicators","Other Indicators"],"fullName":"utils/indicators Other Indicators fibPosition calculates Fibonacci position","status":"passed","title":"fibPosition calculates Fibonacci position","duration":2.1499000000000024,"failureMessages":[],"meta":{}},{"ancestorTitles":["utils/indicators","Other Indicators"],"fullName":"utils/indicators Other Indicators fibonacciRetracement calculates Fibonacci retracement levels","status":"passed","title":"fibonacciRetracement calculates Fibonacci retracement levels","duration":3.7561000000000604,"failureMessages":[],"meta":{}},{"ancestorTitles":["utils/indicators","Edge Cases & Guards"],"fullName":"utils/indicators Edge Cases & Guards stochastic returns nulls when insufficient length","status":"passed","title":"stochastic returns nulls when insufficient length","duration":2.8508000000000493,"failureMessages":[],"meta":{}},{"ancestorTitles":["utils/indicators","Edge Cases & Guards"],"fullName":"utils/indicators Edge Cases & Guards ichimoku returns nulls when insufficient window","status":"passed","title":"ichimoku returns nulls when insufficient window","duration":1.8763000000000147,"failureMessages":[],"meta":{}},{"ancestorTitles":["utils/indicators","Edge Cases & Guards"],"fullName":"utils/indicators Edge Cases & Guards macd returns nulls before slow+signal seed","status":"passed","title":"macd returns nulls before slow+signal seed","duration":2.3759999999999764,"failureMessages":[],"meta":{}},{"ancestorTitles":["utils/indicators","Edge Cases & Guards"],"fullName":"utils/indicators Edge Cases & Guards roc returns null if previous value is zero","status":"passed","title":"roc returns null if previous value is zero","duration":2.572599999999966,"failureMessages":[],"meta":{}}],"startTime":1758149826877,"endTime":1758149826984.5725,"status":"passed","message":"","name":"C:/Users/Admin/dev/zaif-trade-bot/__tests__/unit/utils/indicators.test.ts"},{"assertionResults":[{"ancestorTitles":["logger JSON required meta and redaction"],"fullName":"logger JSON required meta and redaction emits JSON with redacted fields","status":"passed","title":"emits JSON with redacted fields","duration":11.191000000000031,"failureMessages":[],"meta":{}}],"startTime":1758149829149,"endTime":1758149829160.191,"status":"passed","message":"","name":"C:/Users/Admin/dev/zaif-trade-bot/__tests__/unit/utils/logger.meta.snapshot.test.ts"},{"assertionResults":[{"ancestorTitles":["utils/logger"],"fullName":"utils/logger respects LOG_LEVEL='TRACE' threshold","status":"passed","title":"respects LOG_LEVEL='TRACE' threshold","duration":8.75159999999994,"failureMessages":[],"meta":{}},{"ancestorTitles":["utils/logger"],"fullName":"utils/logger respects LOG_LEVEL='DEBUG' threshold","status":"passed","title":"respects LOG_LEVEL='DEBUG' threshold","duration":2.1071000000000595,"failureMessages":[],"meta":{}},{"ancestorTitles":["utils/logger"],"fullName":"utils/logger respects LOG_LEVEL='INFO' threshold","status":"passed","title":"respects LOG_LEVEL='INFO' threshold","duration":1.073500000000081,"failureMessages":[],"meta":{}},{"ancestorTitles":["utils/logger"],"fullName":"utils/logger respects LOG_LEVEL='WARN' threshold","status":"passed","title":"respects LOG_LEVEL='WARN' threshold","duration":1.0773000000000366,"failureMessages":[],"meta":{}},{"ancestorTitles":["utils/logger"],"fullName":"utils/logger respects LOG_LEVEL='ERROR' threshold","status":"passed","title":"respects LOG_LEVEL='ERROR' threshold","duration":0.9022999999999683,"failureMessages":[],"meta":{}},{"ancestorTitles":["utils/logger"],"fullName":"utils/logger respects LOG_LEVEL='FATAL' threshold","status":"passed","title":"respects LOG_LEVEL='FATAL' threshold","duration":0.8868999999999687,"failureMessages":[],"meta":{}},{"ancestorTitles":["utils/logger"],"fullName":"utils/logger outputs JSON when LOG_JSON=1 and includes meta","status":"passed","title":"outputs JSON when LOG_JSON=1 and includes meta","duration":2.9764000000000124,"failureMessages":[],"meta":{}},{"ancestorTitles":["utils/logger"],"fullName":"utils/logger suppresses non-error logs in TEST_MODE","status":"passed","title":"suppresses non-error logs in TEST_MODE","duration":1.0031999999999925,"failureMessages":[],"meta":{}}],"startTime":1758149828406,"endTime":1758149828426.0032,"status":"passed","message":"","name":"C:/Users/Admin/dev/zaif-trade-bot/__tests__/unit/utils/logger.test.ts"},{"assertionResults":[{"ancestorTitles":["utils/price-cache"],"fullName":"utils/price-cache loadPriceCache returns [] when file missing","status":"passed","title":"loadPriceCache returns [] when file missing","duration":10.297900000000027,"failureMessages":[],"meta":{}},{"ancestorTitles":["utils/price-cache"],"fullName":"utils/price-cache appendPriceSamples writes and getPriceSeries returns latest first","status":"passed","title":"appendPriceSamples writes and getPriceSeries returns latest first","duration":14.627800000000093,"failureMessages":[],"meta":{}},{"ancestorTitles":["utils/price-cache"],"fullName":"utils/price-cache enforces MAX_ENTRIES by trimming oldest","status":"passed","title":"enforces MAX_ENTRIES by trimming oldest","duration":19.120300000000043,"failureMessages":[],"meta":{}}],"startTime":1758149827179,"endTime":1758149827223.1204,"status":"passed","message":"","name":"C:/Users/Admin/dev/zaif-trade-bot/__tests__/unit/utils/price-cache.test.ts"},{"assertionResults":[{"ancestorTitles":["utils/result"],"fullName":"utils/result ok returns expected shape","status":"passed","title":"ok returns expected shape","duration":7.8390000000000555,"failureMessages":[],"meta":{}},{"ancestorTitles":["utils/result"],"fullName":"utils/result err returns expected shape","status":"passed","title":"err returns expected shape","duration":2.5720000000000027,"failureMessages":[],"meta":{}}],"startTime":1758149829294,"endTime":1758149829305.572,"status":"passed","message":"","name":"C:/Users/Admin/dev/zaif-trade-bot/__tests__/unit/utils/result.test.ts"},{"assertionResults":[{"ancestorTitles":["utils/signer"],"fullName":"utils/signer signBody returns deterministic HMAC","status":"passed","title":"signBody returns deterministic HMAC","duration":7.8547000000000935,"failureMessages":[],"meta":{}},{"ancestorTitles":["utils/signer"],"fullName":"utils/signer createNonce is monotonic and respects base","status":"passed","title":"createNonce is monotonic and respects base","duration":2.72969999999998,"failureMessages":[],"meta":{}},{"ancestorTitles":["utils/signer"],"fullName":"utils/signer createFlexibleNonce strictly increases within same ms","status":"passed","title":"createFlexibleNonce strictly increases within same ms","duration":2.2735000000000127,"failureMessages":[],"meta":{}}],"startTime":1758149828928,"endTime":1758149828940.2734,"status":"passed","message":"","name":"C:/Users/Admin/dev/zaif-trade-bot/__tests__/unit/utils/signer.test.ts"},{"assertionResults":[{"ancestorTitles":["utils: daily-stats summarizeDaily and features-logger error handling"],"fullName":"utils: daily-stats summarizeDaily and features-logger error handling summarizeDaily handles zero trades gracefully","status":"passed","title":"summarizeDaily handles zero trades gracefully","duration":15.402000000000044,"failureMessages":[],"meta":{}},{"ancestorTitles":["utils: daily-stats summarizeDaily and features-logger error handling"],"fullName":"utils: daily-stats summarizeDaily and features-logger error handling summarizeDaily computes averages without division issues","status":"passed","title":"summarizeDaily computes averages without division issues","duration":11.844500000000039,"failureMessages":[],"meta":{}},{"ancestorTitles":["utils: daily-stats summarizeDaily and features-logger error handling"],"fullName":"utils: daily-stats summarizeDaily and features-logger error handling features-logger swallows IO errors","status":"passed","title":"features-logger swallows IO errors","duration":59.69229999999993,"failureMessages":[],"meta":{}}],"startTime":1758149827092,"endTime":1758149827178.6924,"status":"passed","message":"","name":"C:/Users/Admin/dev/zaif-trade-bot/__tests__/unit/utils/stats-and-features.edge.test.ts"},{"assertionResults":[{"ancestorTitles":["utils/toolkit"],"fullName":"utils/toolkit clampAmountForSafety clamps with SAFETY_MODE=1","status":"passed","title":"clampAmountForSafety clamps with SAFETY_MODE=1","duration":7.742400000000089,"failureMessages":[],"meta":{}},{"ancestorTitles":["utils/toolkit"],"fullName":"utils/toolkit exposure ratio and warn pct","status":"passed","title":"exposure ratio and warn pct","duration":1.2445000000000164,"failureMessages":[],"meta":{}},{"ancestorTitles":["utils/toolkit"],"fullName":"utils/toolkit clampByExposureCap clamps when ratio exceeded","status":"passed","title":"clampByExposureCap clamps when ratio exceeded","duration":1.2769000000000688,"failureMessages":[],"meta":{}},{"ancestorTitles":["utils/toolkit"],"fullName":"utils/toolkit getExposureHardCap and getMaxHoldSec parse env","status":"passed","title":"getExposureHardCap and getMaxHoldSec parse env","duration":0.9819999999999709,"failureMessages":[],"meta":{}},{"ancestorTitles":["utils/toolkit"],"fullName":"utils/toolkit readFeatureCsvRows parses JSONL files only","status":"passed","title":"readFeatureCsvRows parses JSONL files only","duration":5.6550000000002,"failureMessages":[],"meta":{}},{"ancestorTitles":["utils/toolkit"],"fullName":"utils/toolkit readFeatureCsvRows ignores empty/invalid lines and handles missing files","status":"passed","title":"readFeatureCsvRows ignores empty/invalid lines and handles missing files","duration":4.461000000000013,"failureMessages":[],"meta":{}},{"ancestorTitles":["utils/toolkit"],"fullName":"utils/toolkit computeExposureRatio returns 0 when denominator is not positive","status":"passed","title":"computeExposureRatio returns 0 when denominator is not positive","duration":0.6953000000000884,"failureMessages":[],"meta":{}},{"ancestorTitles":["utils/toolkit"],"fullName":"utils/toolkit getFeaturesRoot falls back to logs/features when env unset","status":"passed","title":"getFeaturesRoot falls back to logs/features when env unset","duration":1.1580999999998767,"failureMessages":[],"meta":{}}],"startTime":1758149828373,"endTime":1758149828396.1582,"status":"passed","message":"","name":"C:/Users/Admin/dev/zaif-trade-bot/__tests__/unit/utils/toolkit.test.ts"}]}