{"numTotalTestSuites":18,"numPassedTestSuites":18,"numFailedTestSuites":0,"numPendingTestSuites":0,"numTotalTests":16,"numPassedTests":16,"numFailedTests":0,"numPendingTests":0,"numTodoTests":0,"snapshot":{"added":0,"failure":false,"filesAdded":0,"filesRemoved":0,"filesRemovedList":[],"filesUnmatched":0,"filesUpdated":0,"matched":0,"total":0,"unchecked":0,"uncheckedKeysByFile":[],"unmatched":0,"updated":0,"didUpdate":false},"startTime":1758145409517,"success":true,"testResults":[{"assertionResults":[{"ancestorTitles":["CircuitBreaker"],"fullName":"CircuitBreaker stays CLOSED on successes","status":"passed","title":"stays CLOSED on successes","duration":9.497999999999934,"failureMessages":[],"meta":{}},{"ancestorTitles":["CircuitBreaker"],"fullName":"CircuitBreaker opens when failure rate > 50%","status":"passed","title":"opens when failure rate > 50%","duration":5.151700000000005,"failureMessages":[],"meta":{}},{"ancestorTitles":["CircuitBreaker"],"fullName":"CircuitBreaker opens on 6 consecutive failures","status":"passed","title":"opens on 6 consecutive failures","duration":3.1660000000000537,"failureMessages":[],"meta":{}},{"ancestorTitles":["CircuitBreaker"],"fullName":"CircuitBreaker OPEN -> HALF_OPEN after cooldown, then CLOSED on successes","status":"passed","title":"OPEN -> HALF_OPEN after cooldown, then CLOSED on successes","duration":135.42459999999994,"failureMessages":[],"meta":{}},{"ancestorTitles":["CircuitBreaker"],"fullName":"CircuitBreaker HALF_OPEN failure re-opens","status":"passed","title":"HALF_OPEN failure re-opens","duration":138.47250000000008,"failureMessages":[],"meta":{}}],"startTime":1758145410488,"endTime":1758145410779.4724,"status":"passed","message":"","name":"C:/Users/Admin/dev/zaif-trade-bot/__tests__/unit/circuit-breaker.test.ts"},{"assertionResults":[{"ancestorTitles":["integration: API rate metrics"],"fullName":"integration: API rate metrics metrics reflect avg wait and rejects","status":"passed","title":"metrics reflect avg wait and rejects","duration":1307.2752,"failureMessages":[],"meta":{}}],"startTime":1758145410503,"endTime":1758145411810.2751,"status":"passed","message":"","name":"C:/Users/Admin/dev/zaif-trade-bot/__tests__/unit/integration.api.rate.metrics.test.ts"},{"assertionResults":[{"ancestorTitles":["integration: API rate limiting"],"fullName":"integration: API rate limiting queues within ~1s window; high priority acquires quickly","status":"passed","title":"queues within ~1s window; high priority acquires quickly","duration":341.8438,"failureMessages":[],"meta":{}}],"startTime":1758145410503,"endTime":1758145410844.8438,"status":"passed","message":"","name":"C:/Users/Admin/dev/zaif-trade-bot/__tests__/unit/integration.api.rate.test.ts"},{"assertionResults":[{"ancestorTitles":["RateLimiter per-category configs"],"fullName":"RateLimiter per-category configs applies independent buckets per category","status":"passed","title":"applies independent buckets per category","duration":386.64009999999996,"failureMessages":[],"meta":{}}],"startTime":1758145410505,"endTime":1758145410891.6401,"status":"passed","message":"","name":"C:/Users/Admin/dev/zaif-trade-bot/__tests__/unit/rate-limiter.category.test.ts"},{"assertionResults":[{"ancestorTitles":["RateLimiter category details"],"fullName":"RateLimiter category details includes details per category","status":"passed","title":"includes details per category","duration":278.16370000000006,"failureMessages":[],"meta":{}}],"startTime":1758145410504,"endTime":1758145410782.1638,"status":"passed","message":"","name":"C:/Users/Admin/dev/zaif-trade-bot/__tests__/unit/rate-limiter.metrics.details.test.ts"},{"assertionResults":[{"ancestorTitles":["RateLimiter metrics + reserved policy"],"fullName":"RateLimiter metrics + reserved policy emits RATE/METRICS and reserves only for ORDER","status":"passed","title":"emits RATE/METRICS and reserves only for ORDER","duration":560.4135,"failureMessages":[],"meta":{}}],"startTime":1758145410504,"endTime":1758145411064.4136,"status":"passed","message":"","name":"C:/Users/Admin/dev/zaif-trade-bot/__tests__/unit/rate-limiter.metrics.test.ts"},{"assertionResults":[{"ancestorTitles":["RateLimiter"],"fullName":"RateLimiter rejects when bucket near reserve then allows after refill","status":"passed","title":"rejects when bucket near reserve then allows after refill","duration":1227.3775,"failureMessages":[],"meta":{}},{"ancestorTitles":["RateLimiter"],"fullName":"RateLimiter high priority borrows from reserved capacity","status":"passed","title":"high priority borrows from reserved capacity","duration":106.65340000000015,"failureMessages":[],"meta":{}}],"startTime":1758145410504,"endTime":1758145411837.6533,"status":"passed","message":"","name":"C:/Users/Admin/dev/zaif-trade-bot/__tests__/unit/rate-limiter.test.ts"},{"assertionResults":[{"ancestorTitles":["BaseService.withRetry CircuitBreaker (EXEC)"],"fullName":"BaseService.withRetry CircuitBreaker (EXEC) blocks immediately when circuit is OPEN","status":"passed","title":"blocks immediately when circuit is OPEN","duration":12.699099999999987,"failureMessages":[],"meta":{}},{"ancestorTitles":["BaseService.withRetry CircuitBreaker (EXEC)"],"fullName":"BaseService.withRetry CircuitBreaker (EXEC) recovers after cooldown and success","status":"passed","title":"recovers after cooldown and success","duration":53.849699999999984,"failureMessages":[],"meta":{}}],"startTime":1758145411339,"endTime":1758145411404.8496,"status":"passed","message":"","name":"C:/Users/Admin/dev/zaif-trade-bot/__tests__/unit/adapters/base-service.cb.exec.test.ts"},{"assertionResults":[{"ancestorTitles":["BaseService.withRetry CircuitBreaker (API-PRIVATE)"],"fullName":"BaseService.withRetry CircuitBreaker (API-PRIVATE) opens circuit after consecutive failures and blocks","status":"passed","title":"opens circuit after consecutive failures and blocks","duration":18.073800000000006,"failureMessages":[],"meta":{}},{"ancestorTitles":["BaseService.withRetry CircuitBreaker (API-PRIVATE)"],"fullName":"BaseService.withRetry CircuitBreaker (API-PRIVATE) half-open allows trial after cooldown then closes on success","status":"passed","title":"half-open allows trial after cooldown then closes on success","duration":82.48659999999995,"failureMessages":[],"meta":{}}],"startTime":1758145411335,"endTime":1758145411435.4866,"status":"passed","message":"","name":"C:/Users/Admin/dev/zaif-trade-bot/__tests__/unit/adapters/base-service.cb.private.test.ts"}]}