{"numTotalTestSuites":18,"numPassedTestSuites":18,"numFailedTestSuites":0,"numPendingTestSuites":0,"numTotalTests":13,"numPassedTests":13,"numFailedTests":0,"numPendingTests":0,"numTodoTests":0,"startTime":1758122026552,"success":true,"testResults":[{"assertionResults":[{"ancestorTitles":["","execution-service events"],"fullName":" execution-service events emits ORDER_SUBMITTED on submit","status":"passed","title":"emits ORDER_SUBMITTED on submit","duration":12,"failureMessages":[]},{"ancestorTitles":["","execution-service events"],"fullName":" execution-service events emits SLIPPAGE_REPRICED when slip beyond threshold","status":"passed","title":"emits SLIPPAGE_REPRICED when slip beyond threshold","duration":422,"failureMessages":[]},{"ancestorTitles":["","execution-service events"],"fullName":" execution-service events emits ORDER_EXPIRED from pollFillState on timeout","status":"passed","title":"emits ORDER_EXPIRED from pollFillState on timeout","duration":385,"failureMessages":[]}],"startTime":1758122027759,"endTime":1758122028578,"status":"passed","message":"","name":"C:/Users/Admin/dev/zaif-trade-bot/__tests__/unit/execution-service.events.test.ts"},{"assertionResults":[{"ancestorTitles":["","metrics-dash --watch"],"fullName":" metrics-dash --watch refreshes at least twice and stops on SIGINT","status":"passed","title":"refreshes at least twice and stops on SIGINT","duration":678,"failureMessages":[]}],"startTime":1758122027347,"endTime":1758122028025,"status":"passed","message":"","name":"C:/Users/Admin/dev/zaif-trade-bot/__tests__/unit/metrics-dash.watch.test.ts"},{"assertionResults":[{"ancestorTitles":["","daily-stats subscriber"],"fullName":" daily-stats subscriber increments stats on ORDER_FILLED","status":"passed","title":"increments stats on ORDER_FILLED","duration":11,"failureMessages":[]},{"ancestorTitles":["","daily-stats subscriber"],"fullName":" daily-stats subscriber count expired/canceled as attempts","status":"passed","title":"count expired/canceled as attempts","duration":18,"failureMessages":[]}],"startTime":1758122027418,"endTime":1758122027447,"status":"passed","message":"","name":"C:/Users/Admin/dev/zaif-trade-bot/__tests__/unit/events/daily-stats.events.test.ts"},{"assertionResults":[{"ancestorTitles":["","event bus assigns eventId"],"fullName":" event bus assigns eventId assigns unique eventId","status":"passed","title":"assigns unique eventId","duration":13,"failureMessages":[]}],"startTime":1758122027900,"endTime":1758122027913,"status":"passed","message":"","name":"C:/Users/Admin/dev/zaif-trade-bot/__tests__/unit/events/event-id.test.ts"},{"assertionResults":[{"ancestorTitles":["","logger-subscriber"],"fullName":" logger-subscriber logs all ORDER events with INFO","status":"passed","title":"logs all ORDER events with INFO","duration":12,"failureMessages":[]}],"startTime":1758122027443,"endTime":1758122027455,"status":"passed","message":"","name":"C:/Users/Admin/dev/zaif-trade-bot/__tests__/unit/events/logger-subscriber.test.ts"},{"assertionResults":[{"ancestorTitles":["","position-subscriber"],"fullName":" position-subscriber updates position on ORDER_FILLED","status":"passed","title":"updates position on ORDER_FILLED","duration":9,"failureMessages":[]}],"startTime":1758122027450,"endTime":1758122027459,"status":"passed","message":"","name":"C:/Users/Admin/dev/zaif-trade-bot/__tests__/unit/events/position-subscriber.test.ts"},{"assertionResults":[{"ancestorTitles":["","stats-subscriber -> CircuitBreaker"],"fullName":" stats-subscriber -> CircuitBreaker ORDER_FILLED keeps CB CLOSED","status":"passed","title":"ORDER_FILLED keeps CB CLOSED","duration":10,"failureMessages":[]},{"ancestorTitles":["","stats-subscriber -> CircuitBreaker"],"fullName":" stats-subscriber -> CircuitBreaker 6 failures -> OPEN","status":"passed","title":"6 failures -> OPEN","duration":19,"failureMessages":[]}],"startTime":1758122027418,"endTime":1758122027447,"status":"passed","message":"","name":"C:/Users/Admin/dev/zaif-trade-bot/__tests__/unit/events/stats-subscriber.cb.test.ts"},{"assertionResults":[{"ancestorTitles":["","stats-subscriber"],"fullName":" stats-subscriber appends PnL on sell ORDER_FILLED","status":"passed","title":"appends PnL on sell ORDER_FILLED","duration":6,"failureMessages":[]}],"startTime":1758122027901,"endTime":1758122027907,"status":"passed","message":"","name":"C:/Users/Admin/dev/zaif-trade-bot/__tests__/unit/events/stats-subscriber.test.ts"},{"assertionResults":[{"ancestorTitles":["","trade-logger subscriber"],"fullName":" trade-logger subscriber appends JSON lines for events","status":"passed","title":"appends JSON lines for events","duration":15,"failureMessages":[]}],"startTime":1758122027410,"endTime":1758122027425,"status":"passed","message":"","name":"C:/Users/Admin/dev/zaif-trade-bot/__tests__/unit/events/trade-logger.events.test.ts"}]}