{"numTotalTestSuites":40,"numPassedTestSuites":40,"numFailedTestSuites":0,"numPendingTestSuites":0,"numTotalTests":32,"numPassedTests":30,"numFailedTests":0,"numPendingTests":2,"numTodoTests":0,"snapshot":{"added":0,"failure":false,"filesAdded":0,"filesRemoved":0,"filesRemovedList":[],"filesUnmatched":0,"filesUpdated":0,"matched":0,"total":0,"unchecked":0,"uncheckedKeysByFile":[],"unmatched":0,"updated":0,"didUpdate":false},"startTime":1758253823565,"success":true,"testResults":[{"assertionResults":[{"ancestorTitles":["trade-live phase escalation"],"fullName":"trade-live phase escalation promotes 1->2->3 with escalating plannedOrders","status":"passed","title":"promotes 1->2->3 with escalating plannedOrders","duration":261.4967999999999,"failureMessages":[],"meta":{}}],"startTime":1758253826835,"endTime":1758253827096.4968,"status":"passed","message":"","name":"C:/Users/Admin/dev/zaif-trade-bot/__tests__/integration-fast/trade-live.phase-escalation.test.ts"},{"assertionResults":[{"ancestorTitles":["tools/trade-live flow"],"fullName":"tools/trade-live flow emits TRADE_PLAN on dry-run and TRADE_PHASE on live promotion","status":"passed","title":"emits TRADE_PLAN on dry-run and TRADE_PHASE on live promotion","duration":27.149599999999964,"failureMessages":[],"meta":{}}],"startTime":1758253827984,"endTime":1758253828011.1497,"status":"passed","message":"","name":"C:/Users/Admin/dev/zaif-trade-bot/__tests__/integration-fast/tools/trade-live.flow.test.ts"},{"assertionResults":[{"ancestorTitles":["position-store-fs sanity"],"fullName":"position-store-fs sanity saves and loads a position","status":"passed","title":"saves and loads a position","duration":40.66809999999998,"failureMessages":[],"meta":{}}],"startTime":1758253828822,"endTime":1758253828862.6682,"status":"passed","message":"","name":"C:/Users/Admin/dev/zaif-trade-bot/__tests__/unit/adapters/position-store-fs.sanity.test.ts"},{"assertionResults":[{"ancestorTitles":["BaseService"],"fullName":"BaseService withRetry retries and eventually succeeds","status":"passed","title":"withRetry retries and eventually succeeds","duration":22.840400000000045,"failureMessages":[],"meta":{}},{"ancestorTitles":["BaseService"],"fullName":"BaseService withRetry bails early on ECONNRESET","status":"passed","title":"withRetry bails early on ECONNRESET","duration":13.756999999999948,"failureMessages":[],"meta":{}},{"ancestorTitles":["BaseService"],"fullName":"BaseService log helpers delegate to global logger","status":"passed","title":"log helpers delegate to global logger","duration":3.509200000000078,"failureMessages":[],"meta":{}}],"startTime":1758253828558,"endTime":1758253828598.5093,"status":"passed","message":"","name":"C:/Users/Admin/dev/zaif-trade-bot/__tests__/unit/services/base-service.test.ts"},{"assertionResults":[{"ancestorTitles":["services/execution-service pollFillState"],"fullName":"services/execution-service pollFillState handles partial fill increments then marks FILLED when history shows full amount (order_id match)","status":"passed","title":"handles partial fill increments then marks FILLED when history shows full amount (order_id match)","duration":1124.3867,"failureMessages":[],"meta":{}},{"ancestorTitles":["services/execution-service pollFillState"],"fullName":"services/execution-service pollFillState heuristic match path when order_id not available","status":"passed","title":"heuristic match path when order_id not available","duration":58.185199999999895,"failureMessages":[],"meta":{}},{"ancestorTitles":["services/execution-service pollFillState"],"fullName":"services/execution-service pollFillState marks CANCELLED when active missing and no fills found (overlapping path)","status":"skipped","title":"marks CANCELLED when active missing and no fills found (overlapping path)","failureMessages":[],"meta":{}}],"startTime":1758253824910,"endTime":1758253826093.1853,"status":"passed","message":"","name":"C:/Users/Admin/dev/zaif-trade-bot/__tests__/unit/services/execution-service.poll.test.ts"},{"assertionResults":[{"ancestorTitles":["adapters/execution-service pollFillState slow polling WARN"],"fullName":"adapters/execution-service pollFillState slow polling WARN emits EXEC WARN when polling exceeds 30s","status":"passed","title":"emits EXEC WARN when polling exceeds 30s","duration":2564.3802,"failureMessages":[],"meta":{}}],"startTime":1758253824979,"endTime":1758253827543.3801,"status":"passed","message":"","name":"C:/Users/Admin/dev/zaif-trade-bot/__tests__/unit/services/execution-service.poll.warn.test.ts"},{"assertionResults":[{"ancestorTitles":["services/execution-service submitWithRetry"],"fullName":"services/execution-service submitWithRetry returns immediate filled result in DRY_RUN mode","status":"passed","title":"returns immediate filled result in DRY_RUN mode","duration":1043.4465000000002,"failureMessages":[],"meta":{}},{"ancestorTitles":["services/execution-service submitWithRetry"],"fullName":"services/execution-service submitWithRetry first poll not filled then retry submission fills (covered by boundary tests)","status":"skipped","title":"first poll not filled then retry submission fills (covered by boundary tests)","failureMessages":[],"meta":{}}],"startTime":1758253824917,"endTime":1758253825960.4465,"status":"passed","message":"","name":"C:/Users/Admin/dev/zaif-trade-bot/__tests__/unit/services/execution-service.retry.test.ts"},{"assertionResults":[{"ancestorTitles":["services/execution-service.onExitFill"],"fullName":"services/execution-service.onExitFill appends realized PnL and reduces position qty","status":"passed","title":"appends realized PnL and reduces position qty","duration":2422.5670999999998,"failureMessages":[],"meta":{}}],"startTime":1758253824917,"endTime":1758253827339.5671,"status":"passed","message":"","name":"C:/Users/Admin/dev/zaif-trade-bot/__tests__/unit/services/execution-service.test.ts"},{"assertionResults":[{"ancestorTitles":["live minimal safety clamp (bid, JPY-based)"],"fullName":"live minimal safety clamp (bid, JPY-based) logs [SAFETY] amount clamped for bid with JPY clamp","status":"passed","title":"logs [SAFETY] amount clamped for bid with JPY clamp","duration":198.30279999999993,"failureMessages":[],"meta":{}}],"startTime":1758253826670,"endTime":1758253826868.3027,"status":"passed","message":"","name":"C:/Users/Admin/dev/zaif-trade-bot/__tests__/unit/services/live-minimal.safety.test.ts"},{"assertionResults":[{"ancestorTitles":["tools/live/test-minimal-live"],"fullName":"tools/live/test-minimal-live SELL_ONLY limit order gets cancelled (unfilled) and cancel is called","status":"passed","title":"SELL_ONLY limit order gets cancelled (unfilled) and cancel is called","duration":2752.7353,"failureMessages":[],"meta":{}}],"startTime":1758253824929,"endTime":1758253827681.7354,"status":"passed","message":"","name":"C:/Users/Admin/dev/zaif-trade-bot/__tests__/unit/services/live-minimal.test.ts"},{"assertionResults":[{"ancestorTitles":["live minimal safety warn"],"fullName":"live minimal safety warn emits WARN when exposure exceeds threshold (after clamp still >5%)","status":"passed","title":"emits WARN when exposure exceeds threshold (after clamp still >5%)","duration":170.72220000000004,"failureMessages":[],"meta":{}}],"startTime":1758253826861,"endTime":1758253827031.7222,"status":"passed","message":"","name":"C:/Users/Admin/dev/zaif-trade-bot/__tests__/unit/services/live-safety-warn.test.ts"},{"assertionResults":[{"ancestorTitles":["services/market-service abnormal responses"],"fullName":"services/market-service abnormal responses fetchMarketOverview tolerates partial failures (e.g., getTrades 429)","status":"passed","title":"fetchMarketOverview tolerates partial failures (e.g., getTrades 429)","duration":81.79790000000003,"failureMessages":[],"meta":{}},{"ancestorTitles":["services/market-service abnormal responses"],"fullName":"services/market-service abnormal responses fetchBalance throws Unauthorized from private api","status":"passed","title":"fetchBalance throws Unauthorized from private api","duration":107.28840000000002,"failureMessages":[],"meta":{}}],"startTime":1758253826991,"endTime":1758253827180.2883,"status":"passed","message":"","name":"C:/Users/Admin/dev/zaif-trade-bot/__tests__/unit/services/market-service.abnormal.test.ts"},{"assertionResults":[{"ancestorTitles":["services/market-service cache"],"fullName":"services/market-service cache uses cached ticker within TTL","status":"passed","title":"uses cached ticker within TTL","duration":168.62520000000006,"failureMessages":[],"meta":{}}],"startTime":1758253828262,"endTime":1758253828430.6252,"status":"passed","message":"","name":"C:/Users/Admin/dev/zaif-trade-bot/__tests__/unit/services/market-service.cache.test.ts"},{"assertionResults":[{"ancestorTitles":["services/market-service private nonce retry"],"fullName":"services/market-service private nonce retry retries on invalid nonce then succeeds","status":"passed","title":"retries on invalid nonce then succeeds","duration":837.8638000000001,"failureMessages":[],"meta":{}},{"ancestorTitles":["services/market-service private nonce retry"],"fullName":"services/market-service private nonce retry throws on Unauthorized error","status":"passed","title":"throws on Unauthorized error","duration":39.35560000000032,"failureMessages":[],"meta":{}}],"startTime":1758253824905,"endTime":1758253825782.3557,"status":"passed","message":"","name":"C:/Users/Admin/dev/zaif-trade-bot/__tests__/unit/services/market-service.nonce.test.ts"},{"assertionResults":[{"ancestorTitles":["adapters/market-service retry boundaries"],"fullName":"adapters/market-service retry boundaries retries on 429 then succeeds","status":"passed","title":"retries on 429 then succeeds","duration":764.1792999999998,"failureMessages":[],"meta":{}},{"ancestorTitles":["adapters/market-service retry boundaries"],"fullName":"adapters/market-service retry boundaries continuous 429 exhausts backoff and fails","status":"passed","title":"continuous 429 exhausts backoff and fails","duration":51.197400000000016,"failureMessages":[],"meta":{}},{"ancestorTitles":["adapters/market-service retry boundaries"],"fullName":"adapters/market-service retry boundaries ECONNRESET treated as failure without retries","status":"passed","title":"ECONNRESET treated as failure without retries","duration":77.45220000000018,"failureMessages":[],"meta":{}},{"ancestorTitles":["adapters/market-service retry boundaries"],"fullName":"adapters/market-service retry boundaries JSON parse error surfaces as failure","status":"passed","title":"JSON parse error surfaces as failure","duration":37.97469999999976,"failureMessages":[],"meta":{}}],"startTime":1758253824979,"endTime":1758253825909.9746,"status":"passed","message":"","name":"C:/Users/Admin/dev/zaif-trade-bot/__tests__/unit/services/market-service.retry.boundary.test.ts"},{"assertionResults":[{"ancestorTitles":["services/market-service"],"fullName":"services/market-service fetchMarketOverview returns aggregated data","status":"passed","title":"fetchMarketOverview returns aggregated data","duration":38.631399999999985,"failureMessages":[],"meta":{}},{"ancestorTitles":["services/market-service"],"fullName":"services/market-service fetchBalance throws on error","status":"passed","title":"fetchBalance throws on error","duration":24.392200000000003,"failureMessages":[],"meta":{}}],"startTime":1758253827763,"endTime":1758253827826.392,"status":"passed","message":"","name":"C:/Users/Admin/dev/zaif-trade-bot/__tests__/unit/services/market-service.test.ts"},{"assertionResults":[{"ancestorTitles":["max hold guard (service)"],"fullName":"max hold guard (service) emits TIME_LIMIT when hold exceeds MAX_HOLD_SEC","status":"passed","title":"emits TIME_LIMIT when hold exceeds MAX_HOLD_SEC","duration":7.7065000000000055,"failureMessages":[],"meta":{}}],"startTime":1758253829015,"endTime":1758253829022.7065,"status":"passed","message":"","name":"C:/Users/Admin/dev/zaif-trade-bot/__tests__/unit/services/max-hold-guard.test.ts"},{"assertionResults":[{"ancestorTitles":["private API rate-limit handling"],"fullName":"private API rate-limit handling placeLimitOrder retries on 429 then throws","status":"passed","title":"placeLimitOrder retries on 429 then throws","duration":21.190000000000055,"failureMessages":[],"meta":{}}],"startTime":1758253829060,"endTime":1758253829081.19,"status":"passed","message":"","name":"C:/Users/Admin/dev/zaif-trade-bot/__tests__/unit/services/private-rate-limit.test.ts"},{"assertionResults":[{"ancestorTitles":["public API abnormal cases"],"fullName":"public API abnormal cases timeout (ETIMEDOUT) is retried then warned/omitted","status":"passed","title":"timeout (ETIMEDOUT) is retried then warned/omitted","duration":27.895500000000084,"failureMessages":[],"meta":{}},{"ancestorTitles":["public API abnormal cases"],"fullName":"public API abnormal cases network error (ECONNRESET) retried then omitted","status":"passed","title":"network error (ECONNRESET) retried then omitted","duration":9.598400000000083,"failureMessages":[],"meta":{}}],"startTime":1758253828431,"endTime":1758253828468.5984,"status":"passed","message":"","name":"C:/Users/Admin/dev/zaif-trade-bot/__tests__/unit/services/public-abnormal.test.ts"},{"assertionResults":[{"ancestorTitles":["public API timeout short (RETRY_ATTEMPTS=1)"],"fullName":"public API timeout short (RETRY_ATTEMPTS=1) getTicker ETIMEDOUT causes warn path and returns partial overview","status":"passed","title":"getTicker ETIMEDOUT causes warn path and returns partial overview","duration":22.457899999999995,"failureMessages":[],"meta":{}}],"startTime":1758253828107,"endTime":1758253828129.458,"status":"passed","message":"","name":"C:/Users/Admin/dev/zaif-trade-bot/__tests__/unit/services/public-timeout-short.test.ts"}]}