{"numTotalTestSuites":18,"numPassedTestSuites":18,"numFailedTestSuites":0,"numPendingTestSuites":0,"numTotalTests":13,"numPassedTests":13,"numFailedTests":0,"numPendingTests":0,"numTodoTests":0,"snapshot":{"added":0,"failure":false,"filesAdded":0,"filesRemoved":0,"filesRemovedList":[],"filesUnmatched":0,"filesUpdated":0,"matched":0,"total":0,"unchecked":0,"uncheckedKeysByFile":[],"unmatched":0,"updated":0,"didUpdate":false},"startTime":1758145413066,"success":true,"testResults":[{"assertionResults":[{"ancestorTitles":["execution-service events"],"fullName":"execution-service events emits ORDER_SUBMITTED on submit","status":"passed","title":"emits ORDER_SUBMITTED on submit","duration":15.06659999999988,"failureMessages":[],"meta":{}},{"ancestorTitles":["execution-service events"],"fullName":"execution-service events emits SLIPPAGE_REPRICED when slip beyond threshold","status":"passed","title":"emits SLIPPAGE_REPRICED when slip beyond threshold","duration":313.155,"failureMessages":[],"meta":{}},{"ancestorTitles":["execution-service events"],"fullName":"execution-service events emits ORDER_EXPIRED from pollFillState on timeout","status":"passed","title":"emits ORDER_EXPIRED from pollFillState on timeout","duration":357.83299999999986,"failureMessages":[],"meta":{}}],"startTime":1758145414804,"endTime":1758145415490.833,"status":"passed","message":"","name":"C:/Users/Admin/dev/zaif-trade-bot/__tests__/unit/execution-service.events.test.ts"},{"assertionResults":[{"ancestorTitles":["metrics-dash --watch"],"fullName":"metrics-dash --watch refreshes at least twice and stops on SIGINT","status":"passed","title":"refreshes at least twice and stops on SIGINT","duration":695.8430000000001,"failureMessages":[],"meta":{}}],"startTime":1758145414303,"endTime":1758145414998.843,"status":"passed","message":"","name":"C:/Users/Admin/dev/zaif-trade-bot/__tests__/unit/metrics-dash.watch.test.ts"},{"assertionResults":[{"ancestorTitles":["daily-stats subscriber"],"fullName":"daily-stats subscriber increments stats on ORDER_FILLED","status":"passed","title":"increments stats on ORDER_FILLED","duration":14.26319999999987,"failureMessages":[],"meta":{}},{"ancestorTitles":["daily-stats subscriber"],"fullName":"daily-stats subscriber count expired/canceled as attempts","status":"passed","title":"count expired/canceled as attempts","duration":4.939499999999953,"failureMessages":[],"meta":{}}],"startTime":1758145414376,"endTime":1758145414394.9395,"status":"passed","message":"","name":"C:/Users/Admin/dev/zaif-trade-bot/__tests__/unit/events/daily-stats.events.test.ts"},{"assertionResults":[{"ancestorTitles":["event bus assigns eventId"],"fullName":"event bus assigns eventId assigns unique eventId","status":"passed","title":"assigns unique eventId","duration":6.377100000000041,"failureMessages":[],"meta":{}}],"startTime":1758145414139,"endTime":1758145414145.3772,"status":"passed","message":"","name":"C:/Users/Admin/dev/zaif-trade-bot/__tests__/unit/events/event-id.test.ts"},{"assertionResults":[{"ancestorTitles":["logger-subscriber"],"fullName":"logger-subscriber logs all ORDER events with INFO","status":"passed","title":"logs all ORDER events with INFO","duration":10.337499999999977,"failureMessages":[],"meta":{}}],"startTime":1758145414899,"endTime":1758145414909.3374,"status":"passed","message":"","name":"C:/Users/Admin/dev/zaif-trade-bot/__tests__/unit/events/logger-subscriber.test.ts"},{"assertionResults":[{"ancestorTitles":["position-subscriber"],"fullName":"position-subscriber updates position on ORDER_FILLED","status":"passed","title":"updates position on ORDER_FILLED","duration":9.30540000000002,"failureMessages":[],"meta":{}}],"startTime":1758145414972,"endTime":1758145414981.3054,"status":"passed","message":"","name":"C:/Users/Admin/dev/zaif-trade-bot/__tests__/unit/events/position-subscriber.test.ts"},{"assertionResults":[{"ancestorTitles":["stats-subscriber -> CircuitBreaker"],"fullName":"stats-subscriber -> CircuitBreaker ORDER_FILLED keeps CB CLOSED","status":"passed","title":"ORDER_FILLED keeps CB CLOSED","duration":11.120699999999943,"failureMessages":[],"meta":{}},{"ancestorTitles":["stats-subscriber -> CircuitBreaker"],"fullName":"stats-subscriber -> CircuitBreaker 6 failures -> OPEN","status":"passed","title":"6 failures -> OPEN","duration":18.636400000000094,"failureMessages":[],"meta":{}}],"startTime":1758145414374,"endTime":1758145414404.6365,"status":"passed","message":"","name":"C:/Users/Admin/dev/zaif-trade-bot/__tests__/unit/events/stats-subscriber.cb.test.ts"},{"assertionResults":[{"ancestorTitles":["stats-subscriber"],"fullName":"stats-subscriber appends PnL on sell ORDER_FILLED","status":"passed","title":"appends PnL on sell ORDER_FILLED","duration":14.640499999999975,"failureMessages":[],"meta":{}}],"startTime":1758145414374,"endTime":1758145414388.6404,"status":"passed","message":"","name":"C:/Users/Admin/dev/zaif-trade-bot/__tests__/unit/events/stats-subscriber.test.ts"},{"assertionResults":[{"ancestorTitles":["trade-logger subscriber"],"fullName":"trade-logger subscriber appends JSON lines for events","status":"passed","title":"appends JSON lines for events","duration":15.177400000000034,"failureMessages":[],"meta":{}}],"startTime":1758145414344,"endTime":1758145414359.1775,"status":"passed","message":"","name":"C:/Users/Admin/dev/zaif-trade-bot/__tests__/unit/events/trade-logger.events.test.ts"}]}