{"numTotalTestSuites":18,"numPassedTestSuites":18,"numFailedTestSuites":0,"numPendingTestSuites":0,"numTotalTests":16,"numPassedTests":16,"numFailedTests":0,"numPendingTests":0,"numTodoTests":0,"startTime":1758122020438,"success":true,"testResults":[{"assertionResults":[{"ancestorTitles":["","CircuitBreaker"],"fullName":" CircuitBreaker stays CLOSED on successes","status":"passed","title":"stays CLOSED on successes","duration":5,"failureMessages":[]},{"ancestorTitles":["","CircuitBreaker"],"fullName":" CircuitBreaker opens when failure rate > 50%","status":"passed","title":"opens when failure rate > 50%","duration":4,"failureMessages":[]},{"ancestorTitles":["","CircuitBreaker"],"fullName":" CircuitBreaker opens on 6 consecutive failures","status":"passed","title":"opens on 6 consecutive failures","duration":2,"failureMessages":[]},{"ancestorTitles":["","CircuitBreaker"],"fullName":" CircuitBreaker OPEN -> HALF_OPEN after cooldown, then CLOSED on successes","status":"passed","title":"OPEN -> HALF_OPEN after cooldown, then CLOSED on successes","duration":126,"failureMessages":[]},{"ancestorTitles":["","CircuitBreaker"],"fullName":" CircuitBreaker HALF_OPEN failure re-opens","status":"passed","title":"HALF_OPEN failure re-opens","duration":125,"failureMessages":[]}],"startTime":1758122021255,"endTime":1758122021517,"status":"passed","message":"","name":"C:/Users/Admin/dev/zaif-trade-bot/__tests__/unit/circuit-breaker.test.ts"},{"assertionResults":[{"ancestorTitles":["","integration: API rate metrics"],"fullName":" integration: API rate metrics metrics reflect avg wait and rejects","status":"passed","title":"metrics reflect avg wait and rejects","duration":1287,"failureMessages":[]}],"startTime":1758122021258,"endTime":1758122022545,"status":"passed","message":"","name":"C:/Users/Admin/dev/zaif-trade-bot/__tests__/unit/integration.api.rate.metrics.test.ts"},{"assertionResults":[{"ancestorTitles":["","integration: API rate limiting"],"fullName":" integration: API rate limiting queues within ~1s window; high priority acquires quickly","status":"passed","title":"queues within ~1s window; high priority acquires quickly","duration":325,"failureMessages":[]}],"startTime":1758122021770,"endTime":1758122022095,"status":"passed","message":"","name":"C:/Users/Admin/dev/zaif-trade-bot/__tests__/unit/integration.api.rate.test.ts"},{"assertionResults":[{"ancestorTitles":["","RateLimiter per-category configs"],"fullName":" RateLimiter per-category configs applies independent buckets per category","status":"passed","title":"applies independent buckets per category","duration":366,"failureMessages":[]}],"startTime":1758122021257,"endTime":1758122021623,"status":"passed","message":"","name":"C:/Users/Admin/dev/zaif-trade-bot/__tests__/unit/rate-limiter.category.test.ts"},{"assertionResults":[{"ancestorTitles":["","RateLimiter category details"],"fullName":" RateLimiter category details includes details per category","status":"passed","title":"includes details per category","duration":279,"failureMessages":[]}],"startTime":1758122021242,"endTime":1758122021521,"status":"passed","message":"","name":"C:/Users/Admin/dev/zaif-trade-bot/__tests__/unit/rate-limiter.metrics.details.test.ts"},{"assertionResults":[{"ancestorTitles":["","RateLimiter metrics + reserved policy"],"fullName":" RateLimiter metrics + reserved policy emits RATE/METRICS and reserves only for ORDER","status":"passed","title":"emits RATE/METRICS and reserves only for ORDER","duration":527,"failureMessages":[]}],"startTime":1758122021242,"endTime":1758122021769,"status":"passed","message":"","name":"C:/Users/Admin/dev/zaif-trade-bot/__tests__/unit/rate-limiter.metrics.test.ts"},{"assertionResults":[{"ancestorTitles":["","RateLimiter"],"fullName":" RateLimiter rejects when bucket near reserve then allows after refill","status":"passed","title":"rejects when bucket near reserve then allows after refill","duration":1218,"failureMessages":[]},{"ancestorTitles":["","RateLimiter"],"fullName":" RateLimiter high priority borrows from reserved capacity","status":"passed","title":"high priority borrows from reserved capacity","duration":104,"failureMessages":[]}],"startTime":1758122021730,"endTime":1758122023053,"status":"passed","message":"","name":"C:/Users/Admin/dev/zaif-trade-bot/__tests__/unit/rate-limiter.test.ts"},{"assertionResults":[{"ancestorTitles":["","BaseService.withRetry CircuitBreaker (EXEC)"],"fullName":" BaseService.withRetry CircuitBreaker (EXEC) blocks immediately when circuit is OPEN","status":"passed","title":"blocks immediately when circuit is OPEN","duration":14,"failureMessages":[]},{"ancestorTitles":["","BaseService.withRetry CircuitBreaker (EXEC)"],"fullName":" BaseService.withRetry CircuitBreaker (EXEC) recovers after cooldown and success","status":"passed","title":"recovers after cooldown and success","duration":49,"failureMessages":[]}],"startTime":1758122021255,"endTime":1758122021318,"status":"passed","message":"","name":"C:/Users/Admin/dev/zaif-trade-bot/__tests__/unit/adapters/base-service.cb.exec.test.ts"},{"assertionResults":[{"ancestorTitles":["","BaseService.withRetry CircuitBreaker (API-PRIVATE)"],"fullName":" BaseService.withRetry CircuitBreaker (API-PRIVATE) opens circuit after consecutive failures and blocks","status":"passed","title":"opens circuit after consecutive failures and blocks","duration":20,"failureMessages":[]},{"ancestorTitles":["","BaseService.withRetry CircuitBreaker (API-PRIVATE)"],"fullName":" BaseService.withRetry CircuitBreaker (API-PRIVATE) half-open allows trial after cooldown then closes on success","status":"passed","title":"half-open allows trial after cooldown then closes on success","duration":68,"failureMessages":[]}],"startTime":1758122021257,"endTime":1758122021345,"status":"passed","message":"","name":"C:/Users/Admin/dev/zaif-trade-bot/__tests__/unit/adapters/base-service.cb.private.test.ts"}]}