{"numTotalTestSuites":78,"numPassedTestSuites":78,"numFailedTestSuites":0,"numPendingTestSuites":0,"numTotalTests":83,"numPassedTests":83,"numFailedTests":0,"numPendingTests":0,"numTodoTests":0,"startTime":1757855689271,"success":true,"testResults":[{"assertionResults":[{"ancestorTitles":["","live-minimal DRY_RUN path"],"fullName":" live-minimal DRY_RUN path decideOrderType infers market when rateInput empty","status":"passed","title":"decideOrderType infers market when rateInput empty","duration":610,"failureMessages":[]}],"startTime":1757855698493,"endTime":1757855699103,"status":"passed","message":"","name":"C:/Users/Admin/dev/zaif-trade-bot/__tests__/unit/tools/live-minimal.test.ts"},{"assertionResults":[{"ancestorTitles":["","report-summary formatted fields"],"fullName":" report-summary formatted fields includes summaryText and top3Table","status":"passed","title":"includes summaryText and top3Table","duration":123,"failureMessages":[]}],"startTime":1757855693448,"endTime":1757855693571,"status":"passed","message":"","name":"C:/Users/Admin/dev/zaif-trade-bot/__tests__/unit/tools/report-summary.format.test.ts"},{"assertionResults":[{"ancestorTitles":["","tools/report-summary"],"fullName":" tools/report-summary generates summary for paper source","status":"passed","title":"generates summary for paper source","duration":281,"failureMessages":[]},{"ancestorTitles":["","tools/report-summary"],"fullName":" tools/report-summary handles first-run with no diff file","status":"passed","title":"handles first-run with no diff file","duration":86,"failureMessages":[]}],"startTime":1757855690232,"endTime":1757855690600,"status":"passed","message":"","name":"C:/Users/Admin/dev/zaif-trade-bot/__tests__/unit/tools/report-summary.test.ts"},{"assertionResults":[{"ancestorTitles":["","tools/stats-graph"],"fullName":" tools/stats-graph emits svg containing legend and DD text","status":"passed","title":"emits svg containing legend and DD text","duration":68,"failureMessages":[]}],"startTime":1757855693110,"endTime":1757855693178,"status":"passed","message":"","name":"C:/Users/Admin/dev/zaif-trade-bot/__tests__/unit/tools/stats-graph.test.ts"},{"assertionResults":[{"ancestorTitles":["","core/execution minimal coverage"],"fullName":" core/execution minimal coverage submitOrderWithRetry DRY_RUN returns immediate filled summary","status":"passed","title":"submitOrderWithRetry DRY_RUN returns immediate filled summary","duration":53,"failureMessages":[]},{"ancestorTitles":["","core/execution minimal coverage"],"fullName":" core/execution minimal coverage onExitFill updates stats and reduces position qty (success path)","status":"passed","title":"onExitFill updates stats and reduces position qty (success path)","duration":48,"failureMessages":[]},{"ancestorTitles":["","core/execution minimal coverage"],"fullName":" core/execution minimal coverage cancelOrder throws on API error (propagates)","status":"passed","title":"cancelOrder throws on API error (propagates)","duration":10,"failureMessages":[]}],"startTime":1757855692603,"endTime":1757855692715,"status":"passed","message":"","name":"C:/Users/Admin/dev/zaif-trade-bot/__tests__/unit/core/execution.core.test.ts"},{"assertionResults":[{"ancestorTitles":["","core/risk/guards.validateOrderPlacement"],"fullName":" core/risk/guards.validateOrderPlacement blocks when qty below min trade size","status":"passed","title":"blocks when qty below min trade size","duration":21,"failureMessages":[]},{"ancestorTitles":["","core/risk/guards.validateOrderPlacement"],"fullName":" core/risk/guards.validateOrderPlacement blocks when position + buy qty exceeds max position size","status":"passed","title":"blocks when position + buy qty exceeds max position size","duration":4,"failureMessages":[]},{"ancestorTitles":["","core/risk/guards.validateOrderPlacement"],"fullName":" core/risk/guards.validateOrderPlacement blocks SELL when current position already exceeds max position size","status":"passed","title":"blocks SELL when current position already exceeds max position size","duration":2,"failureMessages":[]},{"ancestorTitles":["","core/risk/guards.validateOrderPlacement"],"fullName":" core/risk/guards.validateOrderPlacement blocks when notional exceeds max","status":"passed","title":"blocks when notional exceeds max","duration":1,"failureMessages":[]},{"ancestorTitles":["","core/risk/guards.validateOrderPlacement"],"fullName":" core/risk/guards.validateOrderPlacement blocks when open orders exceed limit","status":"passed","title":"blocks when open orders exceed limit","duration":2,"failureMessages":[]},{"ancestorTitles":["","core/risk/guards.validateOrderPlacement"],"fullName":" core/risk/guards.validateOrderPlacement blocks within cooldown after last exit","status":"passed","title":"blocks within cooldown after last exit","duration":1,"failureMessages":[]},{"ancestorTitles":["","core/risk/guards.validateOrderPlacement"],"fullName":" core/risk/guards.validateOrderPlacement allows when all conditions pass","status":"passed","title":"allows when all conditions pass","duration":2,"failureMessages":[]}],"startTime":1757855692049,"endTime":1757855692082,"status":"passed","message":"","name":"C:/Users/Admin/dev/zaif-trade-bot/__tests__/unit/core/guards.test.ts"},{"assertionResults":[{"ancestorTitles":["","core/market"],"fullName":" core/market calcRealizedPnL matches FIFO and sums correctly","status":"passed","title":"calcRealizedPnL matches FIFO and sums correctly","duration":16,"failureMessages":[]}],"startTime":1757855698545,"endTime":1757855698561,"status":"passed","message":"","name":"C:/Users/Admin/dev/zaif-trade-bot/__tests__/unit/core/market.test.ts"},{"assertionResults":[{"ancestorTitles":["","max hold guard (core)"],"fullName":" max hold guard (core) emits TIME_LIMIT when hold exceeds MAX_HOLD_SEC","status":"passed","title":"emits TIME_LIMIT when hold exceeds MAX_HOLD_SEC","duration":31,"failureMessages":[]}],"startTime":1757855697399,"endTime":1757855697430,"status":"passed","message":"","name":"C:/Users/Admin/dev/zaif-trade-bot/__tests__/unit/core/max-hold-guard.test.ts"},{"assertionResults":[{"ancestorTitles":["","core/position-store"],"fullName":" core/position-store adds on bid fills and closes on ask fills","status":"passed","title":"adds on bid fills and closes on ask fills","duration":28,"failureMessages":[]}],"startTime":1757855696025,"endTime":1757855696053,"status":"passed","message":"","name":"C:/Users/Admin/dev/zaif-trade-bot/__tests__/unit/core/position-store.test.ts"},{"assertionResults":[{"ancestorTitles":["","core/risk"],"fullName":" core/risk calculateSma returns null when not enough data","status":"passed","title":"calculateSma returns null when not enough data","duration":22,"failureMessages":[]},{"ancestorTitles":["","core/risk"],"fullName":" core/risk calculateRsi returns 50 when gains=losses=0","status":"passed","title":"calculateRsi returns 50 when gains=losses=0","duration":1,"failureMessages":[]},{"ancestorTitles":["","core/risk"],"fullName":" core/risk positionSizeFromBalance applies pct and rounds","status":"passed","title":"positionSizeFromBalance applies pct and rounds","duration":2,"failureMessages":[]},{"ancestorTitles":["","core/risk"],"fullName":" core/risk evaluateExitConditions yields RSI_EXIT when over threshold","status":"passed","title":"evaluateExitConditions yields RSI_EXIT when over threshold","duration":2,"failureMessages":[]},{"ancestorTitles":["","core/risk"],"fullName":" core/risk evaluateExitConditions yields empty when no condition","status":"passed","title":"evaluateExitConditions yields empty when no condition","duration":1,"failureMessages":[]}],"startTime":1757855694064,"endTime":1757855694093,"status":"passed","message":"","name":"C:/Users/Admin/dev/zaif-trade-bot/__tests__/unit/core/risk.test.ts"},{"assertionResults":[{"ancestorTitles":["","strategies counters"],"fullName":" strategies counters buy-strategy increments buy entry and may increment RSI/trail counters","status":"passed","title":"buy-strategy increments buy entry and may increment RSI/trail counters","duration":349,"failureMessages":[]},{"ancestorTitles":["","strategies counters"],"fullName":" strategies counters sell-strategy increments RSI exit and trail counters and sell entry","status":"passed","title":"sell-strategy increments RSI exit and trail counters and sell entry","duration":97,"failureMessages":[]},{"ancestorTitles":["","strategies counters"],"fullName":" strategies counters consecutive triggers accumulate counts (RSI and Trail)","status":"passed","title":"consecutive triggers accumulate counts (RSI and Trail)","duration":75,"failureMessages":[]}],"startTime":1757855690246,"endTime":1757855690767,"status":"passed","message":"","name":"C:/Users/Admin/dev/zaif-trade-bot/__tests__/unit/core/strategies.test.ts"},{"assertionResults":[{"ancestorTitles":["","tools/ml/ml-search --use-cache avoids regeneration"],"fullName":" tools/ml/ml-search --use-cache avoids regeneration uses existing dataset with --use-cache and does not spawn ml-export","status":"passed","title":"uses existing dataset with --use-cache and does not spawn ml-export","duration":1511,"failureMessages":[]}],"startTime":1757855695723,"endTime":1757855697234,"status":"passed","message":"","name":"C:/Users/Admin/dev/zaif-trade-bot/__tests__/unit/ml/ml-search.cache.test.ts"},{"assertionResults":[{"ancestorTitles":["","ml-simulate"],"fullName":" ml-simulate computes winRate and pnl","status":"passed","title":"computes winRate and pnl","duration":4332,"failureMessages":[]},{"ancestorTitles":["","ml-simulate"],"fullName":" ml-simulate counts trade even when only win flag is present","status":"passed","title":"counts trade even when only win flag is present","duration":4423,"failureMessages":[]},{"ancestorTitles":["","ml-simulate"],"fullName":" ml-simulate returns zeros when no rows","status":"passed","title":"returns zeros when no rows","duration":2012,"failureMessages":[]}],"startTime":1757855690232,"endTime":1757855700999,"status":"passed","message":"","name":"C:/Users/Admin/dev/zaif-trade-bot/__tests__/unit/ml/ml-simulate.test.ts"},{"assertionResults":[{"ancestorTitles":["","services/execution-service pollFillState"],"fullName":" services/execution-service pollFillState handles partial fill increments then marks FILLED when history shows full amount (order_id match)","status":"passed","title":"handles partial fill increments then marks FILLED when history shows full amount (order_id match)","duration":768,"failureMessages":[]},{"ancestorTitles":["","services/execution-service pollFillState"],"fullName":" services/execution-service pollFillState heuristic match path when order_id not available","status":"passed","title":"heuristic match path when order_id not available","duration":75,"failureMessages":[]},{"ancestorTitles":["","services/execution-service pollFillState"],"fullName":" services/execution-service pollFillState marks CANCELLED when active missing and no fills found","status":"passed","title":"marks CANCELLED when active missing and no fills found","duration":99,"failureMessages":[]}],"startTime":1757855690238,"endTime":1757855691180,"status":"passed","message":"","name":"C:/Users/Admin/dev/zaif-trade-bot/__tests__/unit/services/execution-service.poll.test.ts"},{"assertionResults":[{"ancestorTitles":["","services/execution-service submitWithRetry"],"fullName":" services/execution-service submitWithRetry returns immediate filled result in DRY_RUN mode","status":"passed","title":"returns immediate filled result in DRY_RUN mode","duration":74,"failureMessages":[]},{"ancestorTitles":["","services/execution-service submitWithRetry"],"fullName":" services/execution-service submitWithRetry first poll not filled then retry submission fills","status":"passed","title":"first poll not filled then retry submission fills","duration":139,"failureMessages":[]}],"startTime":1757855690421,"endTime":1757855690635,"status":"passed","message":"","name":"C:/Users/Admin/dev/zaif-trade-bot/__tests__/unit/services/execution-service.retry.test.ts"},{"assertionResults":[{"ancestorTitles":["","services/execution-service.onExitFill"],"fullName":" services/execution-service.onExitFill appends realized PnL and reduces position qty","status":"passed","title":"appends realized PnL and reduces position qty","duration":1859,"failureMessages":[]}],"startTime":1757855692913,"endTime":1757855694772,"status":"passed","message":"","name":"C:/Users/Admin/dev/zaif-trade-bot/__tests__/unit/services/execution-service.test.ts"},{"assertionResults":[{"ancestorTitles":["","live minimal safety clamp (bid, JPY-based)"],"fullName":" live minimal safety clamp (bid, JPY-based) logs [SAFETY] amount clamped for bid with JPY clamp","status":"passed","title":"logs [SAFETY] amount clamped for bid with JPY clamp","duration":168,"failureMessages":[]}],"startTime":1757855691988,"endTime":1757855692156,"status":"passed","message":"","name":"C:/Users/Admin/dev/zaif-trade-bot/__tests__/unit/services/live-minimal.safety.test.ts"},{"assertionResults":[{"ancestorTitles":["","tools/live/test-minimal-live"],"fullName":" tools/live/test-minimal-live SELL_ONLY limit order gets cancelled (unfilled) and cancel is called","status":"passed","title":"SELL_ONLY limit order gets cancelled (unfilled) and cancel is called","duration":2298,"failureMessages":[]}],"startTime":1757855690319,"endTime":1757855692617,"status":"passed","message":"","name":"C:/Users/Admin/dev/zaif-trade-bot/__tests__/unit/services/live-minimal.test.ts"},{"assertionResults":[{"ancestorTitles":["","live minimal safety warn"],"fullName":" live minimal safety warn emits WARN when exposure exceeds threshold (after clamp still >5%)","status":"passed","title":"emits WARN when exposure exceeds threshold (after clamp still >5%)","duration":191,"failureMessages":[]}],"startTime":1757855692013,"endTime":1757855692204,"status":"passed","message":"","name":"C:/Users/Admin/dev/zaif-trade-bot/__tests__/unit/services/live-safety-warn.test.ts"},{"assertionResults":[{"ancestorTitles":["","services/market-service abnormal responses"],"fullName":" services/market-service abnormal responses fetchMarketOverview tolerates partial failures (e.g., getTrades 429)","status":"passed","title":"fetchMarketOverview tolerates partial failures (e.g., getTrades 429)","duration":110,"failureMessages":[]},{"ancestorTitles":["","services/market-service abnormal responses"],"fullName":" services/market-service abnormal responses fetchBalance throws Unauthorized from private api","status":"passed","title":"fetchBalance throws Unauthorized from private api","duration":25,"failureMessages":[]}],"startTime":1757855694752,"endTime":1757855694887,"status":"passed","message":"","name":"C:/Users/Admin/dev/zaif-trade-bot/__tests__/unit/services/market-service.abnormal.test.ts"},{"assertionResults":[{"ancestorTitles":["","services/market-service cache"],"fullName":" services/market-service cache uses cached ticker within TTL","status":"passed","title":"uses cached ticker within TTL","duration":58,"failureMessages":[]}],"startTime":1757855697358,"endTime":1757855697416,"status":"passed","message":"","name":"C:/Users/Admin/dev/zaif-trade-bot/__tests__/unit/services/market-service.cache.test.ts"},{"assertionResults":[{"ancestorTitles":["","services/market-service private nonce retry"],"fullName":" services/market-service private nonce retry retries on invalid nonce then succeeds","status":"passed","title":"retries on invalid nonce then succeeds","duration":378,"failureMessages":[]},{"ancestorTitles":["","services/market-service private nonce retry"],"fullName":" services/market-service private nonce retry throws on Unauthorized error","status":"passed","title":"throws on Unauthorized error","duration":45,"failureMessages":[]}],"startTime":1757855695752,"endTime":1757855696176,"status":"passed","message":"","name":"C:/Users/Admin/dev/zaif-trade-bot/__tests__/unit/services/market-service.nonce.test.ts"},{"assertionResults":[{"ancestorTitles":["","services/market-service"],"fullName":" services/market-service fetchMarketOverview returns aggregated data","status":"passed","title":"fetchMarketOverview returns aggregated data","duration":171,"failureMessages":[]},{"ancestorTitles":["","services/market-service"],"fullName":" services/market-service fetchBalance throws on error","status":"passed","title":"fetchBalance throws on error","duration":63,"failureMessages":[]}],"startTime":1757855696282,"endTime":1757855696517,"status":"passed","message":"","name":"C:/Users/Admin/dev/zaif-trade-bot/__tests__/unit/services/market-service.test.ts"},{"assertionResults":[{"ancestorTitles":["","max hold guard (service)"],"fullName":" max hold guard (service) emits TIME_LIMIT when hold exceeds MAX_HOLD_SEC","status":"passed","title":"emits TIME_LIMIT when hold exceeds MAX_HOLD_SEC","duration":24,"failureMessages":[]}],"startTime":1757855695988,"endTime":1757855696012,"status":"passed","message":"","name":"C:/Users/Admin/dev/zaif-trade-bot/__tests__/unit/services/max-hold-guard.test.ts"},{"assertionResults":[{"ancestorTitles":["","private API rate-limit handling"],"fullName":" private API rate-limit handling placeLimitOrder retries on 429 then throws","status":"passed","title":"placeLimitOrder retries on 429 then throws","duration":54,"failureMessages":[]}],"startTime":1757855698397,"endTime":1757855698451,"status":"passed","message":"","name":"C:/Users/Admin/dev/zaif-trade-bot/__tests__/unit/services/private-rate-limit.test.ts"},{"assertionResults":[{"ancestorTitles":["","public API abnormal cases"],"fullName":" public API abnormal cases timeout (ETIMEDOUT) is retried then warned/omitted","status":"passed","title":"timeout (ETIMEDOUT) is retried then warned/omitted","duration":63,"failureMessages":[]},{"ancestorTitles":["","public API abnormal cases"],"fullName":" public API abnormal cases network error (ECONNRESET) retried then omitted","status":"passed","title":"network error (ECONNRESET) retried then omitted","duration":3,"failureMessages":[]}],"startTime":1757855694866,"endTime":1757855694932,"status":"passed","message":"","name":"C:/Users/Admin/dev/zaif-trade-bot/__tests__/unit/services/public-abnormal.test.ts"},{"assertionResults":[{"ancestorTitles":["","public API timeout short (RETRY_ATTEMPTS=1)"],"fullName":" public API timeout short (RETRY_ATTEMPTS=1) getTicker ETIMEDOUT causes warn path and returns partial overview","status":"passed","title":"getTicker ETIMEDOUT causes warn path and returns partial overview","duration":60,"failureMessages":[]}],"startTime":1757855697337,"endTime":1757855697397,"status":"passed","message":"","name":"C:/Users/Admin/dev/zaif-trade-bot/__tests__/unit/services/public-timeout-short.test.ts"},{"assertionResults":[{"ancestorTitles":["","daily-stats edge/error"],"fullName":" daily-stats edge/error loadDaily returns defaults when file missing","status":"passed","title":"loadDaily returns defaults when file missing","duration":75,"failureMessages":[]},{"ancestorTitles":["","daily-stats edge/error"],"fullName":" daily-stats edge/error loadDaily returns defaults on corrupted JSON","status":"passed","title":"loadDaily returns defaults on corrupted JSON","duration":9,"failureMessages":[]},{"ancestorTitles":["","daily-stats edge/error"],"fullName":" daily-stats edge/error appendFillPnl swallows write errors gracefully","status":"passed","title":"appendFillPnl swallows write errors gracefully","duration":17,"failureMessages":[]}],"startTime":1757855694729,"endTime":1757855694830,"status":"passed","message":"","name":"C:/Users/Admin/dev/zaif-trade-bot/__tests__/unit/utils/daily-stats.edge.test.ts"},{"assertionResults":[{"ancestorTitles":["","daily-stats metrics"],"fullName":" daily-stats metrics maxDrawdown and maxConsecLosses update with mixed pnl","status":"passed","title":"maxDrawdown and maxConsecLosses update with mixed pnl","duration":36,"failureMessages":[]},{"ancestorTitles":["","daily-stats metrics"],"fullName":" daily-stats metrics avgHoldSec accumulates from durationMs","status":"passed","title":"avgHoldSec accumulates from durationMs","duration":17,"failureMessages":[]}],"startTime":1757855693703,"endTime":1757855693757,"status":"passed","message":"","name":"C:/Users/Admin/dev/zaif-trade-bot/__tests__/unit/utils/daily-stats.metrics.test.ts"},{"assertionResults":[{"ancestorTitles":["","daily-stats"],"fullName":" daily-stats incBuyEntry and appendFillPnl update JSON","status":"passed","title":"incBuyEntry and appendFillPnl update JSON","duration":40,"failureMessages":[]},{"ancestorTitles":["","daily-stats"],"fullName":" daily-stats incSellEntry twice and negative pnl accumulates","status":"passed","title":"incSellEntry twice and negative pnl accumulates","duration":20,"failureMessages":[]}],"startTime":1757855695180,"endTime":1757855695241,"status":"passed","message":"","name":"C:/Users/Admin/dev/zaif-trade-bot/__tests__/unit/utils/daily-stats.test.ts"},{"assertionResults":[{"ancestorTitles":["","daily-stats TTL eviction"],"fullName":" daily-stats TTL eviction evicts stale cache entries and reloads from disk","status":"passed","title":"evicts stale cache entries and reloads from disk","duration":74,"failureMessages":[]}],"startTime":1757855697380,"endTime":1757855697454,"status":"passed","message":"","name":"C:/Users/Admin/dev/zaif-trade-bot/__tests__/unit/utils/daily-stats.ttl.test.ts"},{"assertionResults":[{"ancestorTitles":["","features-logger interval flush"],"fullName":" features-logger interval flush flushes by interval when enabled","status":"passed","title":"flushes by interval when enabled","duration":280,"failureMessages":[]}],"startTime":1757855695839,"endTime":1757855696119,"status":"passed","message":"","name":"C:/Users/Admin/dev/zaif-trade-bot/__tests__/unit/utils/features-logger.interval.test.ts"},{"assertionResults":[{"ancestorTitles":["","features-logger"],"fullName":" features-logger writes CSV header and JSON latest","status":"passed","title":"writes CSV header and JSON latest","duration":54,"failureMessages":[]}],"startTime":1757855695244,"endTime":1757855695298,"status":"passed","message":"","name":"C:/Users/Admin/dev/zaif-trade-bot/__tests__/unit/utils/features-logger.test.ts"},{"assertionResults":[{"ancestorTitles":["","utils/logger"],"fullName":" utils/logger respects LOG_LEVEL threshold","status":"passed","title":"respects LOG_LEVEL threshold","duration":27,"failureMessages":[]},{"ancestorTitles":["","utils/logger"],"fullName":" utils/logger outputs JSON when LOG_JSON=1 and includes context","status":"passed","title":"outputs JSON when LOG_JSON=1 and includes context","duration":1,"failureMessages":[]},{"ancestorTitles":["","utils/logger"],"fullName":" utils/logger suppresses non-error logs in TEST_MODE","status":"passed","title":"suppresses non-error logs in TEST_MODE","duration":1,"failureMessages":[]}],"startTime":1757855693637,"endTime":1757855693666,"status":"passed","message":"","name":"C:/Users/Admin/dev/zaif-trade-bot/__tests__/unit/utils/logger.test.ts"},{"assertionResults":[{"ancestorTitles":["","utils/price-cache"],"fullName":" utils/price-cache loadPriceCache returns [] when file missing","status":"passed","title":"loadPriceCache returns [] when file missing","duration":84,"failureMessages":[]},{"ancestorTitles":["","utils/price-cache"],"fullName":" utils/price-cache appendPriceSamples writes and getPriceSeries returns latest first","status":"passed","title":"appendPriceSamples writes and getPriceSeries returns latest first","duration":12,"failureMessages":[]},{"ancestorTitles":["","utils/price-cache"],"fullName":" utils/price-cache enforces MAX_ENTRIES by trimming oldest","status":"passed","title":"enforces MAX_ENTRIES by trimming oldest","duration":15,"failureMessages":[]}],"startTime":1757855693951,"endTime":1757855694062,"status":"passed","message":"","name":"C:/Users/Admin/dev/zaif-trade-bot/__tests__/unit/utils/price-cache.test.ts"},{"assertionResults":[{"ancestorTitles":["","utils/result"],"fullName":" utils/result ok returns expected shape","status":"passed","title":"ok returns expected shape","duration":16,"failureMessages":[]},{"ancestorTitles":["","utils/result"],"fullName":" utils/result err returns expected shape","status":"passed","title":"err returns expected shape","duration":2,"failureMessages":[]}],"startTime":1757855698291,"endTime":1757855698309,"status":"passed","message":"","name":"C:/Users/Admin/dev/zaif-trade-bot/__tests__/unit/utils/result.test.ts"},{"assertionResults":[{"ancestorTitles":["","utils/signer"],"fullName":" utils/signer signBody returns deterministic HMAC","status":"passed","title":"signBody returns deterministic HMAC","duration":19,"failureMessages":[]},{"ancestorTitles":["","utils/signer"],"fullName":" utils/signer createNonce is monotonic and respects base","status":"passed","title":"createNonce is monotonic and respects base","duration":3,"failureMessages":[]},{"ancestorTitles":["","utils/signer"],"fullName":" utils/signer createFlexibleNonce strictly increases within same ms","status":"passed","title":"createFlexibleNonce strictly increases within same ms","duration":2,"failureMessages":[]}],"startTime":1757855697384,"endTime":1757855697408,"status":"passed","message":"","name":"C:/Users/Admin/dev/zaif-trade-bot/__tests__/unit/utils/signer.test.ts"},{"assertionResults":[{"ancestorTitles":["","utils: daily-stats summarizeDaily and features-logger error handling"],"fullName":" utils: daily-stats summarizeDaily and features-logger error handling summarizeDaily handles zero trades gracefully","status":"passed","title":"summarizeDaily handles zero trades gracefully","duration":34,"failureMessages":[]},{"ancestorTitles":["","utils: daily-stats summarizeDaily and features-logger error handling"],"fullName":" utils: daily-stats summarizeDaily and features-logger error handling summarizeDaily computes averages without division issues","status":"passed","title":"summarizeDaily computes averages without division issues","duration":11,"failureMessages":[]},{"ancestorTitles":["","utils: daily-stats summarizeDaily and features-logger error handling"],"fullName":" utils: daily-stats summarizeDaily and features-logger error handling features-logger swallows IO errors","status":"passed","title":"features-logger swallows IO errors","duration":11,"failureMessages":[]}],"startTime":1757855692510,"endTime":1757855692566,"status":"passed","message":"","name":"C:/Users/Admin/dev/zaif-trade-bot/__tests__/unit/utils/stats-and-features.edge.test.ts"},{"assertionResults":[{"ancestorTitles":["","utils/toolkit"],"fullName":" utils/toolkit clampAmountForSafety clamps with SAFETY_MODE=1","status":"passed","title":"clampAmountForSafety clamps with SAFETY_MODE=1","duration":17,"failureMessages":[]},{"ancestorTitles":["","utils/toolkit"],"fullName":" utils/toolkit exposure ratio and warn pct","status":"passed","title":"exposure ratio and warn pct","duration":2,"failureMessages":[]},{"ancestorTitles":["","utils/toolkit"],"fullName":" utils/toolkit clampByExposureCap clamps when ratio exceeded","status":"passed","title":"clampByExposureCap clamps when ratio exceeded","duration":1,"failureMessages":[]},{"ancestorTitles":["","utils/toolkit"],"fullName":" utils/toolkit getExposureHardCap and getMaxHoldSec parse env","status":"passed","title":"getExposureHardCap and getMaxHoldSec parse env","duration":1,"failureMessages":[]},{"ancestorTitles":["","utils/toolkit"],"fullName":" utils/toolkit readFeatureCsvRows parses CSV files","status":"passed","title":"readFeatureCsvRows parses CSV files","duration":9,"failureMessages":[]},{"ancestorTitles":["","utils/toolkit"],"fullName":" utils/toolkit readFeatureCsvRows ignores empty/invalid lines and handles missing files","status":"passed","title":"readFeatureCsvRows ignores empty/invalid lines and handles missing files","duration":5,"failureMessages":[]},{"ancestorTitles":["","utils/toolkit"],"fullName":" utils/toolkit computeExposureRatio returns 0 when denominator is not positive","status":"passed","title":"computeExposureRatio returns 0 when denominator is not positive","duration":1,"failureMessages":[]},{"ancestorTitles":["","utils/toolkit"],"fullName":" utils/toolkit getFeaturesRoot falls back to logs/features when env unset","status":"passed","title":"getFeaturesRoot falls back to logs/features when env unset","duration":1,"failureMessages":[]}],"startTime":1757855690354,"endTime":1757855690391,"status":"passed","message":"","name":"C:/Users/Admin/dev/zaif-trade-bot/__tests__/unit/utils/toolkit.test.ts"}]}