{"C:\\Users\\Admin\\dev\\zaif-trade-bot\\src\\adapters\\execution-service.ts": {"path":"C:\\Users\\Admin\\dev\\zaif-trade-bot\\src\\adapters\\execution-service.ts","all":false,"statementMap":{"0":{"start":{"line":1,"column":0},"end":{"line":1,"column":83}},"1":{"start":{"line":2,"column":0},"end":{"line":2,"column":111}},"2":{"start":{"line":3,"column":0},"end":{"line":3,"column":46}},"3":{"start":{"line":4,"column":0},"end":{"line":4,"column":41}},"4":{"start":{"line":5,"column":0},"end":{"line":5,"column":37}},"5":{"start":{"line":6,"column":0},"end":{"line":6,"column":71}},"6":{"start":{"line":7,"column":0},"end":{"line":7,"column":79}},"7":{"start":{"line":8,"column":0},"end":{"line":8,"column":42}},"8":{"start":{"line":9,"column":0},"end":{"line":9,"column":51}},"9":{"start":{"line":10,"column":0},"end":{"line":10,"column":46}},"10":{"start":{"line":11,"column":0},"end":{"line":11,"column":94}},"11":{"start":{"line":12,"column":0},"end":{"line":12,"column":53}},"12":{"start":{"line":13,"column":0},"end":{"line":13,"column":68}},"13":{"start":{"line":14,"column":0},"end":{"line":14,"column":56}},"14":{"start":{"line":15,"column":0},"end":{"line":15,"column":0}},"15":{"start":{"line":16,"column":0},"end":{"line":16,"column":71}},"16":{"start":{"line":17,"column":0},"end":{"line":17,"column":91}},"17":{"start":{"line":18,"column":0},"end":{"line":18,"column":84}},"18":{"start":{"line":19,"column":0},"end":{"line":19,"column":61}},"19":{"start":{"line":20,"column":0},"end":{"line":20,"column":64}},"20":{"start":{"line":21,"column":0},"end":{"line":21,"column":60}},"21":{"start":{"line":22,"column":0},"end":{"line":22,"column":0}},"22":{"start":{"line":23,"column":0},"end":{"line":23,"column":86}},"23":{"start":{"line":24,"column":0},"end":{"line":24,"column":34}},"24":{"start":{"line":25,"column":0},"end":{"line":25,"column":73}},"25":{"start":{"line":26,"column":0},"end":{"line":26,"column":0}},"26":{"start":{"line":27,"column":0},"end":{"line":27,"column":66}},"27":{"start":{"line":28,"column":0},"end":{"line":28,"column":0}},"28":{"start":{"line":29,"column":0},"end":{"line":29,"column":32}},"29":{"start":{"line":30,"column":0},"end":{"line":30,"column":24}},"30":{"start":{"line":31,"column":0},"end":{"line":31,"column":41}},"31":{"start":{"line":32,"column":0},"end":{"line":32,"column":19}},"32":{"start":{"line":33,"column":0},"end":{"line":33,"column":21}},"33":{"start":{"line":34,"column":0},"end":{"line":34,"column":31}},"34":{"start":{"line":35,"column":0},"end":{"line":35,"column":26}},"35":{"start":{"line":36,"column":0},"end":{"line":36,"column":26}},"36":{"start":{"line":37,"column":0},"end":{"line":37,"column":68}},"37":{"start":{"line":38,"column":0},"end":{"line":38,"column":23}},"38":{"start":{"line":39,"column":0},"end":{"line":39,"column":72}},"39":{"start":{"line":40,"column":0},"end":{"line":40,"column":65}},"40":{"start":{"line":41,"column":0},"end":{"line":41,"column":59}},"41":{"start":{"line":42,"column":0},"end":{"line":42,"column":45}},"42":{"start":{"line":43,"column":0},"end":{"line":43,"column":1}},"43":{"start":{"line":44,"column":0},"end":{"line":44,"column":0}},"44":{"start":{"line":45,"column":0},"end":{"line":45,"column":31}},"45":{"start":{"line":46,"column":0},"end":{"line":46,"column":26}},"46":{"start":{"line":47,"column":0},"end":{"line":47,"column":24}},"47":{"start":{"line":48,"column":0},"end":{"line":48,"column":23}},"48":{"start":{"line":49,"column":0},"end":{"line":49,"column":19}},"49":{"start":{"line":50,"column":0},"end":{"line":50,"column":59}},"50":{"start":{"line":51,"column":0},"end":{"line":51,"column":20}},"51":{"start":{"line":52,"column":0},"end":{"line":52,"column":87}},"52":{"start":{"line":53,"column":0},"end":{"line":53,"column":1}},"53":{"start":{"line":54,"column":0},"end":{"line":54,"column":0}},"54":{"start":{"line":55,"column":0},"end":{"line":55,"column":98}},"55":{"start":{"line":56,"column":0},"end":{"line":56,"column":0}},"56":{"start":{"line":57,"column":0},"end":{"line":57,"column":3}},"57":{"start":{"line":58,"column":0},"end":{"line":58,"column":35}},"58":{"start":{"line":59,"column":0},"end":{"line":59,"column":3}},"59":{"start":{"line":60,"column":0},"end":{"line":60,"column":62}},"60":{"start":{"line":61,"column":0},"end":{"line":61,"column":17}},"61":{"start":{"line":62,"column":0},"end":{"line":62,"column":17}},"62":{"start":{"line":63,"column":0},"end":{"line":63,"column":11}},"63":{"start":{"line":64,"column":0},"end":{"line":64,"column":12}},"64":{"start":{"line":65,"column":0},"end":{"line":65,"column":10}},"65":{"start":{"line":66,"column":0},"end":{"line":66,"column":3}},"66":{"start":{"line":67,"column":0},"end":{"line":67,"column":33}},"67":{"start":{"line":68,"column":0},"end":{"line":68,"column":34}},"68":{"start":{"line":69,"column":0},"end":{"line":69,"column":58}},"69":{"start":{"line":70,"column":0},"end":{"line":70,"column":62}},"70":{"start":{"line":71,"column":0},"end":{"line":71,"column":39}},"71":{"start":{"line":72,"column":0},"end":{"line":72,"column":3}},"72":{"start":{"line":73,"column":0},"end":{"line":73,"column":138}},"73":{"start":{"line":74,"column":0},"end":{"line":74,"column":53}},"74":{"start":{"line":75,"column":0},"end":{"line":75,"column":29}},"75":{"start":{"line":76,"column":0},"end":{"line":76,"column":25}},"76":{"start":{"line":77,"column":0},"end":{"line":77,"column":44}},"77":{"start":{"line":78,"column":0},"end":{"line":78,"column":13}},"78":{"start":{"line":79,"column":0},"end":{"line":79,"column":68}},"79":{"start":{"line":80,"column":0},"end":{"line":80,"column":76}},"80":{"start":{"line":81,"column":0},"end":{"line":81,"column":34}},"81":{"start":{"line":82,"column":0},"end":{"line":82,"column":40}},"82":{"start":{"line":83,"column":0},"end":{"line":83,"column":77}},"83":{"start":{"line":84,"column":0},"end":{"line":84,"column":62}},"84":{"start":{"line":85,"column":0},"end":{"line":85,"column":61}},"85":{"start":{"line":86,"column":0},"end":{"line":86,"column":13}},"86":{"start":{"line":87,"column":0},"end":{"line":87,"column":25}},"87":{"start":{"line":88,"column":0},"end":{"line":88,"column":75}},"88":{"start":{"line":89,"column":0},"end":{"line":89,"column":86}},"89":{"start":{"line":90,"column":0},"end":{"line":90,"column":71}},"90":{"start":{"line":91,"column":0},"end":{"line":91,"column":69}},"91":{"start":{"line":92,"column":0},"end":{"line":92,"column":105}},"92":{"start":{"line":93,"column":0},"end":{"line":93,"column":40}},"93":{"start":{"line":94,"column":0},"end":{"line":94,"column":54}},"94":{"start":{"line":95,"column":0},"end":{"line":95,"column":61}},"95":{"start":{"line":96,"column":0},"end":{"line":96,"column":48}},"96":{"start":{"line":97,"column":0},"end":{"line":97,"column":59}},"97":{"start":{"line":98,"column":0},"end":{"line":98,"column":93}},"98":{"start":{"line":99,"column":0},"end":{"line":99,"column":92}},"99":{"start":{"line":100,"column":0},"end":{"line":100,"column":43}},"100":{"start":{"line":101,"column":0},"end":{"line":101,"column":54}},"101":{"start":{"line":102,"column":0},"end":{"line":102,"column":84}},"102":{"start":{"line":103,"column":0},"end":{"line":103,"column":45}},"103":{"start":{"line":104,"column":0},"end":{"line":104,"column":51}},"104":{"start":{"line":105,"column":0},"end":{"line":105,"column":61}},"105":{"start":{"line":106,"column":0},"end":{"line":106,"column":87}},"106":{"start":{"line":107,"column":0},"end":{"line":107,"column":96}},"107":{"start":{"line":108,"column":0},"end":{"line":108,"column":89}},"108":{"start":{"line":109,"column":0},"end":{"line":109,"column":25}},"109":{"start":{"line":110,"column":0},"end":{"line":110,"column":113}},"110":{"start":{"line":111,"column":0},"end":{"line":111,"column":81}},"111":{"start":{"line":112,"column":0},"end":{"line":112,"column":64}},"112":{"start":{"line":113,"column":0},"end":{"line":113,"column":101}},"113":{"start":{"line":114,"column":0},"end":{"line":114,"column":82}},"114":{"start":{"line":115,"column":0},"end":{"line":115,"column":60}},"115":{"start":{"line":116,"column":0},"end":{"line":116,"column":96}},"116":{"start":{"line":117,"column":0},"end":{"line":117,"column":129}},"117":{"start":{"line":118,"column":0},"end":{"line":118,"column":51}},"118":{"start":{"line":119,"column":0},"end":{"line":119,"column":83}},"119":{"start":{"line":120,"column":0},"end":{"line":120,"column":64}},"120":{"start":{"line":121,"column":0},"end":{"line":121,"column":46}},"121":{"start":{"line":122,"column":0},"end":{"line":122,"column":59}},"122":{"start":{"line":123,"column":0},"end":{"line":123,"column":53}},"123":{"start":{"line":124,"column":0},"end":{"line":124,"column":59}},"124":{"start":{"line":125,"column":0},"end":{"line":125,"column":69}},"125":{"start":{"line":126,"column":0},"end":{"line":126,"column":95}},"126":{"start":{"line":127,"column":0},"end":{"line":127,"column":59}},"127":{"start":{"line":128,"column":0},"end":{"line":128,"column":104}},"128":{"start":{"line":129,"column":0},"end":{"line":129,"column":97}},"129":{"start":{"line":130,"column":0},"end":{"line":130,"column":33}},"130":{"start":{"line":131,"column":0},"end":{"line":131,"column":74}},"131":{"start":{"line":132,"column":0},"end":{"line":132,"column":29}},"132":{"start":{"line":133,"column":0},"end":{"line":133,"column":25}},"133":{"start":{"line":134,"column":0},"end":{"line":134,"column":21}},"134":{"start":{"line":135,"column":0},"end":{"line":135,"column":17}},"135":{"start":{"line":136,"column":0},"end":{"line":136,"column":176}},"136":{"start":{"line":137,"column":0},"end":{"line":137,"column":36}},"137":{"start":{"line":138,"column":0},"end":{"line":138,"column":58}},"138":{"start":{"line":139,"column":0},"end":{"line":139,"column":50}},"139":{"start":{"line":140,"column":0},"end":{"line":140,"column":17}},"140":{"start":{"line":141,"column":0},"end":{"line":141,"column":55}},"141":{"start":{"line":142,"column":0},"end":{"line":142,"column":43}},"142":{"start":{"line":143,"column":0},"end":{"line":143,"column":138}},"143":{"start":{"line":144,"column":0},"end":{"line":144,"column":224}},"144":{"start":{"line":145,"column":0},"end":{"line":145,"column":231}},"145":{"start":{"line":146,"column":0},"end":{"line":146,"column":24}},"146":{"start":{"line":147,"column":0},"end":{"line":147,"column":46}},"147":{"start":{"line":148,"column":0},"end":{"line":148,"column":152}},"148":{"start":{"line":149,"column":0},"end":{"line":149,"column":92}},"149":{"start":{"line":150,"column":0},"end":{"line":150,"column":17}},"150":{"start":{"line":151,"column":0},"end":{"line":151,"column":28}},"151":{"start":{"line":152,"column":0},"end":{"line":152,"column":13}},"152":{"start":{"line":153,"column":0},"end":{"line":153,"column":59}},"153":{"start":{"line":154,"column":0},"end":{"line":154,"column":24}},"154":{"start":{"line":155,"column":0},"end":{"line":155,"column":89}},"155":{"start":{"line":156,"column":0},"end":{"line":156,"column":63}},"156":{"start":{"line":157,"column":0},"end":{"line":157,"column":67}},"157":{"start":{"line":158,"column":0},"end":{"line":158,"column":37}},"158":{"start":{"line":159,"column":0},"end":{"line":159,"column":79}},"159":{"start":{"line":160,"column":0},"end":{"line":160,"column":61}},"160":{"start":{"line":161,"column":0},"end":{"line":161,"column":80}},"161":{"start":{"line":162,"column":0},"end":{"line":162,"column":96}},"162":{"start":{"line":163,"column":0},"end":{"line":163,"column":104}},"163":{"start":{"line":164,"column":0},"end":{"line":164,"column":126}},"164":{"start":{"line":165,"column":0},"end":{"line":165,"column":55}},"165":{"start":{"line":166,"column":0},"end":{"line":166,"column":79}},"166":{"start":{"line":167,"column":0},"end":{"line":167,"column":155}},"167":{"start":{"line":168,"column":0},"end":{"line":168,"column":95}},"168":{"start":{"line":169,"column":0},"end":{"line":169,"column":25}},"169":{"start":{"line":170,"column":0},"end":{"line":170,"column":114}},"170":{"start":{"line":171,"column":0},"end":{"line":171,"column":39}},"171":{"start":{"line":172,"column":0},"end":{"line":172,"column":21}},"172":{"start":{"line":173,"column":0},"end":{"line":173,"column":17}},"173":{"start":{"line":174,"column":0},"end":{"line":174,"column":13}},"174":{"start":{"line":175,"column":0},"end":{"line":175,"column":26}},"175":{"start":{"line":176,"column":0},"end":{"line":176,"column":71}},"176":{"start":{"line":177,"column":0},"end":{"line":177,"column":9}},"177":{"start":{"line":178,"column":0},"end":{"line":178,"column":36}},"178":{"start":{"line":179,"column":0},"end":{"line":179,"column":5}},"179":{"start":{"line":180,"column":0},"end":{"line":180,"column":54}},"180":{"start":{"line":181,"column":0},"end":{"line":181,"column":87}},"181":{"start":{"line":182,"column":0},"end":{"line":182,"column":9}},"182":{"start":{"line":183,"column":0},"end":{"line":183,"column":60}},"183":{"start":{"line":184,"column":0},"end":{"line":184,"column":30}},"184":{"start":{"line":185,"column":0},"end":{"line":185,"column":96}},"185":{"start":{"line":186,"column":0},"end":{"line":186,"column":100}},"186":{"start":{"line":187,"column":0},"end":{"line":187,"column":21}},"187":{"start":{"line":188,"column":0},"end":{"line":188,"column":71}},"188":{"start":{"line":189,"column":0},"end":{"line":189,"column":142}},"189":{"start":{"line":190,"column":0},"end":{"line":190,"column":48}},"190":{"start":{"line":191,"column":0},"end":{"line":191,"column":44}},"191":{"start":{"line":192,"column":0},"end":{"line":192,"column":107}},"192":{"start":{"line":193,"column":0},"end":{"line":193,"column":91}},"193":{"start":{"line":194,"column":0},"end":{"line":194,"column":39}},"194":{"start":{"line":195,"column":0},"end":{"line":195,"column":88}},"195":{"start":{"line":196,"column":0},"end":{"line":196,"column":28}},"196":{"start":{"line":197,"column":0},"end":{"line":197,"column":13}},"197":{"start":{"line":198,"column":0},"end":{"line":198,"column":9}},"198":{"start":{"line":199,"column":0},"end":{"line":199,"column":14}},"199":{"start":{"line":200,"column":0},"end":{"line":200,"column":14}},"200":{"start":{"line":201,"column":0},"end":{"line":201,"column":28}},"201":{"start":{"line":202,"column":0},"end":{"line":202,"column":9}},"202":{"start":{"line":203,"column":0},"end":{"line":203,"column":27}},"203":{"start":{"line":204,"column":0},"end":{"line":204,"column":143}},"204":{"start":{"line":205,"column":0},"end":{"line":205,"column":9}},"205":{"start":{"line":206,"column":0},"end":{"line":206,"column":27}},"206":{"start":{"line":207,"column":0},"end":{"line":207,"column":41}},"207":{"start":{"line":208,"column":0},"end":{"line":208,"column":16}},"208":{"start":{"line":209,"column":0},"end":{"line":209,"column":1}},"209":{"start":{"line":210,"column":0},"end":{"line":210,"column":0}},"210":{"start":{"line":211,"column":0},"end":{"line":211,"column":3}},"211":{"start":{"line":212,"column":0},"end":{"line":212,"column":69}},"212":{"start":{"line":213,"column":0},"end":{"line":213,"column":79}},"213":{"start":{"line":214,"column":0},"end":{"line":214,"column":80}},"214":{"start":{"line":215,"column":0},"end":{"line":215,"column":41}},"215":{"start":{"line":216,"column":0},"end":{"line":216,"column":3}},"216":{"start":{"line":217,"column":0},"end":{"line":217,"column":79}},"217":{"start":{"line":218,"column":0},"end":{"line":218,"column":32}},"218":{"start":{"line":219,"column":0},"end":{"line":219,"column":58}},"219":{"start":{"line":220,"column":0},"end":{"line":220,"column":1}},"220":{"start":{"line":221,"column":0},"end":{"line":221,"column":0}},"221":{"start":{"line":222,"column":0},"end":{"line":222,"column":76}},"222":{"start":{"line":223,"column":0},"end":{"line":223,"column":30}},"223":{"start":{"line":224,"column":0},"end":{"line":224,"column":28}},"224":{"start":{"line":225,"column":0},"end":{"line":225,"column":41}},"225":{"start":{"line":226,"column":0},"end":{"line":226,"column":1}},"226":{"start":{"line":227,"column":0},"end":{"line":227,"column":0}},"227":{"start":{"line":228,"column":0},"end":{"line":228,"column":3}},"228":{"start":{"line":229,"column":0},"end":{"line":229,"column":102}},"229":{"start":{"line":230,"column":0},"end":{"line":230,"column":89}},"230":{"start":{"line":231,"column":0},"end":{"line":231,"column":78}},"231":{"start":{"line":232,"column":0},"end":{"line":232,"column":3}},"232":{"start":{"line":233,"column":0},"end":{"line":233,"column":93}},"233":{"start":{"line":234,"column":0},"end":{"line":234,"column":57}},"234":{"start":{"line":235,"column":0},"end":{"line":235,"column":80}},"235":{"start":{"line":236,"column":0},"end":{"line":236,"column":73}},"236":{"start":{"line":237,"column":0},"end":{"line":237,"column":69}},"237":{"start":{"line":238,"column":0},"end":{"line":238,"column":66}},"238":{"start":{"line":239,"column":0},"end":{"line":239,"column":62}},"239":{"start":{"line":240,"column":0},"end":{"line":240,"column":67}},"240":{"start":{"line":241,"column":0},"end":{"line":241,"column":67}},"241":{"start":{"line":242,"column":0},"end":{"line":242,"column":64}},"242":{"start":{"line":243,"column":0},"end":{"line":243,"column":0}},"243":{"start":{"line":244,"column":0},"end":{"line":244,"column":0}},"244":{"start":{"line":245,"column":0},"end":{"line":245,"column":47}},"245":{"start":{"line":246,"column":0},"end":{"line":246,"column":42}},"246":{"start":{"line":247,"column":0},"end":{"line":247,"column":36}},"247":{"start":{"line":248,"column":0},"end":{"line":248,"column":86}},"248":{"start":{"line":249,"column":0},"end":{"line":249,"column":40}},"249":{"start":{"line":250,"column":0},"end":{"line":250,"column":5}},"250":{"start":{"line":251,"column":0},"end":{"line":251,"column":0}},"251":{"start":{"line":252,"column":0},"end":{"line":252,"column":193}},"252":{"start":{"line":253,"column":0},"end":{"line":253,"column":35}},"253":{"start":{"line":254,"column":0},"end":{"line":254,"column":37}},"254":{"start":{"line":255,"column":0},"end":{"line":255,"column":53}},"255":{"start":{"line":256,"column":0},"end":{"line":256,"column":35}},"256":{"start":{"line":257,"column":0},"end":{"line":257,"column":37}},"257":{"start":{"line":258,"column":0},"end":{"line":258,"column":40}},"258":{"start":{"line":259,"column":0},"end":{"line":259,"column":36}},"259":{"start":{"line":260,"column":0},"end":{"line":260,"column":32}},"260":{"start":{"line":261,"column":0},"end":{"line":261,"column":145}},"261":{"start":{"line":262,"column":0},"end":{"line":262,"column":81}},"262":{"start":{"line":263,"column":0},"end":{"line":263,"column":24}},"263":{"start":{"line":264,"column":0},"end":{"line":264,"column":68}},"264":{"start":{"line":265,"column":0},"end":{"line":265,"column":84}},"265":{"start":{"line":266,"column":0},"end":{"line":266,"column":58}},"266":{"start":{"line":267,"column":0},"end":{"line":267,"column":70}},"267":{"start":{"line":268,"column":0},"end":{"line":268,"column":76}},"268":{"start":{"line":269,"column":0},"end":{"line":269,"column":64}},"269":{"start":{"line":270,"column":0},"end":{"line":270,"column":34}},"270":{"start":{"line":271,"column":0},"end":{"line":271,"column":17}},"271":{"start":{"line":272,"column":0},"end":{"line":272,"column":59}},"272":{"start":{"line":273,"column":0},"end":{"line":273,"column":20}},"273":{"start":{"line":274,"column":0},"end":{"line":274,"column":161}},"274":{"start":{"line":275,"column":0},"end":{"line":275,"column":144}},"275":{"start":{"line":276,"column":0},"end":{"line":276,"column":57}},"276":{"start":{"line":277,"column":0},"end":{"line":277,"column":56}},"277":{"start":{"line":278,"column":0},"end":{"line":278,"column":38}},"278":{"start":{"line":279,"column":0},"end":{"line":279,"column":34}},"279":{"start":{"line":280,"column":0},"end":{"line":280,"column":198}},"280":{"start":{"line":281,"column":0},"end":{"line":281,"column":62}},"281":{"start":{"line":282,"column":0},"end":{"line":282,"column":121}},"282":{"start":{"line":283,"column":0},"end":{"line":283,"column":200}},"283":{"start":{"line":284,"column":0},"end":{"line":284,"column":44}},"284":{"start":{"line":285,"column":0},"end":{"line":285,"column":34}},"285":{"start":{"line":286,"column":0},"end":{"line":286,"column":17}},"286":{"start":{"line":287,"column":0},"end":{"line":287,"column":13}},"287":{"start":{"line":288,"column":0},"end":{"line":288,"column":108}},"288":{"start":{"line":289,"column":0},"end":{"line":289,"column":26}},"289":{"start":{"line":290,"column":0},"end":{"line":290,"column":162}},"290":{"start":{"line":291,"column":0},"end":{"line":291,"column":142}},"291":{"start":{"line":292,"column":0},"end":{"line":292,"column":52}},"292":{"start":{"line":293,"column":0},"end":{"line":293,"column":117}},"293":{"start":{"line":294,"column":0},"end":{"line":294,"column":17}},"294":{"start":{"line":295,"column":0},"end":{"line":295,"column":54}},"295":{"start":{"line":296,"column":0},"end":{"line":296,"column":56}},"296":{"start":{"line":297,"column":0},"end":{"line":297,"column":38}},"297":{"start":{"line":298,"column":0},"end":{"line":298,"column":196}},"298":{"start":{"line":299,"column":0},"end":{"line":299,"column":17}},"299":{"start":{"line":300,"column":0},"end":{"line":300,"column":161}},"300":{"start":{"line":301,"column":0},"end":{"line":301,"column":13}},"301":{"start":{"line":302,"column":0},"end":{"line":302,"column":86}},"302":{"start":{"line":303,"column":0},"end":{"line":303,"column":62}},"303":{"start":{"line":304,"column":0},"end":{"line":304,"column":162}},"304":{"start":{"line":305,"column":0},"end":{"line":305,"column":142}},"305":{"start":{"line":306,"column":0},"end":{"line":306,"column":54}},"306":{"start":{"line":307,"column":0},"end":{"line":307,"column":56}},"307":{"start":{"line":308,"column":0},"end":{"line":308,"column":38}},"308":{"start":{"line":309,"column":0},"end":{"line":309,"column":196}},"309":{"start":{"line":310,"column":0},"end":{"line":310,"column":59}},"310":{"start":{"line":311,"column":0},"end":{"line":311,"column":64}},"311":{"start":{"line":312,"column":0},"end":{"line":312,"column":50}},"312":{"start":{"line":313,"column":0},"end":{"line":313,"column":39}},"313":{"start":{"line":314,"column":0},"end":{"line":314,"column":196}},"314":{"start":{"line":315,"column":0},"end":{"line":315,"column":17}},"315":{"start":{"line":316,"column":0},"end":{"line":316,"column":13}},"316":{"start":{"line":317,"column":0},"end":{"line":317,"column":27}},"317":{"start":{"line":318,"column":0},"end":{"line":318,"column":76}},"318":{"start":{"line":319,"column":0},"end":{"line":319,"column":49}},"319":{"start":{"line":320,"column":0},"end":{"line":320,"column":85}},"320":{"start":{"line":321,"column":0},"end":{"line":321,"column":78}},"321":{"start":{"line":322,"column":0},"end":{"line":322,"column":83}},"322":{"start":{"line":323,"column":0},"end":{"line":323,"column":68}},"323":{"start":{"line":324,"column":0},"end":{"line":324,"column":89}},"324":{"start":{"line":325,"column":0},"end":{"line":325,"column":89}},"325":{"start":{"line":326,"column":0},"end":{"line":326,"column":107}},"326":{"start":{"line":327,"column":0},"end":{"line":327,"column":91}},"327":{"start":{"line":328,"column":0},"end":{"line":328,"column":37}},"328":{"start":{"line":329,"column":0},"end":{"line":329,"column":55}},"329":{"start":{"line":330,"column":0},"end":{"line":330,"column":41}},"330":{"start":{"line":331,"column":0},"end":{"line":331,"column":60}},"331":{"start":{"line":332,"column":0},"end":{"line":332,"column":33}},"332":{"start":{"line":333,"column":0},"end":{"line":333,"column":137}},"333":{"start":{"line":334,"column":0},"end":{"line":334,"column":39}},"334":{"start":{"line":335,"column":0},"end":{"line":335,"column":25}},"335":{"start":{"line":336,"column":0},"end":{"line":336,"column":143}},"336":{"start":{"line":337,"column":0},"end":{"line":337,"column":49}},"337":{"start":{"line":338,"column":0},"end":{"line":338,"column":102}},"338":{"start":{"line":339,"column":0},"end":{"line":339,"column":81}},"339":{"start":{"line":340,"column":0},"end":{"line":340,"column":61}},"340":{"start":{"line":341,"column":0},"end":{"line":341,"column":253}},"341":{"start":{"line":342,"column":0},"end":{"line":342,"column":49}},"342":{"start":{"line":343,"column":0},"end":{"line":343,"column":42}},"343":{"start":{"line":344,"column":0},"end":{"line":344,"column":52}},"344":{"start":{"line":345,"column":0},"end":{"line":345,"column":28}},"345":{"start":{"line":346,"column":0},"end":{"line":346,"column":96}},"346":{"start":{"line":347,"column":0},"end":{"line":347,"column":252}},"347":{"start":{"line":348,"column":0},"end":{"line":348,"column":21}},"348":{"start":{"line":349,"column":0},"end":{"line":349,"column":17}},"349":{"start":{"line":350,"column":0},"end":{"line":350,"column":13}},"350":{"start":{"line":351,"column":0},"end":{"line":351,"column":72}},"351":{"start":{"line":352,"column":0},"end":{"line":352,"column":66}},"352":{"start":{"line":353,"column":0},"end":{"line":353,"column":35}},"353":{"start":{"line":354,"column":0},"end":{"line":354,"column":104}},"354":{"start":{"line":355,"column":0},"end":{"line":355,"column":13}},"355":{"start":{"line":356,"column":0},"end":{"line":356,"column":124}},"356":{"start":{"line":357,"column":0},"end":{"line":357,"column":49}},"357":{"start":{"line":358,"column":0},"end":{"line":358,"column":76}},"358":{"start":{"line":359,"column":0},"end":{"line":359,"column":213}},"359":{"start":{"line":360,"column":0},"end":{"line":360,"column":13}},"360":{"start":{"line":361,"column":0},"end":{"line":361,"column":149}},"361":{"start":{"line":362,"column":0},"end":{"line":362,"column":42}},"362":{"start":{"line":363,"column":0},"end":{"line":363,"column":9}},"363":{"start":{"line":364,"column":0},"end":{"line":364,"column":5}},"364":{"start":{"line":365,"column":0},"end":{"line":365,"column":0}},"365":{"start":{"line":366,"column":0},"end":{"line":366,"column":23}},"366":{"start":{"line":367,"column":0},"end":{"line":367,"column":17}},"367":{"start":{"line":368,"column":0},"end":{"line":368,"column":170}},"368":{"start":{"line":369,"column":0},"end":{"line":369,"column":362}},"369":{"start":{"line":370,"column":0},"end":{"line":370,"column":5}},"370":{"start":{"line":371,"column":0},"end":{"line":371,"column":53}},"371":{"start":{"line":372,"column":0},"end":{"line":372,"column":25}},"372":{"start":{"line":373,"column":0},"end":{"line":373,"column":56}},"373":{"start":{"line":374,"column":0},"end":{"line":374,"column":317}},"374":{"start":{"line":375,"column":0},"end":{"line":375,"column":5}},"375":{"start":{"line":376,"column":0},"end":{"line":376,"column":122}},"376":{"start":{"line":377,"column":0},"end":{"line":377,"column":71}},"377":{"start":{"line":378,"column":0},"end":{"line":378,"column":305}},"378":{"start":{"line":379,"column":0},"end":{"line":379,"column":56}},"379":{"start":{"line":380,"column":0},"end":{"line":380,"column":65}},"380":{"start":{"line":381,"column":0},"end":{"line":381,"column":30}},"381":{"start":{"line":382,"column":0},"end":{"line":382,"column":30}},"382":{"start":{"line":383,"column":0},"end":{"line":383,"column":45}},"383":{"start":{"line":384,"column":0},"end":{"line":384,"column":37}},"384":{"start":{"line":385,"column":0},"end":{"line":385,"column":81}},"385":{"start":{"line":386,"column":0},"end":{"line":386,"column":34}},"386":{"start":{"line":387,"column":0},"end":{"line":387,"column":38}},"387":{"start":{"line":388,"column":0},"end":{"line":388,"column":33}},"388":{"start":{"line":389,"column":0},"end":{"line":389,"column":58}},"389":{"start":{"line":390,"column":0},"end":{"line":390,"column":67}},"390":{"start":{"line":391,"column":0},"end":{"line":391,"column":36}},"391":{"start":{"line":392,"column":0},"end":{"line":392,"column":37}},"392":{"start":{"line":393,"column":0},"end":{"line":393,"column":29}},"393":{"start":{"line":394,"column":0},"end":{"line":394,"column":85}},"394":{"start":{"line":395,"column":0},"end":{"line":395,"column":53}},"395":{"start":{"line":396,"column":0},"end":{"line":396,"column":46}},"396":{"start":{"line":397,"column":0},"end":{"line":397,"column":133}},"397":{"start":{"line":398,"column":0},"end":{"line":398,"column":9}},"398":{"start":{"line":399,"column":0},"end":{"line":399,"column":59}},"399":{"start":{"line":400,"column":0},"end":{"line":400,"column":60}},"400":{"start":{"line":401,"column":0},"end":{"line":401,"column":34}},"401":{"start":{"line":402,"column":0},"end":{"line":402,"column":126}},"402":{"start":{"line":403,"column":0},"end":{"line":403,"column":310}},"403":{"start":{"line":404,"column":0},"end":{"line":404,"column":62}},"404":{"start":{"line":405,"column":0},"end":{"line":405,"column":51}},"405":{"start":{"line":406,"column":0},"end":{"line":406,"column":65}},"406":{"start":{"line":407,"column":0},"end":{"line":407,"column":118}},"407":{"start":{"line":408,"column":0},"end":{"line":408,"column":80}},"408":{"start":{"line":409,"column":0},"end":{"line":409,"column":5}},"409":{"start":{"line":410,"column":0},"end":{"line":410,"column":56}},"410":{"start":{"line":411,"column":0},"end":{"line":411,"column":89}},"411":{"start":{"line":412,"column":0},"end":{"line":412,"column":99}},"412":{"start":{"line":413,"column":0},"end":{"line":413,"column":178}},"413":{"start":{"line":414,"column":0},"end":{"line":414,"column":88}},"414":{"start":{"line":415,"column":0},"end":{"line":415,"column":61}},"415":{"start":{"line":416,"column":0},"end":{"line":416,"column":50}},"416":{"start":{"line":417,"column":0},"end":{"line":417,"column":355}},"417":{"start":{"line":418,"column":0},"end":{"line":418,"column":325}},"418":{"start":{"line":419,"column":0},"end":{"line":419,"column":19}},"419":{"start":{"line":420,"column":0},"end":{"line":420,"column":1}},"420":{"start":{"line":421,"column":0},"end":{"line":421,"column":0}},"421":{"start":{"line":422,"column":0},"end":{"line":422,"column":61}},"422":{"start":{"line":423,"column":0},"end":{"line":423,"column":56}},"423":{"start":{"line":424,"column":0},"end":{"line":424,"column":31}},"424":{"start":{"line":425,"column":0},"end":{"line":425,"column":4}},"425":{"start":{"line":426,"column":0},"end":{"line":426,"column":119}},"426":{"start":{"line":427,"column":0},"end":{"line":427,"column":57}},"427":{"start":{"line":428,"column":0},"end":{"line":428,"column":3}},"428":{"start":{"line":429,"column":0},"end":{"line":429,"column":21}},"429":{"start":{"line":430,"column":0},"end":{"line":430,"column":27}},"430":{"start":{"line":431,"column":0},"end":{"line":431,"column":59}},"431":{"start":{"line":432,"column":0},"end":{"line":432,"column":40}},"432":{"start":{"line":433,"column":0},"end":{"line":433,"column":63}},"433":{"start":{"line":434,"column":0},"end":{"line":434,"column":39}},"434":{"start":{"line":435,"column":0},"end":{"line":435,"column":35}},"435":{"start":{"line":436,"column":0},"end":{"line":436,"column":9}},"436":{"start":{"line":437,"column":0},"end":{"line":437,"column":28}},"437":{"start":{"line":438,"column":0},"end":{"line":438,"column":5}},"438":{"start":{"line":439,"column":0},"end":{"line":439,"column":23}},"439":{"start":{"line":440,"column":0},"end":{"line":440,"column":1}},"440":{"start":{"line":441,"column":0},"end":{"line":441,"column":0}},"441":{"start":{"line":442,"column":0},"end":{"line":442,"column":4}},"442":{"start":{"line":443,"column":0},"end":{"line":443,"column":120}},"443":{"start":{"line":444,"column":0},"end":{"line":444,"column":37}},"444":{"start":{"line":445,"column":0},"end":{"line":445,"column":39}},"445":{"start":{"line":446,"column":0},"end":{"line":446,"column":40}},"446":{"start":{"line":447,"column":0},"end":{"line":447,"column":3}},"447":{"start":{"line":448,"column":0},"end":{"line":448,"column":78}},"448":{"start":{"line":449,"column":0},"end":{"line":449,"column":29}},"449":{"start":{"line":450,"column":0},"end":{"line":450,"column":35}},"450":{"start":{"line":451,"column":0},"end":{"line":451,"column":43}},"451":{"start":{"line":452,"column":0},"end":{"line":452,"column":32}},"452":{"start":{"line":453,"column":0},"end":{"line":453,"column":65}},"453":{"start":{"line":454,"column":0},"end":{"line":454,"column":41}},"454":{"start":{"line":455,"column":0},"end":{"line":455,"column":56}},"455":{"start":{"line":456,"column":0},"end":{"line":456,"column":50}},"456":{"start":{"line":457,"column":0},"end":{"line":457,"column":21}},"457":{"start":{"line":458,"column":0},"end":{"line":458,"column":23}},"458":{"start":{"line":459,"column":0},"end":{"line":459,"column":25}},"459":{"start":{"line":460,"column":0},"end":{"line":460,"column":29}},"460":{"start":{"line":461,"column":0},"end":{"line":461,"column":5}},"461":{"start":{"line":462,"column":0},"end":{"line":462,"column":22}},"462":{"start":{"line":463,"column":0},"end":{"line":463,"column":1}}},"s":{"0":1,"1":1,"2":1,"3":1,"4":1,"5":1,"6":1,"7":1,"8":1,"9":1,"10":1,"11":1,"12":1,"13":1,"14":1,"15":1,"16":1,"17":1,"18":1,"19":1,"20":1,"21":1,"22":1,"23":1,"24":1,"25":1,"26":1,"27":1,"28":1,"29":1,"30":1,"31":1,"32":1,"33":1,"34":1,"35":1,"36":1,"37":1,"38":1,"39":1,"40":1,"41":1,"42":1,"43":1,"44":1,"45":1,"46":1,"47":1,"48":1,"49":1,"50":1,"51":1,"52":1,"53":1,"54":0,"55":1,"56":1,"57":1,"58":1,"59":1,"60":1,"61":1,"62":1,"63":1,"64":1,"65":1,"66":1,"67":1,"68":1,"69":1,"70":1,"71":1,"72":3,"73":3,"74":3,"75":3,"76":3,"77":4,"78":4,"79":4,"80":4,"81":4,"82":0,"83":4,"84":4,"85":4,"86":4,"87":3,"88":3,"89":3,"90":3,"91":3,"92":3,"93":3,"94":3,"95":3,"96":2,"97":2,"98":2,"99":1,"100":1,"101":1,"102":1,"103":1,"104":1,"105":1,"106":1,"107":1,"108":1,"109":1,"110":1,"111":1,"112":1,"113":1,"114":1,"115":1,"116":1,"117":1,"118":1,"119":1,"120":1,"121":1,"122":1,"123":1,"124":1,"125":1,"126":1,"127":1,"128":1,"129":1,"130":1,"131":1,"132":1,"133":1,"134":2,"135":3,"136":3,"137":2,"138":2,"139":2,"140":3,"141":2,"142":2,"143":2,"144":2,"145":3,"146":1,"147":1,"148":1,"149":1,"150":3,"151":3,"152":1,"153":1,"154":1,"155":1,"156":1,"157":1,"158":1,"159":1,"160":1,"161":1,"162":1,"163":1,"164":1,"165":1,"166":1,"167":1,"168":1,"169":1,"170":1,"171":1,"172":1,"173":1,"174":4,"175":0,"176":0,"177":1,"178":1,"179":3,"180":3,"181":3,"182":3,"183":0,"184":0,"185":0,"186":0,"187":0,"188":0,"189":0,"190":0,"191":0,"192":0,"193":0,"194":0,"195":0,"196":0,"197":0,"198":3,"199":0,"200":0,"201":0,"202":0,"203":0,"204":0,"205":3,"206":0,"207":0,"208":0,"209":1,"210":1,"211":1,"212":1,"213":1,"214":1,"215":1,"216":1,"217":0,"218":0,"219":0,"220":1,"221":1,"222":1,"223":1,"224":1,"225":1,"226":1,"227":1,"228":1,"229":1,"230":1,"231":1,"232":2,"233":2,"234":2,"235":2,"236":2,"237":2,"238":2,"239":2,"240":2,"241":2,"242":2,"243":2,"244":2,"245":2,"246":2,"247":2,"248":2,"249":2,"250":2,"251":2,"252":2,"253":2,"254":2,"255":2,"256":2,"257":2,"258":2,"259":2,"260":5,"261":5,"262":5,"263":1,"264":1,"265":1,"266":0,"267":0,"268":0,"269":0,"270":0,"271":1,"272":5,"273":4,"274":4,"275":4,"276":1,"277":1,"278":1,"279":1,"280":4,"281":0,"282":0,"283":0,"284":0,"285":0,"286":4,"287":5,"288":5,"289":2,"290":2,"291":2,"292":2,"293":2,"294":2,"295":1,"296":1,"297":1,"298":1,"299":2,"300":2,"301":5,"302":5,"303":2,"304":2,"305":2,"306":0,"307":0,"308":0,"309":2,"310":0,"311":0,"312":0,"313":0,"314":0,"315":2,"316":5,"317":5,"318":5,"319":4,"320":4,"321":4,"322":4,"323":4,"324":4,"325":4,"326":4,"327":4,"328":0,"329":0,"330":0,"331":0,"332":0,"333":0,"334":0,"335":0,"336":0,"337":0,"338":0,"339":0,"340":0,"341":0,"342":0,"343":0,"344":0,"345":0,"346":0,"347":0,"348":0,"349":4,"350":5,"351":5,"352":0,"353":0,"354":0,"355":5,"356":4,"357":5,"358":0,"359":0,"360":5,"361":3,"362":3,"363":2,"364":2,"365":2,"366":2,"367":1,"368":1,"369":1,"370":1,"371":2,"372":0,"373":0,"374":0,"375":1,"376":1,"377":1,"378":1,"379":1,"380":1,"381":1,"382":1,"383":1,"384":2,"385":2,"386":2,"387":2,"388":2,"389":2,"390":2,"391":1,"392":1,"393":1,"394":1,"395":1,"396":1,"397":1,"398":1,"399":1,"400":1,"401":1,"402":1,"403":1,"404":1,"405":1,"406":1,"407":1,"408":1,"409":1,"410":2,"411":2,"412":2,"413":2,"414":2,"415":2,"416":2,"417":2,"418":2,"419":2,"420":1,"421":1,"422":1,"423":1,"424":1,"425":1,"426":1,"427":1,"428":4,"429":4,"430":4,"431":4,"432":0,"433":0,"434":0,"435":0,"436":0,"437":0,"438":4,"439":4,"440":1,"441":1,"442":1,"443":1,"444":1,"445":1,"446":1,"447":1,"448":4,"449":4,"450":4,"451":4,"452":4,"453":4,"454":4,"455":4,"456":4,"457":4,"458":3,"459":3,"460":3,"461":4,"462":4},"branchMap":{"0":{"type":"branch","line":6,"loc":{"start":{"line":6,"column":7},"end":{"line":6,"column":71}},"locations":[{"start":{"line":6,"column":7},"end":{"line":6,"column":71}}]},"1":{"type":"branch","line":73,"loc":{"start":{"line":73,"column":0},"end":{"line":209,"column":1}},"locations":[{"start":{"line":73,"column":0},"end":{"line":209,"column":1}}]},"2":{"type":"branch","line":74,"loc":{"start":{"line":74,"column":23},"end":{"line":74,"column":53}},"locations":[{"start":{"line":74,"column":23},"end":{"line":74,"column":53}}]},"3":{"type":"branch","line":77,"loc":{"start":{"line":77,"column":43},"end":{"line":179,"column":5}},"locations":[{"start":{"line":77,"column":43},"end":{"line":179,"column":5}}]},"4":{"type":"branch","line":82,"loc":{"start":{"line":82,"column":39},"end":{"line":84,"column":23}},"locations":[{"start":{"line":82,"column":39},"end":{"line":84,"column":23}}]},"5":{"type":"branch","line":85,"loc":{"start":{"line":85,"column":51},"end":{"line":85,"column":61}},"locations":[{"start":{"line":85,"column":51},"end":{"line":85,"column":61}}]},"6":{"type":"branch","line":87,"loc":{"start":{"line":87,"column":24},"end":{"line":152,"column":13}},"locations":[{"start":{"line":87,"column":24},"end":{"line":152,"column":13}}]},"7":{"type":"branch","line":89,"loc":{"start":{"line":89,"column":42},"end":{"line":89,"column":62}},"locations":[{"start":{"line":89,"column":42},"end":{"line":89,"column":62}}]},"8":{"type":"branch","line":91,"loc":{"start":{"line":91,"column":47},"end":{"line":91,"column":63}},"locations":[{"start":{"line":91,"column":47},"end":{"line":91,"column":63}}]},"9":{"type":"branch","line":91,"loc":{"start":{"line":91,"column":55},"end":{"line":91,"column":69}},"locations":[{"start":{"line":91,"column":55},"end":{"line":91,"column":69}}]},"10":{"type":"branch","line":92,"loc":{"start":{"line":92,"column":37},"end":{"line":92,"column":56}},"locations":[{"start":{"line":92,"column":37},"end":{"line":92,"column":56}}]},"11":{"type":"branch","line":92,"loc":{"start":{"line":92,"column":74},"end":{"line":92,"column":95}},"locations":[{"start":{"line":92,"column":74},"end":{"line":92,"column":95}}]},"12":{"type":"branch","line":95,"loc":{"start":{"line":95,"column":43},"end":{"line":95,"column":61}},"locations":[{"start":{"line":95,"column":43},"end":{"line":95,"column":61}}]},"13":{"type":"branch","line":96,"loc":{"start":{"line":96,"column":47},"end":{"line":135,"column":17}},"locations":[{"start":{"line":96,"column":47},"end":{"line":135,"column":17}}]},"14":{"type":"branch","line":97,"loc":{"start":{"line":97,"column":36},"end":{"line":97,"column":54}},"locations":[{"start":{"line":97,"column":36},"end":{"line":97,"column":54}}]},"15":{"type":"branch","line":99,"loc":{"start":{"line":99,"column":42},"end":{"line":99,"column":91}},"locations":[{"start":{"line":99,"column":42},"end":{"line":99,"column":91}}]},"16":{"type":"branch","line":99,"loc":{"start":{"line":99,"column":91},"end":{"line":134,"column":21}},"locations":[{"start":{"line":99,"column":91},"end":{"line":134,"column":21}}]},"17":{"type":"branch","line":105,"loc":{"start":{"line":105,"column":45},"end":{"line":105,"column":61}},"locations":[{"start":{"line":105,"column":45},"end":{"line":105,"column":61}}]},"18":{"type":"branch","line":115,"loc":{"start":{"line":115,"column":54},"end":{"line":115,"column":60}},"locations":[{"start":{"line":115,"column":54},"end":{"line":115,"column":60}}]},"19":{"type":"branch","line":129,"loc":{"start":{"line":129,"column":61},"end":{"line":129,"column":97}},"locations":[{"start":{"line":129,"column":61},"end":{"line":129,"column":97}}]},"20":{"type":"branch","line":136,"loc":{"start":{"line":136,"column":33},"end":{"line":136,"column":107}},"locations":[{"start":{"line":136,"column":33},"end":{"line":136,"column":107}}]},"21":{"type":"branch","line":136,"loc":{"start":{"line":136,"column":99},"end":{"line":136,"column":176}},"locations":[{"start":{"line":136,"column":99},"end":{"line":136,"column":176}}]},"22":{"type":"branch","line":137,"loc":{"start":{"line":137,"column":35},"end":{"line":140,"column":17}},"locations":[{"start":{"line":137,"column":35},"end":{"line":140,"column":17}}]},"23":{"type":"branch","line":141,"loc":{"start":{"line":141,"column":54},"end":{"line":146,"column":23}},"locations":[{"start":{"line":141,"column":54},"end":{"line":146,"column":23}}]},"24":{"type":"branch","line":144,"loc":{"start":{"line":144,"column":214},"end":{"line":144,"column":224}},"locations":[{"start":{"line":144,"column":214},"end":{"line":144,"column":224}}]},"25":{"type":"branch","line":145,"loc":{"start":{"line":145,"column":82},"end":{"line":145,"column":231}},"locations":[{"start":{"line":145,"column":82},"end":{"line":145,"column":231}}]},"26":{"type":"branch","line":146,"loc":{"start":{"line":146,"column":16},"end":{"line":150,"column":17}},"locations":[{"start":{"line":146,"column":16},"end":{"line":150,"column":17}}]},"27":{"type":"branch","line":149,"loc":{"start":{"line":149,"column":82},"end":{"line":149,"column":92}},"locations":[{"start":{"line":149,"column":82},"end":{"line":149,"column":92}}]},"28":{"type":"branch","line":152,"loc":{"start":{"line":152,"column":12},"end":{"line":174,"column":13}},"locations":[{"start":{"line":152,"column":12},"end":{"line":174,"column":13}}]},"29":{"type":"branch","line":159,"loc":{"start":{"line":159,"column":34},"end":{"line":159,"column":78}},"locations":[{"start":{"line":159,"column":34},"end":{"line":159,"column":78}}]},"30":{"type":"branch","line":175,"loc":{"start":{"line":175,"column":8},"end":{"line":177,"column":9}},"locations":[{"start":{"line":175,"column":8},"end":{"line":177,"column":9}}]},"31":{"type":"branch","line":177,"loc":{"start":{"line":177,"column":8},"end":{"line":179,"column":5}},"locations":[{"start":{"line":177,"column":8},"end":{"line":179,"column":5}}]},"32":{"type":"branch","line":179,"loc":{"start":{"line":179,"column":4},"end":{"line":180,"column":41}},"locations":[{"start":{"line":179,"column":4},"end":{"line":180,"column":41}}]},"33":{"type":"branch","line":183,"loc":{"start":{"line":183,"column":51},"end":{"line":198,"column":9}},"locations":[{"start":{"line":183,"column":51},"end":{"line":198,"column":9}}]},"34":{"type":"branch","line":199,"loc":{"start":{"line":199,"column":4},"end":{"line":205,"column":9}},"locations":[{"start":{"line":199,"column":4},"end":{"line":205,"column":9}}]},"35":{"type":"branch","line":206,"loc":{"start":{"line":206,"column":4},"end":{"line":209,"column":1}},"locations":[{"start":{"line":206,"column":4},"end":{"line":209,"column":1}}]},"36":{"type":"branch","line":233,"loc":{"start":{"line":233,"column":0},"end":{"line":420,"column":1}},"locations":[{"start":{"line":233,"column":0},"end":{"line":420,"column":1}}]},"37":{"type":"branch","line":234,"loc":{"start":{"line":234,"column":34},"end":{"line":234,"column":50}},"locations":[{"start":{"line":234,"column":34},"end":{"line":234,"column":50}}]},"38":{"type":"branch","line":234,"loc":{"start":{"line":234,"column":42},"end":{"line":234,"column":57}},"locations":[{"start":{"line":234,"column":42},"end":{"line":234,"column":57}}]},"39":{"type":"branch","line":236,"loc":{"start":{"line":236,"column":48},"end":{"line":236,"column":71}},"locations":[{"start":{"line":236,"column":48},"end":{"line":236,"column":71}}]},"40":{"type":"branch","line":237,"loc":{"start":{"line":237,"column":47},"end":{"line":237,"column":67}},"locations":[{"start":{"line":237,"column":47},"end":{"line":237,"column":67}}]},"41":{"type":"branch","line":238,"loc":{"start":{"line":238,"column":29},"end":{"line":238,"column":66}},"locations":[{"start":{"line":238,"column":29},"end":{"line":238,"column":66}}]},"42":{"type":"branch","line":239,"loc":{"start":{"line":239,"column":27},"end":{"line":239,"column":62}},"locations":[{"start":{"line":239,"column":27},"end":{"line":239,"column":62}}]},"43":{"type":"branch","line":240,"loc":{"start":{"line":240,"column":25},"end":{"line":240,"column":67}},"locations":[{"start":{"line":240,"column":25},"end":{"line":240,"column":67}}]},"44":{"type":"branch","line":367,"loc":{"start":{"line":367,"column":16},"end":{"line":372,"column":24}},"locations":[{"start":{"line":367,"column":16},"end":{"line":372,"column":24}}]},"45":{"type":"branch","line":372,"loc":{"start":{"line":372,"column":24},"end":{"line":375,"column":5}},"locations":[{"start":{"line":372,"column":24},"end":{"line":375,"column":5}}]},"46":{"type":"branch","line":375,"loc":{"start":{"line":375,"column":4},"end":{"line":385,"column":46}},"locations":[{"start":{"line":375,"column":4},"end":{"line":385,"column":46}}]},"47":{"type":"branch","line":385,"loc":{"start":{"line":385,"column":29},"end":{"line":385,"column":81}},"locations":[{"start":{"line":385,"column":29},"end":{"line":385,"column":81}}]},"48":{"type":"branch","line":389,"loc":{"start":{"line":389,"column":37},"end":{"line":389,"column":58}},"locations":[{"start":{"line":389,"column":37},"end":{"line":389,"column":58}}]},"49":{"type":"branch","line":390,"loc":{"start":{"line":390,"column":28},"end":{"line":390,"column":67}},"locations":[{"start":{"line":390,"column":28},"end":{"line":390,"column":67}}]},"50":{"type":"branch","line":390,"loc":{"start":{"line":390,"column":60},"end":{"line":390,"column":67}},"locations":[{"start":{"line":390,"column":60},"end":{"line":390,"column":67}}]},"51":{"type":"branch","line":391,"loc":{"start":{"line":391,"column":35},"end":{"line":411,"column":87}},"locations":[{"start":{"line":391,"column":35},"end":{"line":411,"column":87}}]},"52":{"type":"branch","line":394,"loc":{"start":{"line":394,"column":54},"end":{"line":394,"column":85}},"locations":[{"start":{"line":394,"column":54},"end":{"line":394,"column":85}}]},"53":{"type":"branch","line":397,"loc":{"start":{"line":397,"column":80},"end":{"line":397,"column":133}},"locations":[{"start":{"line":397,"column":80},"end":{"line":397,"column":133}}]},"54":{"type":"branch","line":411,"loc":{"start":{"line":411,"column":74},"end":{"line":411,"column":89}},"locations":[{"start":{"line":411,"column":74},"end":{"line":411,"column":89}}]},"55":{"type":"branch","line":416,"loc":{"start":{"line":416,"column":40},"end":{"line":416,"column":48}},"locations":[{"start":{"line":416,"column":40},"end":{"line":416,"column":48}}]},"56":{"type":"branch","line":416,"loc":{"start":{"line":416,"column":44},"end":{"line":416,"column":50}},"locations":[{"start":{"line":416,"column":44},"end":{"line":416,"column":50}}]},"57":{"type":"branch","line":246,"loc":{"start":{"line":246,"column":4},"end":{"line":250,"column":5}},"locations":[{"start":{"line":246,"column":4},"end":{"line":250,"column":5}}]},"58":{"type":"branch","line":247,"loc":{"start":{"line":247,"column":20},"end":{"line":247,"column":36}},"locations":[{"start":{"line":247,"column":20},"end":{"line":247,"column":36}}]},"59":{"type":"branch","line":249,"loc":{"start":{"line":249,"column":24},"end":{"line":249,"column":38}},"locations":[{"start":{"line":249,"column":24},"end":{"line":249,"column":38}}]},"60":{"type":"branch","line":252,"loc":{"start":{"line":252,"column":4},"end":{"line":364,"column":5}},"locations":[{"start":{"line":252,"column":4},"end":{"line":364,"column":5}}]},"61":{"type":"branch","line":260,"loc":{"start":{"line":260,"column":31},"end":{"line":363,"column":9}},"locations":[{"start":{"line":260,"column":31},"end":{"line":363,"column":9}}]},"62":{"type":"branch","line":261,"loc":{"start":{"line":261,"column":138},"end":{"line":261,"column":145}},"locations":[{"start":{"line":261,"column":138},"end":{"line":261,"column":145}}]},"63":{"type":"branch","line":263,"loc":{"start":{"line":263,"column":23},"end":{"line":273,"column":19}},"locations":[{"start":{"line":263,"column":23},"end":{"line":273,"column":19}}]},"64":{"type":"branch","line":266,"loc":{"start":{"line":266,"column":57},"end":{"line":271,"column":17}},"locations":[{"start":{"line":266,"column":57},"end":{"line":271,"column":17}}]},"65":{"type":"branch","line":272,"loc":{"start":{"line":272,"column":37},"end":{"line":272,"column":59}},"locations":[{"start":{"line":272,"column":37},"end":{"line":272,"column":59}}]},"66":{"type":"branch","line":273,"loc":{"start":{"line":273,"column":12},"end":{"line":287,"column":13}},"locations":[{"start":{"line":273,"column":12},"end":{"line":287,"column":13}}]},"67":{"type":"branch","line":274,"loc":{"start":{"line":274,"column":154},"end":{"line":274,"column":161}},"locations":[{"start":{"line":274,"column":154},"end":{"line":274,"column":161}}]},"68":{"type":"branch","line":276,"loc":{"start":{"line":276,"column":56},"end":{"line":281,"column":27}},"locations":[{"start":{"line":276,"column":56},"end":{"line":281,"column":27}}]},"69":{"type":"branch","line":280,"loc":{"start":{"line":280,"column":167},"end":{"line":280,"column":198}},"locations":[{"start":{"line":280,"column":167},"end":{"line":280,"column":198}}]},"70":{"type":"branch","line":281,"loc":{"start":{"line":281,"column":16},"end":{"line":286,"column":17}},"locations":[{"start":{"line":281,"column":16},"end":{"line":286,"column":17}}]},"71":{"type":"branch","line":281,"loc":{"start":{"line":281,"column":61},"end":{"line":286,"column":17}},"locations":[{"start":{"line":281,"column":61},"end":{"line":286,"column":17}}]},"72":{"type":"branch","line":289,"loc":{"start":{"line":289,"column":25},"end":{"line":301,"column":13}},"locations":[{"start":{"line":289,"column":25},"end":{"line":301,"column":13}}]},"73":{"type":"branch","line":290,"loc":{"start":{"line":290,"column":155},"end":{"line":290,"column":162}},"locations":[{"start":{"line":290,"column":155},"end":{"line":290,"column":162}}]},"74":{"type":"branch","line":295,"loc":{"start":{"line":295,"column":53},"end":{"line":299,"column":17}},"locations":[{"start":{"line":295,"column":53},"end":{"line":299,"column":17}}]},"75":{"type":"branch","line":298,"loc":{"start":{"line":298,"column":168},"end":{"line":298,"column":196}},"locations":[{"start":{"line":298,"column":168},"end":{"line":298,"column":196}}]},"76":{"type":"branch","line":300,"loc":{"start":{"line":300,"column":103},"end":{"line":300,"column":134}},"locations":[{"start":{"line":300,"column":103},"end":{"line":300,"column":134}}]},"77":{"type":"branch","line":300,"loc":{"start":{"line":300,"column":130},"end":{"line":300,"column":140}},"locations":[{"start":{"line":300,"column":130},"end":{"line":300,"column":140}}]},"78":{"type":"branch","line":303,"loc":{"start":{"line":303,"column":20},"end":{"line":303,"column":40}},"locations":[{"start":{"line":303,"column":20},"end":{"line":303,"column":40}}]},"79":{"type":"branch","line":303,"loc":{"start":{"line":303,"column":35},"end":{"line":303,"column":61}},"locations":[{"start":{"line":303,"column":35},"end":{"line":303,"column":61}}]},"80":{"type":"branch","line":303,"loc":{"start":{"line":303,"column":61},"end":{"line":316,"column":13}},"locations":[{"start":{"line":303,"column":61},"end":{"line":316,"column":13}}]},"81":{"type":"branch","line":304,"loc":{"start":{"line":304,"column":155},"end":{"line":304,"column":162}},"locations":[{"start":{"line":304,"column":155},"end":{"line":304,"column":162}}]},"82":{"type":"branch","line":306,"loc":{"start":{"line":306,"column":53},"end":{"line":310,"column":27}},"locations":[{"start":{"line":306,"column":53},"end":{"line":310,"column":27}}]},"83":{"type":"branch","line":310,"loc":{"start":{"line":310,"column":58},"end":{"line":315,"column":17}},"locations":[{"start":{"line":310,"column":58},"end":{"line":315,"column":17}}]},"84":{"type":"branch","line":319,"loc":{"start":{"line":319,"column":48},"end":{"line":350,"column":13}},"locations":[{"start":{"line":319,"column":48},"end":{"line":350,"column":13}}]},"85":{"type":"branch","line":324,"loc":{"start":{"line":324,"column":70},"end":{"line":324,"column":82}},"locations":[{"start":{"line":324,"column":70},"end":{"line":324,"column":82}}]},"86":{"type":"branch","line":325,"loc":{"start":{"line":325,"column":70},"end":{"line":325,"column":86}},"locations":[{"start":{"line":325,"column":70},"end":{"line":325,"column":86}}]},"87":{"type":"branch","line":326,"loc":{"start":{"line":326,"column":45},"end":{"line":326,"column":65}},"locations":[{"start":{"line":326,"column":45},"end":{"line":326,"column":65}}]},"88":{"type":"branch","line":326,"loc":{"start":{"line":326,"column":80},"end":{"line":326,"column":98}},"locations":[{"start":{"line":326,"column":80},"end":{"line":326,"column":98}}]},"89":{"type":"branch","line":328,"loc":{"start":{"line":328,"column":36},"end":{"line":349,"column":17}},"locations":[{"start":{"line":328,"column":36},"end":{"line":349,"column":17}}]},"90":{"type":"branch","line":351,"loc":{"start":{"line":351,"column":54},"end":{"line":351,"column":72}},"locations":[{"start":{"line":351,"column":54},"end":{"line":351,"column":72}}]},"91":{"type":"branch","line":352,"loc":{"start":{"line":352,"column":64},"end":{"line":355,"column":13}},"locations":[{"start":{"line":352,"column":64},"end":{"line":355,"column":13}}]},"92":{"type":"branch","line":356,"loc":{"start":{"line":356,"column":37},"end":{"line":356,"column":124}},"locations":[{"start":{"line":356,"column":37},"end":{"line":356,"column":124}}]},"93":{"type":"branch","line":356,"loc":{"start":{"line":356,"column":122},"end":{"line":358,"column":35}},"locations":[{"start":{"line":356,"column":122},"end":{"line":358,"column":35}}]},"94":{"type":"branch","line":358,"loc":{"start":{"line":358,"column":26},"end":{"line":358,"column":75}},"locations":[{"start":{"line":358,"column":26},"end":{"line":358,"column":75}}]},"95":{"type":"branch","line":358,"loc":{"start":{"line":358,"column":75},"end":{"line":360,"column":13}},"locations":[{"start":{"line":358,"column":75},"end":{"line":360,"column":13}}]},"96":{"type":"branch","line":360,"loc":{"start":{"line":360,"column":12},"end":{"line":361,"column":62}},"locations":[{"start":{"line":360,"column":12},"end":{"line":361,"column":62}}]},"97":{"type":"branch","line":361,"loc":{"start":{"line":361,"column":62},"end":{"line":361,"column":149}},"locations":[{"start":{"line":361,"column":62},"end":{"line":361,"column":149}}]},"98":{"type":"branch","line":361,"loc":{"start":{"line":361,"column":147},"end":{"line":363,"column":9}},"locations":[{"start":{"line":361,"column":147},"end":{"line":363,"column":9}}]},"99":{"type":"branch","line":363,"loc":{"start":{"line":363,"column":8},"end":{"line":363,"column":9}},"locations":[{"start":{"line":363,"column":8},"end":{"line":363,"column":9}}]},"100":{"type":"branch","line":262,"loc":{"start":{"line":262,"column":36},"end":{"line":262,"column":79}},"locations":[{"start":{"line":262,"column":36},"end":{"line":262,"column":79}}]},"101":{"type":"branch","line":275,"loc":{"start":{"line":275,"column":44},"end":{"line":275,"column":87}},"locations":[{"start":{"line":275,"column":44},"end":{"line":275,"column":87}}]},"102":{"type":"branch","line":275,"loc":{"start":{"line":275,"column":96},"end":{"line":275,"column":141}},"locations":[{"start":{"line":275,"column":96},"end":{"line":275,"column":141}}]},"103":{"type":"branch","line":280,"loc":{"start":{"line":280,"column":47},"end":{"line":280,"column":90}},"locations":[{"start":{"line":280,"column":47},"end":{"line":280,"column":90}}]},"104":{"type":"branch","line":280,"loc":{"start":{"line":280,"column":99},"end":{"line":280,"column":162}},"locations":[{"start":{"line":280,"column":99},"end":{"line":280,"column":162}}]},"105":{"type":"branch","line":291,"loc":{"start":{"line":291,"column":42},"end":{"line":291,"column":85}},"locations":[{"start":{"line":291,"column":42},"end":{"line":291,"column":85}}]},"106":{"type":"branch","line":291,"loc":{"start":{"line":291,"column":94},"end":{"line":291,"column":139}},"locations":[{"start":{"line":291,"column":94},"end":{"line":291,"column":139}}]},"107":{"type":"branch","line":298,"loc":{"start":{"line":298,"column":48},"end":{"line":298,"column":91}},"locations":[{"start":{"line":298,"column":48},"end":{"line":298,"column":91}}]},"108":{"type":"branch","line":298,"loc":{"start":{"line":298,"column":100},"end":{"line":298,"column":163}},"locations":[{"start":{"line":298,"column":100},"end":{"line":298,"column":163}}]},"109":{"type":"branch","line":305,"loc":{"start":{"line":305,"column":42},"end":{"line":305,"column":85}},"locations":[{"start":{"line":305,"column":42},"end":{"line":305,"column":85}}]},"110":{"type":"branch","line":305,"loc":{"start":{"line":305,"column":94},"end":{"line":305,"column":139}},"locations":[{"start":{"line":305,"column":94},"end":{"line":305,"column":139}}]},"111":{"type":"branch","line":429,"loc":{"start":{"line":429,"column":0},"end":{"line":440,"column":1}},"locations":[{"start":{"line":429,"column":0},"end":{"line":440,"column":1}}]},"112":{"type":"branch","line":432,"loc":{"start":{"line":432,"column":39},"end":{"line":438,"column":5}},"locations":[{"start":{"line":432,"column":39},"end":{"line":438,"column":5}}]},"113":{"type":"branch","line":448,"loc":{"start":{"line":448,"column":7},"end":{"line":463,"column":1}},"locations":[{"start":{"line":448,"column":7},"end":{"line":463,"column":1}}]},"114":{"type":"branch","line":451,"loc":{"start":{"line":451,"column":14},"end":{"line":451,"column":43}},"locations":[{"start":{"line":451,"column":14},"end":{"line":451,"column":43}}]},"115":{"type":"branch","line":458,"loc":{"start":{"line":458,"column":22},"end":{"line":461,"column":5}},"locations":[{"start":{"line":458,"column":22},"end":{"line":461,"column":5}}]}},"b":{"0":[1],"1":[3],"2":[0],"3":[4],"4":[0],"5":[3],"6":[3],"7":[0],"8":[1],"9":[2],"10":[2],"11":[2],"12":[2],"13":[2],"14":[0],"15":[1],"16":[1],"17":[0],"18":[0],"19":[0],"20":[1],"21":[2],"22":[2],"23":[2],"24":[0],"25":[0],"26":[1],"27":[0],"28":[1],"29":[0],"30":[0],"31":[1],"32":[0],"33":[0],"34":[0],"35":[0],"36":[2],"37":[1],"38":[1],"39":[0],"40":[0],"41":[0],"42":[0],"43":[1],"44":[1],"45":[0],"46":[1],"47":[0],"48":[1],"49":[1],"50":[0],"51":[1],"52":[0],"53":[0],"54":[0],"55":[1],"56":[0],"57":[2],"58":[0],"59":[0],"60":[2],"61":[5],"62":[0],"63":[1],"64":[0],"65":[0],"66":[4],"67":[0],"68":[1],"69":[0],"70":[3],"71":[0],"72":[2],"73":[0],"74":[1],"75":[0],"76":[1],"77":[1],"78":[3],"79":[2],"80":[2],"81":[0],"82":[0],"83":[0],"84":[4],"85":[0],"86":[0],"87":[0],"88":[0],"89":[0],"90":[1],"91":[0],"92":[1],"93":[4],"94":[0],"95":[0],"96":[4],"97":[1],"98":[3],"99":[3],"100":[1],"101":[8],"102":[4],"103":[2],"104":[1],"105":[4],"106":[2],"107":[2],"108":[1],"109":[4],"110":[2],"111":[4],"112":[0],"113":[4],"114":[0],"115":[3]},"fnMap":{"0":{"name":"init","decl":{"start":{"line":6,"column":7},"end":{"line":6,"column":71}},"loc":{"start":{"line":6,"column":7},"end":{"line":6,"column":71}},"line":6},"1":{"name":"setExecutionLogger","decl":{"start":{"line":25,"column":7},"end":{"line":25,"column":73}},"loc":{"start":{"line":25,"column":7},"end":{"line":25,"column":73}},"line":25},"2":{"name":"generateRequestId","decl":{"start":{"line":55,"column":0},"end":{"line":55,"column":98}},"loc":{"start":{"line":55,"column":0},"end":{"line":55,"column":98}},"line":55},"3":{"name":"pollFillState","decl":{"start":{"line":73,"column":0},"end":{"line":209,"column":1}},"loc":{"start":{"line":73,"column":0},"end":{"line":209,"column":1}},"line":73},"4":{"name":"computeSlippage","decl":{"start":{"line":217,"column":7},"end":{"line":220,"column":1}},"loc":{"start":{"line":217,"column":7},"end":{"line":220,"column":1}},"line":217},"5":{"name":"submitWithRetry","decl":{"start":{"line":233,"column":0},"end":{"line":420,"column":1}},"loc":{"start":{"line":233,"column":0},"end":{"line":420,"column":1}},"line":233},"6":{"name":"submit","decl":{"start":{"line":246,"column":4},"end":{"line":250,"column":5}},"loc":{"start":{"line":246,"column":4},"end":{"line":250,"column":5}},"line":246},"7":{"name":"pollLoop","decl":{"start":{"line":252,"column":4},"end":{"line":364,"column":5}},"loc":{"start":{"line":252,"column":4},"end":{"line":364,"column":5}},"line":252},"8":{"name":"getToday","decl":{"start":{"line":429,"column":0},"end":{"line":440,"column":1}},"loc":{"start":{"line":429,"column":0},"end":{"line":440,"column":1}},"line":429},"9":{"name":"onExitFill","decl":{"start":{"line":448,"column":7},"end":{"line":463,"column":1}},"loc":{"start":{"line":448,"column":7},"end":{"line":463,"column":1}},"line":448}},"f":{"0":1,"1":0,"2":0,"3":3,"4":0,"5":2,"6":2,"7":2,"8":4,"9":4}}
,"C:\\Users\\Admin\\dev\\zaif-trade-bot\\src\\adapters\\indicator-service.ts": {"path":"C:\\Users\\Admin\\dev\\zaif-trade-bot\\src\\adapters\\indicator-service.ts","all":false,"statementMap":{"0":{"start":{"line":1,"column":0},"end":{"line":1,"column":218}},"1":{"start":{"line":2,"column":0},"end":{"line":2,"column":51}},"2":{"start":{"line":3,"column":0},"end":{"line":3,"column":0}},"3":{"start":{"line":4,"column":0},"end":{"line":4,"column":64}},"4":{"start":{"line":5,"column":0},"end":{"line":5,"column":0}},"5":{"start":{"line":6,"column":0},"end":{"line":6,"column":36}},"6":{"start":{"line":7,"column":0},"end":{"line":7,"column":13}},"7":{"start":{"line":8,"column":0},"end":{"line":8,"column":16}},"8":{"start":{"line":9,"column":0},"end":{"line":9,"column":26}},"9":{"start":{"line":10,"column":0},"end":{"line":10,"column":25}},"10":{"start":{"line":11,"column":0},"end":{"line":11,"column":26}},"11":{"start":{"line":12,"column":0},"end":{"line":12,"column":25}},"12":{"start":{"line":13,"column":0},"end":{"line":13,"column":58}},"13":{"start":{"line":14,"column":0},"end":{"line":14,"column":25}},"14":{"start":{"line":15,"column":0},"end":{"line":15,"column":21}},"15":{"start":{"line":16,"column":0},"end":{"line":16,"column":20}},"16":{"start":{"line":17,"column":0},"end":{"line":17,"column":20}},"17":{"start":{"line":18,"column":0},"end":{"line":18,"column":20}},"18":{"start":{"line":19,"column":0},"end":{"line":19,"column":22}},"19":{"start":{"line":20,"column":0},"end":{"line":20,"column":20}},"20":{"start":{"line":21,"column":0},"end":{"line":21,"column":71}},"21":{"start":{"line":22,"column":0},"end":{"line":22,"column":97}},"22":{"start":{"line":23,"column":0},"end":{"line":23,"column":26}},"23":{"start":{"line":24,"column":0},"end":{"line":24,"column":20}},"24":{"start":{"line":25,"column":0},"end":{"line":25,"column":47}},"25":{"start":{"line":26,"column":0},"end":{"line":26,"column":133}},"26":{"start":{"line":27,"column":0},"end":{"line":27,"column":65}},"27":{"start":{"line":28,"column":0},"end":{"line":28,"column":51}},"28":{"start":{"line":29,"column":0},"end":{"line":29,"column":24}},"29":{"start":{"line":30,"column":0},"end":{"line":30,"column":21}},"30":{"start":{"line":31,"column":0},"end":{"line":31,"column":24}},"31":{"start":{"line":32,"column":0},"end":{"line":32,"column":1}},"32":{"start":{"line":33,"column":0},"end":{"line":33,"column":0}},"33":{"start":{"line":34,"column":0},"end":{"line":34,"column":42}},"34":{"start":{"line":35,"column":0},"end":{"line":35,"column":38}},"35":{"start":{"line":36,"column":0},"end":{"line":36,"column":38}},"36":{"start":{"line":37,"column":0},"end":{"line":37,"column":35}},"37":{"start":{"line":38,"column":0},"end":{"line":38,"column":19}},"38":{"start":{"line":39,"column":0},"end":{"line":39,"column":60}},"39":{"start":{"line":40,"column":0},"end":{"line":40,"column":21}},"40":{"start":{"line":41,"column":0},"end":{"line":41,"column":88}},"41":{"start":{"line":42,"column":0},"end":{"line":42,"column":60}},"42":{"start":{"line":43,"column":0},"end":{"line":43,"column":34}},"43":{"start":{"line":44,"column":0},"end":{"line":44,"column":20}},"44":{"start":{"line":45,"column":0},"end":{"line":45,"column":21}},"45":{"start":{"line":46,"column":0},"end":{"line":46,"column":57}},"46":{"start":{"line":47,"column":0},"end":{"line":47,"column":64}},"47":{"start":{"line":48,"column":0},"end":{"line":48,"column":41}},"48":{"start":{"line":49,"column":0},"end":{"line":49,"column":18}},"49":{"start":{"line":50,"column":0},"end":{"line":50,"column":23}},"50":{"start":{"line":51,"column":0},"end":{"line":51,"column":29}},"51":{"start":{"line":52,"column":0},"end":{"line":52,"column":1}},"52":{"start":{"line":53,"column":0},"end":{"line":53,"column":0}},"53":{"start":{"line":54,"column":0},"end":{"line":54,"column":51}},"54":{"start":{"line":55,"column":0},"end":{"line":55,"column":32}},"55":{"start":{"line":56,"column":0},"end":{"line":56,"column":31}},"56":{"start":{"line":57,"column":0},"end":{"line":57,"column":30}},"57":{"start":{"line":58,"column":0},"end":{"line":58,"column":32}},"58":{"start":{"line":59,"column":0},"end":{"line":59,"column":50}},"59":{"start":{"line":60,"column":0},"end":{"line":60,"column":67}},"60":{"start":{"line":61,"column":0},"end":{"line":61,"column":39}},"61":{"start":{"line":62,"column":0},"end":{"line":62,"column":91}},"62":{"start":{"line":63,"column":0},"end":{"line":63,"column":0}},"63":{"start":{"line":64,"column":0},"end":{"line":64,"column":50}},"64":{"start":{"line":65,"column":0},"end":{"line":65,"column":12}},"65":{"start":{"line":66,"column":0},"end":{"line":66,"column":17}},"66":{"start":{"line":67,"column":0},"end":{"line":67,"column":35}},"67":{"start":{"line":68,"column":0},"end":{"line":68,"column":34}},"68":{"start":{"line":69,"column":0},"end":{"line":69,"column":36}},"69":{"start":{"line":70,"column":0},"end":{"line":70,"column":34}},"70":{"start":{"line":71,"column":0},"end":{"line":71,"column":32}},"71":{"start":{"line":72,"column":0},"end":{"line":72,"column":30}},"72":{"start":{"line":73,"column":0},"end":{"line":73,"column":36}},"73":{"start":{"line":74,"column":0},"end":{"line":74,"column":31}},"74":{"start":{"line":75,"column":0},"end":{"line":75,"column":32}},"75":{"start":{"line":76,"column":0},"end":{"line":76,"column":38}},"76":{"start":{"line":77,"column":0},"end":{"line":77,"column":34}},"77":{"start":{"line":78,"column":0},"end":{"line":78,"column":44}},"78":{"start":{"line":79,"column":0},"end":{"line":79,"column":38}},"79":{"start":{"line":80,"column":0},"end":{"line":80,"column":34}},"80":{"start":{"line":81,"column":0},"end":{"line":81,"column":36}},"81":{"start":{"line":82,"column":0},"end":{"line":82,"column":36}},"82":{"start":{"line":83,"column":0},"end":{"line":83,"column":39}},"83":{"start":{"line":84,"column":0},"end":{"line":84,"column":36}},"84":{"start":{"line":85,"column":0},"end":{"line":85,"column":25}},"85":{"start":{"line":86,"column":0},"end":{"line":86,"column":31}},"86":{"start":{"line":87,"column":0},"end":{"line":87,"column":34}},"87":{"start":{"line":88,"column":0},"end":{"line":88,"column":32}},"88":{"start":{"line":89,"column":0},"end":{"line":89,"column":31}},"89":{"start":{"line":90,"column":0},"end":{"line":90,"column":41}},"90":{"start":{"line":91,"column":0},"end":{"line":91,"column":39}},"91":{"start":{"line":92,"column":0},"end":{"line":92,"column":38}},"92":{"start":{"line":93,"column":0},"end":{"line":93,"column":42}},"93":{"start":{"line":94,"column":0},"end":{"line":94,"column":34}},"94":{"start":{"line":95,"column":0},"end":{"line":95,"column":34}},"95":{"start":{"line":96,"column":0},"end":{"line":96,"column":33}},"96":{"start":{"line":97,"column":0},"end":{"line":97,"column":42}},"97":{"start":{"line":98,"column":0},"end":{"line":98,"column":54}},"98":{"start":{"line":99,"column":0},"end":{"line":99,"column":6}},"99":{"start":{"line":100,"column":0},"end":{"line":100,"column":3}},"100":{"start":{"line":101,"column":0},"end":{"line":101,"column":0}},"101":{"start":{"line":102,"column":0},"end":{"line":102,"column":92}},"102":{"start":{"line":103,"column":0},"end":{"line":103,"column":75}},"103":{"start":{"line":104,"column":0},"end":{"line":104,"column":90}},"104":{"start":{"line":105,"column":0},"end":{"line":105,"column":28}},"105":{"start":{"line":106,"column":0},"end":{"line":106,"column":28}},"106":{"start":{"line":107,"column":0},"end":{"line":107,"column":48}},"107":{"start":{"line":108,"column":0},"end":{"line":108,"column":100}},"108":{"start":{"line":109,"column":0},"end":{"line":109,"column":99}},"109":{"start":{"line":110,"column":0},"end":{"line":110,"column":26}},"110":{"start":{"line":111,"column":0},"end":{"line":111,"column":24}},"111":{"start":{"line":112,"column":0},"end":{"line":112,"column":52}},"112":{"start":{"line":113,"column":0},"end":{"line":113,"column":23}},"113":{"start":{"line":114,"column":0},"end":{"line":114,"column":78}},"114":{"start":{"line":115,"column":0},"end":{"line":115,"column":68}},"115":{"start":{"line":116,"column":0},"end":{"line":116,"column":0}},"116":{"start":{"line":117,"column":0},"end":{"line":117,"column":47}},"117":{"start":{"line":118,"column":0},"end":{"line":118,"column":63}},"118":{"start":{"line":119,"column":0},"end":{"line":119,"column":61}},"119":{"start":{"line":120,"column":0},"end":{"line":120,"column":74}},"120":{"start":{"line":121,"column":0},"end":{"line":121,"column":72}},"121":{"start":{"line":122,"column":0},"end":{"line":122,"column":61}},"122":{"start":{"line":123,"column":0},"end":{"line":123,"column":132}},"123":{"start":{"line":124,"column":0},"end":{"line":124,"column":35}},"124":{"start":{"line":125,"column":0},"end":{"line":125,"column":67}},"125":{"start":{"line":126,"column":0},"end":{"line":126,"column":47}},"126":{"start":{"line":127,"column":0},"end":{"line":127,"column":58}},"127":{"start":{"line":128,"column":0},"end":{"line":128,"column":68}},"128":{"start":{"line":129,"column":0},"end":{"line":129,"column":110}},"129":{"start":{"line":130,"column":0},"end":{"line":130,"column":110}},"130":{"start":{"line":131,"column":0},"end":{"line":131,"column":73}},"131":{"start":{"line":132,"column":0},"end":{"line":132,"column":96}},"132":{"start":{"line":133,"column":0},"end":{"line":133,"column":86}},"133":{"start":{"line":134,"column":0},"end":{"line":134,"column":81}},"134":{"start":{"line":135,"column":0},"end":{"line":135,"column":97}},"135":{"start":{"line":136,"column":0},"end":{"line":136,"column":91}},"136":{"start":{"line":137,"column":0},"end":{"line":137,"column":81}},"137":{"start":{"line":138,"column":0},"end":{"line":138,"column":121}},"138":{"start":{"line":139,"column":0},"end":{"line":139,"column":55}},"139":{"start":{"line":140,"column":0},"end":{"line":140,"column":127}},"140":{"start":{"line":141,"column":0},"end":{"line":141,"column":177}},"141":{"start":{"line":142,"column":0},"end":{"line":142,"column":80}},"142":{"start":{"line":143,"column":0},"end":{"line":143,"column":92}},"143":{"start":{"line":144,"column":0},"end":{"line":144,"column":79}},"144":{"start":{"line":145,"column":0},"end":{"line":145,"column":69}},"145":{"start":{"line":146,"column":0},"end":{"line":146,"column":71}},"146":{"start":{"line":147,"column":0},"end":{"line":147,"column":28}},"147":{"start":{"line":148,"column":0},"end":{"line":148,"column":51}},"148":{"start":{"line":149,"column":0},"end":{"line":149,"column":9}},"149":{"start":{"line":150,"column":0},"end":{"line":150,"column":54}},"150":{"start":{"line":151,"column":0},"end":{"line":151,"column":52}},"151":{"start":{"line":152,"column":0},"end":{"line":152,"column":43}},"152":{"start":{"line":153,"column":0},"end":{"line":153,"column":115}},"153":{"start":{"line":154,"column":0},"end":{"line":154,"column":64}},"154":{"start":{"line":155,"column":0},"end":{"line":155,"column":36}},"155":{"start":{"line":156,"column":0},"end":{"line":156,"column":7}},"156":{"start":{"line":157,"column":0},"end":{"line":157,"column":14}},"157":{"start":{"line":158,"column":0},"end":{"line":158,"column":77}},"158":{"start":{"line":159,"column":0},"end":{"line":159,"column":167}},"159":{"start":{"line":160,"column":0},"end":{"line":160,"column":11}},"160":{"start":{"line":161,"column":0},"end":{"line":161,"column":3}},"161":{"start":{"line":162,"column":0},"end":{"line":162,"column":1}}},"s":{"0":1,"1":1,"2":1,"3":1,"4":1,"5":1,"6":1,"7":1,"8":1,"9":1,"10":1,"11":1,"12":1,"13":1,"14":1,"15":1,"16":1,"17":1,"18":1,"19":1,"20":1,"21":1,"22":1,"23":1,"24":1,"25":1,"26":1,"27":1,"28":1,"29":1,"30":1,"31":1,"32":1,"33":1,"34":1,"35":1,"36":1,"37":1,"38":1,"39":1,"40":1,"41":1,"42":1,"43":1,"44":1,"45":1,"46":1,"47":1,"48":1,"49":1,"50":1,"51":1,"52":1,"53":1,"54":1,"55":1,"56":1,"57":1,"58":1,"59":1,"60":1,"61":1,"62":1,"63":1,"64":10,"65":10,"66":10,"67":10,"68":10,"69":10,"70":10,"71":10,"72":10,"73":10,"74":10,"75":10,"76":10,"77":10,"78":10,"79":10,"80":10,"81":10,"82":10,"83":10,"84":10,"85":10,"86":10,"87":10,"88":10,"89":10,"90":10,"91":10,"92":10,"93":10,"94":10,"95":10,"96":10,"97":10,"98":10,"99":10,"100":1,"101":1,"102":14,"103":14,"104":14,"105":14,"106":14,"107":14,"108":14,"109":14,"110":14,"111":14,"112":14,"113":14,"114":14,"115":14,"116":14,"117":14,"118":14,"119":14,"120":14,"121":14,"122":14,"123":14,"124":14,"125":14,"126":14,"127":14,"128":14,"129":14,"130":14,"131":14,"132":14,"133":14,"134":14,"135":14,"136":14,"137":14,"138":14,"139":14,"140":14,"141":14,"142":14,"143":14,"144":14,"145":14,"146":14,"147":14,"148":14,"149":14,"150":14,"151":14,"152":14,"153":14,"154":14,"155":14,"156":14,"157":14,"158":14,"159":14,"160":14,"161":1},"branchMap":{"0":{"type":"branch","line":64,"loc":{"start":{"line":64,"column":2},"end":{"line":100,"column":3}},"locations":[{"start":{"line":64,"column":2},"end":{"line":100,"column":3}}]},"1":{"type":"branch","line":102,"loc":{"start":{"line":102,"column":2},"end":{"line":161,"column":3}},"locations":[{"start":{"line":102,"column":2},"end":{"line":161,"column":3}}]},"2":{"type":"branch","line":104,"loc":{"start":{"line":104,"column":80},"end":{"line":104,"column":90}},"locations":[{"start":{"line":104,"column":80},"end":{"line":104,"column":90}}]},"3":{"type":"branch","line":108,"loc":{"start":{"line":108,"column":59},"end":{"line":108,"column":94}},"locations":[{"start":{"line":108,"column":59},"end":{"line":108,"column":94}}]},"4":{"type":"branch","line":108,"loc":{"start":{"line":108,"column":90},"end":{"line":108,"column":100}},"locations":[{"start":{"line":108,"column":90},"end":{"line":108,"column":100}}]},"5":{"type":"branch","line":109,"loc":{"start":{"line":109,"column":58},"end":{"line":109,"column":93}},"locations":[{"start":{"line":109,"column":58},"end":{"line":109,"column":93}}]},"6":{"type":"branch","line":109,"loc":{"start":{"line":109,"column":89},"end":{"line":109,"column":99}},"locations":[{"start":{"line":109,"column":89},"end":{"line":109,"column":99}}]},"7":{"type":"branch","line":141,"loc":{"start":{"line":141,"column":162},"end":{"line":141,"column":177}},"locations":[{"start":{"line":141,"column":162},"end":{"line":141,"column":177}}]},"8":{"type":"branch","line":153,"loc":{"start":{"line":153,"column":29},"end":{"line":153,"column":115}},"locations":[{"start":{"line":153,"column":29},"end":{"line":153,"column":115}}]},"9":{"type":"branch","line":153,"loc":{"start":{"line":153,"column":66},"end":{"line":153,"column":78}},"locations":[{"start":{"line":153,"column":66},"end":{"line":153,"column":78}}]},"10":{"type":"branch","line":157,"loc":{"start":{"line":157,"column":4},"end":{"line":157,"column":14}},"locations":[{"start":{"line":157,"column":4},"end":{"line":157,"column":14}}]},"11":{"type":"branch","line":158,"loc":{"start":{"line":158,"column":67},"end":{"line":158,"column":77}},"locations":[{"start":{"line":158,"column":67},"end":{"line":158,"column":77}}]},"12":{"type":"branch","line":159,"loc":{"start":{"line":159,"column":157},"end":{"line":159,"column":167}},"locations":[{"start":{"line":159,"column":157},"end":{"line":159,"column":167}}]},"13":{"type":"branch","line":114,"loc":{"start":{"line":114,"column":17},"end":{"line":114,"column":78}},"locations":[{"start":{"line":114,"column":17},"end":{"line":114,"column":78}}]},"14":{"type":"branch","line":114,"loc":{"start":{"line":114,"column":63},"end":{"line":114,"column":76}},"locations":[{"start":{"line":114,"column":63},"end":{"line":114,"column":76}}]}},"b":{"0":[10],"1":[14],"2":[2],"3":[4],"4":[10],"5":[4],"6":[10],"7":[0],"8":[10],"9":[0],"10":[0],"11":[8],"12":[2],"13":[56],"14":[0]},"fnMap":{"0":{"name":"IndicatorService","decl":{"start":{"line":64,"column":2},"end":{"line":100,"column":3}},"loc":{"start":{"line":64,"column":2},"end":{"line":100,"column":3}},"line":64},"1":{"name":"update","decl":{"start":{"line":102,"column":2},"end":{"line":161,"column":3}},"loc":{"start":{"line":102,"column":2},"end":{"line":161,"column":3}},"line":102},"2":{"name":"trim","decl":{"start":{"line":114,"column":17},"end":{"line":114,"column":78}},"loc":{"start":{"line":114,"column":17},"end":{"line":114,"column":78}},"line":114}},"f":{"0":10,"1":14,"2":56}}
,"C:\\Users\\Admin\\dev\\zaif-trade-bot\\src\\adapters\\market-service.ts": {"path":"C:\\Users\\Admin\\dev\\zaif-trade-bot\\src\\adapters\\market-service.ts","all":false,"statementMap":{"0":{"start":{"line":1,"column":0},"end":{"line":1,"column":67}},"1":{"start":{"line":2,"column":0},"end":{"line":2,"column":78}},"2":{"start":{"line":3,"column":0},"end":{"line":3,"column":44}},"3":{"start":{"line":4,"column":0},"end":{"line":4,"column":57}},"4":{"start":{"line":5,"column":0},"end":{"line":5,"column":41}},"5":{"start":{"line":6,"column":0},"end":{"line":6,"column":51}},"6":{"start":{"line":7,"column":0},"end":{"line":7,"column":125}},"7":{"start":{"line":8,"column":0},"end":{"line":8,"column":0}},"8":{"start":{"line":9,"column":0},"end":{"line":9,"column":49}},"9":{"start":{"line":10,"column":0},"end":{"line":10,"column":44}},"10":{"start":{"line":11,"column":0},"end":{"line":11,"column":86}},"11":{"start":{"line":12,"column":0},"end":{"line":12,"column":149}},"12":{"start":{"line":13,"column":0},"end":{"line":13,"column":0}},"13":{"start":{"line":14,"column":0},"end":{"line":14,"column":41}},"14":{"start":{"line":15,"column":0},"end":{"line":15,"column":93}},"15":{"start":{"line":16,"column":0},"end":{"line":16,"column":99}},"16":{"start":{"line":17,"column":0},"end":{"line":17,"column":93}},"17":{"start":{"line":18,"column":0},"end":{"line":18,"column":0}},"18":{"start":{"line":19,"column":0},"end":{"line":19,"column":88}},"19":{"start":{"line":20,"column":0},"end":{"line":20,"column":0}},"20":{"start":{"line":21,"column":0},"end":{"line":21,"column":34}},"21":{"start":{"line":22,"column":0},"end":{"line":22,"column":43}},"22":{"start":{"line":23,"column":0},"end":{"line":23,"column":118}},"23":{"start":{"line":24,"column":0},"end":{"line":24,"column":177}},"24":{"start":{"line":25,"column":0},"end":{"line":25,"column":59}},"25":{"start":{"line":26,"column":0},"end":{"line":26,"column":13}},"26":{"start":{"line":27,"column":0},"end":{"line":27,"column":3}},"27":{"start":{"line":28,"column":0},"end":{"line":28,"column":0}},"28":{"start":{"line":29,"column":0},"end":{"line":29,"column":33}},"29":{"start":{"line":30,"column":0},"end":{"line":30,"column":46}},"30":{"start":{"line":31,"column":0},"end":{"line":31,"column":121}},"31":{"start":{"line":32,"column":0},"end":{"line":32,"column":183}},"32":{"start":{"line":33,"column":0},"end":{"line":33,"column":62}},"33":{"start":{"line":34,"column":0},"end":{"line":34,"column":13}},"34":{"start":{"line":35,"column":0},"end":{"line":35,"column":3}},"35":{"start":{"line":36,"column":0},"end":{"line":36,"column":0}},"36":{"start":{"line":37,"column":0},"end":{"line":37,"column":40}},"37":{"start":{"line":38,"column":0},"end":{"line":38,"column":43}},"38":{"start":{"line":39,"column":0},"end":{"line":39,"column":118}},"39":{"start":{"line":40,"column":0},"end":{"line":40,"column":177}},"40":{"start":{"line":41,"column":0},"end":{"line":41,"column":59}},"41":{"start":{"line":42,"column":0},"end":{"line":42,"column":13}},"42":{"start":{"line":43,"column":0},"end":{"line":43,"colu
[...]
t":{"line":125,"column":7},"end":{"line":131,"column":1}},"locations":[{"start":{"line":125,"column":7},"end":{"line":131,"column":1}}]},"51":{"type":"branch","line":127,"loc":{"start":{"line":127,"column":12},"end":{"line":129,"column":30}},"locations":[{"start":{"line":127,"column":12},"end":{"line":129,"column":30}}]},"52":{"type":"branch","line":127,"loc":{"start":{"line":127,"column":12},"end":{"line":127,"column":24}},"locations":[{"start":{"line":127,"column":12},"end":{"line":127,"column":24}}]},"53":{"type":"branch","line":127,"loc":{"start":{"line":127,"column":19},"end":{"line":129,"column":30}},"locations":[{"start":{"line":127,"column":19},"end":{"line":129,"column":30}}]},"54":{"type":"branch","line":129,"loc":{"start":{"line":129,"column":30},"end":{"line":131,"column":1}},"locations":[{"start":{"line":129,"column":30},"end":{"line":131,"column":1}}]},"55":{"type":"branch","line":129,"loc":{"start":{"line":129,"column":30},"end":{"line":129,"column":42}},"locations":[{"start":{"line":129,"column":30},"end":{"line":129,"column":42}}]},"56":{"type":"branch","line":129,"loc":{"start":{"line":129,"column":37},"end":{"line":131,"column":1}},"locations":[{"start":{"line":129,"column":37},"end":{"line":131,"column":1}}]},"57":{"type":"branch","line":144,"loc":{"start":{"line":144,"column":7},"end":{"line":171,"column":1}},"locations":[{"start":{"line":144,"column":7},"end":{"line":171,"column":1}}]},"58":{"type":"branch","line":148,"loc":{"start":{"line":148,"column":27},"end":{"line":148,"column":39}},"locations":[{"start":{"line":148,"column":27},"end":{"line":148,"column":39}}]},"59":{"type":"branch","line":148,"loc":{"start":{"line":148,"column":34},"end":{"line":171,"column":1}},"locations":[{"start":{"line":148,"column":34},"end":{"line":171,"column":1}}]},"60":{"type":"branch","line":156,"loc":{"start":{"line":156,"column":31},"end":{"line":167,"column":7}},"locations":[{"start":{"line":156,"column":31},"end":{"line":167,"column":7}}]},"61":{"type":"branch","line":157,"loc":{"start":{"line":157,"column":39},"end":{"line":157,"column":48}},"locations":[{"start":{"line":157,"column":39},"end":{"line":157,"column":48}}]},"62":{"type":"branch","line":157,"loc":{"start":{"line":157,"column":39},"end":{"line":166,"column":16}},"locations":[{"start":{"line":157,"column":39},"end":{"line":166,"column":16}}]},"63":{"type":"branch","line":166,"loc":{"start":{"line":166,"column":8},"end":{"line":166,"column":19}},"locations":[{"start":{"line":166,"column":8},"end":{"line":166,"column":19}}]},"64":{"type":"branch","line":168,"loc":{"start":{"line":168,"column":4},"end":{"line":168,"column":40}},"locations":[{"start":{"line":168,"column":4},"end":{"line":168,"column":40}}]},"65":{"type":"branch","line":149,"loc":{"start":{"line":149,"column":17},"end":{"line":149,"column":113}},"locations":[{"start":{"line":149,"column":17},"end":{"line":149,"column":113}}]},"66":{"type":"branch","line":149,"loc":{"start":{"line":149,"column":87},"end":{"line":149,"column":113}},"locations":[{"start":{"line":149,"column":87},"end":{"line":149,"column":113}}]},"67":{"type":"branch","line":160,"loc":{"start":{"line":160,"column":24},"end":{"line":160,"column":122}},"locations":[{"start":{"line":160,"column":24},"end":{"line":160,"column":122}}]},"68":{"type":"branch","line":160,"loc":{"start":{"line":160,"column":101},"end":{"line":160,"column":109}},"locations":[{"start":{"line":160,"column":101},"end":{"line":160,"column":109}}]},"69":{"type":"branch","line":160,"loc":{"start":{"line":160,"column":105},"end":{"line":160,"column":120}},"locations":[{"start":{"line":160,"column":105},"end":{"line":160,"column":120}}]},"70":{"type":"branch","line":174,"loc":{"start":{"line":174,"column":7},"end":{"line":178,"column":1}},"locations":[{"start":{"line":174,"column":7},"end":{"line":178,"column":1}}]},"71":{"type":"branch","line":176,"loc":{"start":{"line":176,"column":27},"end":{"line":176,"column":91}},"locations":[{"start":{"line":176,"column":27},"end":{"line":176,"column":91}}]},"72":{"type":"branch","line":214,"loc":{"start":{"line":214,"column":7},"end":{"line":232,"column":1}},"locations":[{"start":{"line":214,"column":7},"end":{"line":232,"column":1}}]},"73":{"type":"branch","line":222,"loc":{"start":{"line":222,"column":29},"end":{"line":223,"column":38}},"locations":[{"start":{"line":222,"column":29},"end":{"line":223,"column":38}}]},"74":{"type":"branch","line":224,"loc":{"start":{"line":224,"column":15},"end":{"line":230,"column":30}},"locations":[{"start":{"line":224,"column":15},"end":{"line":230,"column":30}}]},"75":{"type":"branch","line":231,"loc":{"start":{"line":231,"column":37},"end":{"line":231,"column":61}},"locations":[{"start":{"line":231,"column":37},"end":{"line":231,"column":61}}]},"76":{"type":"branch","line":236,"loc":{"start":{"line":236,"column":0},"end":{"line":241,"column":1}},"locations":[{"start":{"line":236,"column":0},"end":{"line":241,"column":1}}]},"77":{"type":"branch","line":239,"loc":{"start":{"line":239,"column":33},"end":{"line":239,"column":58}},"locations":[{"start":{"line":239,"column":33},"end":{"line":239,"column":58}}]},"78":{"type":"branch","line":240,"loc":{"start":{"line":240,"column":2},"end":{"line":240,"column":26}},"locations":[{"start":{"line":240,"column":2},"end":{"line":240,"column":26}}]}},"b":{"0":[21],"1":[14],"2":[0],"3":[0],"4":[14],"5":[12],"6":[0],"7":[6],"8":[0],"9":[0],"10":[5],"11":[0],"12":[3],"13":[4],"14":[2],"15":[0],"16":[0],"17":[0],"18":[0],"19":[3],"20":[0],"21":[2],"22":[0],"23":[1],"24":[8],"25":[5],"26":[0],"27":[0],"28":[11],"29":[5],"30":[1],"31":[4],"32":[1],"33":[4],"34":[6],"35":[1],"36":[5],"37":[1],"38":[0],"39":[3],"40":[1],"41":[2],"42":[0],"43":[2],"44":[1],"45":[0],"46":[0],"47":[0],"48":[0],"49":[0],"50":[12],"51":[11],"52":[9],"53":[3],"54":[4],"55":[0],"56":[3],"57":[3],"58":[1],"59":[2],"60":[5],"61":[4],"62":[1],"63":[0],"64":[0],"65":[2],"66":[0],"67":[5],"68":[2],"69":[3],"70":[1],"71":[0],"72":[1],"73":[0],"74":[0],"75":[0],"76":[1],"77":[24],"78":[0]},"fnMap":{"0":{"name":"todayStr","decl":{"start":{"line":8,"column":7},"end":{"line":8,"column":95}},"loc":{"start":{"line":8,"column":7},"end":{"line":8,"column":95}},"line":8},"1":{"name":"sleep","decl":{"start":{"line":14,"column":7},"end":{"line":23,"column":1}},"loc":{"start":{"line":14,"column":7},"end":{"line":23,"column":1}},"line":14},"2":{"name":"baseFromPair","decl":{"start":{"line":26,"column":7},"end":{"line":26,"column":112}},"loc":{"start":{"line":26,"column":7},"end":{"line":26,"column":112}},"line":26},"3":{"name":"fetchBalances","decl":{"start":{"line":32,"column":0},"end":{"line":36,"column":1}},"loc":{"start":{"line":32,"column":0},"end":{"line":36,"column":1}},"line":32},"4":{"name":"clampAmountForSafety","decl":{"start":{"line":43,"column":7},"end":{"line":70,"column":1}},"loc":{"start":{"line":43,"column":7},"end":{"line":70,"column":1}},"line":43},"5":{"name":"getExposureWarnPct","decl":{"start":{"line":73,"column":7},"end":{"line":78,"column":1}},"loc":{"start":{"line":73,"column":7},"end":{"line":78,"column":1}},"line":73},"6":{"name":"computeExposureRatio","decl":{"start":{"line":81,"column":7},"end":{"line":94,"column":1}},"loc":{"start":{"line":81,"column":7},"end":{"line":94,"column":1}},"line":81},"7":{"name":"getExposureHardCap","decl":{"start":{"line":97,"column":7},"end":{"line":103,"column":1}},"loc":{"start":{"line":97,"column":7},"end":{"line":103,"column":1}},"line":97},"8":{"name":"clampByExposureCap","decl":{"start":{"line":106,"column":7},"end":{"line":122,"column":1}},"loc":{"start":{"line":106,"column":7},"end":{"line":122,"column":1}},"line":106},"9":{"name":"getMaxHoldSec","decl":{"start":{"line":125,"column":7},"end":{"line":131,"column":1}},"loc":{"start":{"line":125,"column":7},"end":{"line":131,"column":1}},"line":125},"10":{"name":"readFeatureCsvRows","decl":{"start":{"line":144,"column":7},"end":{"line":171,"column":1}},"loc":{"start":{"line":144,"column":7},"end":{"line":171,"column":1}},"line":144},"11":{"name":"filter","decl":{"start":{"line":149,"column":17},"end":{"line":149,"column":113}},"loc":{"start":{"line":149,"column":17},"end":{"line":149,"column":113}},"line":149},"12":{"name":"toNum","decl":{"start":{"line":160,"column":24},"end":{"line":160,"column":122}},"loc":{"start":{"line":160,"column":24},"end":{"line":160,"column":122}},"line":160},"13":{"name":"getFeaturesRoot","decl":{"start":{"line":174,"column":7},"end":{"line":178,"column":1}},"loc":{"start":{"line":174,"column":7},"end":{"line":178,"column":1}},"line":174},"14":{"name":"enumerateFeatureFiles","decl":{"start":{"line":183,"column":7},"end":{"line":211,"column":1}},"loc":{"start":{"line":183,"column":7},"end":{"line":211,"column":1}},"line":183},"15":{"name":"runMlSimulate","decl":{"start":{"line":214,"column":7},"end":{"line":232,"column":1}},"loc":{"start":{"line":214,"column":7},"end":{"line":232,"column":1}},"line":214},"16":{"name":"readLines","decl":{"start":{"line":236,"column":0},"end":{"line":241,"column":1}},"loc":{"start":{"line":236,"column":0},"end":{"line":241,"column":1}},"line":236}},"f":{"0":21,"1":14,"2":12,"3":6,"4":5,"5":8,"6":11,"7":3,"8":1,"9":12,"10":3,"11":2,"12":5,"13":1,"14":0,"15":1,"16":1}}
,"C:\\Users\\Admin\\dev\\zaif-trade-bot\\src\\utils\\trade-logger.ts": {"path":"C:\\Users\\Admin\\dev\\zaif-trade-bot\\src\\utils\\trade-logger.ts","all":false,"statementMap":{"0":{"start":{"line":1,"column":0},"end":{"line":1,"column":20}},"1":{"start":{"line":2,"column":0},"end":{"line":2,"column":24}},"2":{"start":{"line":3,"column":0},"end":{"line":3,"column":0}},"3":{"start":{"line":4,"column":0},"end":{"line":4,"column":75}},"4":{"start":{"line":5,"column":0},"end":{"line":5,"column":0}},"5":{"start":{"line":6,"column":0},"end":{"line":6,"column":41}},"6":{"start":{"line":7,"column":0},"end":{"line":7,"column":63}},"7":{"start":{"line":8,"column":0},"end":{"line":8,"column":49}},"8":{"start":{"line":9,"column":0},"end":{"line":9,"column":1}},"9":{"start":{"line":10,"column":0},"end":{"line":10,"column":0}},"10":{"start":{"line":11,"column":0},"end":{"line":11,"column":56}},"11":{"start":{"line":12,"column":0},"end":{"line":12,"column":47}},"12":{"start":{"line":13,"column":0},"end":{"line":13,"column":0}},"13":{"start":{"line":14,"column":0},"end":{"line":14,"column":27}},"14":{"start":{"line":15,"column":0},"end":{"line":15,"column":56}},"15":{"start":{"line":16,"column":0},"end":{"line":16,"column":32}},"16":{"start":{"line":17,"column":0},"end":{"line":17,"column":28}},"17":{"start":{"line":18,"column":0},"end":{"line":18,"column":45}},"18":{"start":{"line":19,"column":0},"end":{"line":19,"column":5}},"19":{"start":{"line":20,"column":0},"end":{"line":20,"column":1}},"20":{"start":{"line":21,"column":0},"end":{"line":21,"column":0}},"21":{"start":{"line":22,"column":0},"end":{"line":22,"column":22}},"22":{"start":{"line":23,"column":0},"end":{"line":23,"column":47}},"23":{"start":{"line":24,"column":0},"end":{"line":24,"column":1}},"24":{"start":{"line":25,"column":0},"end":{"line":25,"column":0}},"25":{"start":{"line":26,"column":0},"end":{"line":26,"column":79}},"26":{"start":{"line":27,"column":0},"end":{"line":27,"column":0}},"27":{"start":{"line":28,"column":0},"end":{"line":28,"column":32}},"28":{"start":{"line":29,"column":0},"end":{"line":29,"column":42}},"29":{"start":{"line":30,"column":0},"end":{"line":30,"column":23}},"30":{"start":{"line":31,"column":0},"end":{"line":31,"column":20}},"31":{"start":{"line":32,"column":0},"end":{"line":32,"column":15}},"32":{"start":{"line":33,"column":0},"end":{"line":33,"column":1}},"33":{"start":{"line":34,"column":0},"end":{"line":34,"column":0}},"34":{"start":{"line":35,"column":0},"end":{"line":35,"column":48}},"35":{"start":{"line":36,"column":0},"end":{"line":36,"column":9}},"36":{"start":{"line":37,"column":0},"end":{"line":37,"column":25}},"37":{"start":{"line":38,"column":0},"end":{"line":38,"column":20}},"38":{"start":{"line":39,"column":0},"end":{"line":39,"column":72}},"39":{"start":{"line":40,"column":0},"end":{"line":40,"column":19}},"40":{"start":{"line":41,"column":0},"end":{"line":41,"column":57}},"41":{"start":{"line":42,"column":0},"end":{"line":42,"column":5}},"42":{"start":{"line":43,"column":0},"end":{"line":43,"column":1}},"43":{"start":{"line":44,"column":0},"end":{"line":44,"column":0}},"44":{"start":{"line":45,"column":0},"end":{"line":45,"column":56}},"45":{"start":{"line":46,"column":0},"end":{"line":46,"column":78}},"46":{"start":{"line":47,"column":0},"end":{"line":47,"column":1}},"47":{"start":{"line":48,"column":0},"end":{"line":48,"column":55}},"48":{"start":{"line":49,"column":0},"end":{"line":49,"column":77}},"49":{"start":{"line":50,"column":0},"end":{"line":50,"column":1}},"50":{"start":{"line":51,"column":0},"end":{"line":51,"column":59}},"51":{"start":{"line":52,"column":0},"end":{"line":52,"column":81}},"52":{"start":{"line":53,"column":0},"end":{"line":53,"column":1}},"53":{"start":{"line":54,"column":0},"end":{"line":54,"column":60}},"54":{"start":{"line":55,"column":0},"end":{"line":55,"column":77}},"55":{"start":{"line":56,"column":0},"end":{"line":56,"column":1}},"56":{"start":{"line":57,"column":0},"end":{"line":57,"column":59}},"57":{"start":{"line":58,"column":0},"end":{"line":58,"column":76}},"58":{"start":{"line":59,"column":0},"end":{"line":59,"column":1}},"59":{"start":{"line":60,"column":0},"end":{"line":60,"column":0}},"60":{"start":{"line":61,"column":0},"end":{"line":61,"column":30}},"61":{"start":{"line":62,"column":0},"end":{"line":62,"column":17}},"62":{"start":{"line":63,"column":0},"end":{"line":63,"column":19}},"63":{"start":{"line":64,"column":0},"end":{"line":64,"column":20}},"64":{"start":{"line":65,"column":0},"end":{"line":65,"column":45}},"65":{"start":{"line":66,"column":0},"end":{"line":66,"column":1}},"66":{"start":{"line":67,"column":0},"end":{"line":67,"column":0}},"67":{"start":{"line":68,"column":0},"end":{"line":68,"column":3}},"68":{"start":{"line":69,"column":0},"end":{"line":69,"column":46}},"69":{"start":{"line":70,"column":0},"end":{"line":70,"column":65}},"70":{"start":{"line":71,"column":0},"end":{"line":71,"column":66}},"71":{"start":{"line":72,"column":0},"end":{"line":72,"column":3}},"72":{"start":{"line":73,"column":0},"end":{"line":73,"column":64}},"73":{"start":{"line":74,"column":0},"end":{"line":74,"column":16}},"74":{"start":{"line":75,"column":0},"end":{"line":75,"column":36}},"75":{"start":{"line":76,"column":0},"end":{"line":76,"column":85}},"76":{"start":{"line":77,"column":0},"end":{"line":77,"column":57}},"77":{"start":{"line":78,"column":0},"end":{"line":78,"column":91}},"78":{"start":{"line":79,"column":0},"end":{"line":79,"column":74}},"79":{"start":{"line":80,"column":0},"end":{"line":80,"column":41}},"80":{"start":{"line":81,"column":0},"end":{"line":81,"column":31}},"81":{"start":{"line":82,"column":0},"end":{"line":82,"column":13}},"82":{"start":{"line":83,"column":0},"end":{"line":83,"column":56}},"83":{"start":{"line":84,"column":0},"end":{"line":84,"column":47}},"84":{"start":{"line":85,"column":0},"end":{"line":85,"column":49}},"85":{"start":{"line":86,"column":0},"end":{"line":86,"column":102}},"86":{"start":{"line":87,"column":0},"end":{"line":87,"column":32}},"87":{"start":{"line":88,"column":0},"end":{"line":88,"column":5}},"88":{"start":{"line":89,"column":0},"end":{"line":89,"column":55}},"89":{"start":{"line":90,"column":0},"end":{"line":90,"column":1}}},"s":{"0":1,"1":1,"2":1,"3":1,"4":1,"5":20,"6":20,"7":20,"8":20,"9":1,"10":1,"11":1,"12":1,"13":14,"14":14,"15":14,"16":0,"17":0,"18":0,"19":14,"20":1,"21":14,"22":14,"23":14,"24":1,"25":1,"26":1,"27":1,"28":1,"29":1,"30":1,"31":1,"32":1,"33":1,"34":1,"35":14,"36":14,"37":14,"38":14,"39":14,"40":0,"41":0,"42":14,"43":1,"44":1,"45":8,"46":8,"47":1,"48":0,"49":0,"50":1,"51":2,"52":2,"53":1,"54":1,"55":1,"56":1,"57":3,"58":3,"59":1,"60":1,"61":1,"62":1,"63":1,"64":1,"65":1,"66":1,"67":1,"68":1,"69":1,"70":1,"71":1,"72":1,"73":0,"74":0,"75":0,"76":0,"77":0,"78":0,"79":0,"80":0,"81":0,"82":0,"83":0,"84":0,"85":0,"86":0,"87":0,"88":0,"89":0},"branchMap":{"0":{"type":"branch","line":6,"loc":{"start":{"line":6,"column":0},"end":{"line":9,"column":1}},"locations":[{"start":{"line":6,"column":0},"end":{"line":9,"column":1}}]},"1":{"type":"branch","line":7,"loc":{"start":{"line":7,"column":14},"end":{"line":7,"column":63}},"locations":[{"start":{"line":7,"column":14},"end":{"line":7,"column":63}}]},"2":{"type":"branch","line":14,"loc":{"start":{"line":14,"column":0},"end":{"line":20,"column":1}},"locations":[{"start":{"line":14,"column":0},"end":{"line":20,"column":1}}]},"3":{"type":"branch","line":16,"loc":{"start":{"line":16,"column":31},"end":{"line":19,"column":5}},"locations":[{"start":{"line":16,"column":31},"end":{"line":19,"column":5}}]},"4":{"type":"branch","line":22,"loc":{"start":{"line":22,"column":0},"end":{"line":24,"column":1}},"locations":[{"start":{"line":22,"column":0},"end":{"line":24,"column":1}}]},"5":{"type":"branch","line":35,"loc":{"start":{"line":35,"column":7},"end":{"line":43,"column":1}},"locations":[{"start":{"line":35,"column":7},"end":{"line":43,"column":1}}]},"6":{"type":"branch","line":40,"loc":{"start":{"line":40,"column":4},"end":{"line":42,"column":5}},"locations":[{"start":{"line":40,"column":4},"end":{"line":42,"column":5}}]},"7":{"type":"branch","line":45,"loc":{"start":{"line":45,"column":7},"end":{"line":47,"column":1}},"locations":[{"start":{"line":45,"column":7},"end":{"line":47,"column":1}}]},"8":{"type":"branch","line":51,"loc":{"start":{"line":51,"column":7},"end":{"line":53,"column":1}},"locations":[{"start":{"line":51,"column":7},"end":{"line":53,"column":1}}]},"9":{"type":"branch","line":54,"loc":{"start":{"line":54,"column":7},"end":{"line":56,"column":1}},"locations":[{"start":{"line":54,"column":7},"end":{"line":56,"column":1}}]},"10":{"type":"branch","line":57,"loc":{"start":{"line":57,"column":7},"end":{"line":59,"column":1}},"locations":[{"start":{"line":57,"column":7},"end":{"line":59,"column":1}}]}},"b":{"0":[20],"1":[0],"2":[14],"3":[0],"4":[14],"5":[14],"6":[0],"7":[8],"8":[2],"9":[1],"10":[3]},"fnMap":{"0":{"name":"dailyLogPath","decl":{"start":{"line":6,"column":0},"end":{"line":9,"column":1}},"loc":{"start":{"line":6,"column":0},"end":{"line":9,"column":1}},"line":6},"1":{"name":"rotateIfNeeded","decl":{"start":{"line":14,"column":0},"end":{"line":20,"column":1}},"loc":{"start":{"line":14,"column":0},"end":{"line":20,"column":1}},"line":14},"2":{"name":"ensureDir","decl":{"start":{"line":22,"column":0},"end":{"line":24,"column":1}},"loc":{"start":{"line":22,"column":0},"end":{"line":24,"column":1}},"line":22},"3":{"name":"logTrade","decl":{"start":{"line":35,"column":7},"end":{"line":43,"column":1}},"loc":{"start":{"line":35,"column":7},"end":{"line":43,"column":1}},"line":35},"4":{"name":"logSignal","decl":{"start":{"line":45,"column":7},"end":{"line":47,"column":1}},"loc":{"start":{"line":45,"column":7},"end":{"line":47,"column":1}},"line":45},"5":{"name":"logOrder","decl":{"start":{"line":48,"column":7},"end":{"line":50,"column":1}},"loc":{"start":{"line":48,"column":7},"end":{"line":50,"column":1}},"line":48},"6":{"name":"logExecution","decl":{"start":{"line":51,"column":7},"end":{"line":53,"column":1}},"loc":{"start":{"line":51,"column":7},"end":{"line":53,"column":1}},"line":51},"7":{"name":"logTradeError","decl":{"start":{"line":54,"column":7},"end":{"line":56,"column":1}},"loc":{"start":{"line":54,"column":7},"end":{"line":56,"column":1}},"line":54},"8":{"name":"logTradeInfo","decl":{"start":{"line":57,"column":7},"end":{"line":59,"column":1}},"loc":{"start":{"line":57,"column":7},"end":{"line":59,"column":1}},"line":57},"9":{"name":"generateDailyReport","decl":{"start":{"line":73,"column":7},"end":{"line":90,"column":1}},"loc":{"start":{"line":73,"column":7},"end":{"line":90,"column":1}},"line":73}},"f":{"0":20,"1":14,"2":14,"3":14,"4":8,"5":0,"6":2,"7":1,"8":3,"9":0}}
}
